# JRE version: OpenJDK Runtime Environment Temurin-17.0.7+7 (17.0.7+7) (build 17.0.7+7)
# Java VM: OpenJDK 64-Bit Server VM Temurin-17.0.7+7 (17.0.7+7, mixed mode, emulated-client, tiered, compressed oops, compressed class ptrs, g1 gc, windows-amd64)
GC Precious Log:
 CPUs: 12 total, 12 available
 Memory: 16160M
 Large Page Support: Disabled
 NUMA Support: Disabled
 Compressed Oops: Enabled (32-bit)
 Heap Region Size: 1M
 Heap Min Capacity: 8M
 Heap Initial Capacity: 254M
 Heap Max Capacity: 1G
 Pre-touch: Disabled
 Parallel Workers: 10
 Concurrent Workers: 3
 Concurrent Refinement Workers: 10
 Periodic GC: Disabled
Heap:
 garbage-first heap   total 260096K, used 94646K [0x00000000c0000000, 0x0000000100000000)
  region size 1024K, 9 young (9216K), 9 survivors (9216K)
 Metaspace       used 43100K, committed 43584K, reserved 1114112K
  class space    used 5489K, committed 5696K, reserved 1048576K
GC Heap History (20 events):
Event: 5.643 GC heap after
{Heap after GC invocations=16 (full 0):
 garbage-first heap   total 117760K, used 60037K [0x00000000c0000000, 0x0000000100000000)
  region size 1024K, 4 young (4096K), 4 survivors (4096K)
 Metaspace       used 40947K, committed 41344K, reserved 1114112K
  class space    used 5260K, committed 5440K, reserved 1048576K
}
Event: 5.660 GC heap before
{Heap before GC invocations=16 (full 0):
 garbage-first heap   total 117760K, used 61061K [0x00000000c0000000, 0x0000000100000000)
  region size 1024K, 5 young (5120K), 4 survivors (4096K)
 Metaspace       used 41076K, committed 41536K, reserved 1114112K
  class space    used 5265K, committed 5504K, reserved 1048576K
}
Event: 5.662 GC heap after
{Heap after GC invocations=17 (full 0):
 garbage-first heap   total 117760K, used 61138K [0x00000000c0000000, 0x0000000100000000)
  region size 1024K, 1 young (1024K), 1 survivors (1024K)
 Metaspace       used 41076K, committed 41536K, reserved 1114112K
  class space    used 5265K, committed 5504K, reserved 1048576K
}
Event: 5.730 GC heap before
{Heap before GC invocations=17 (full 0):
 garbage-first heap   total 117760K, used 70354K [0x00000000c0000000, 0x0000000100000000)
  region size 1024K, 12 young (12288K), 1 survivors (1024K)
 Metaspace       used 41451K, committed 41920K, reserved 1114112K
  class space    used 5300K, committed 5504K, reserved 1048576K
}
Event: 5.732 GC heap after
{Heap after GC invocations=18 (full 0):
 garbage-first heap   total 117760K, used 63488K [0x00000000c0000000, 0x0000000100000000)
  region size 1024K, 3 young (3072K), 3 survivors (3072K)
 Metaspace       used 41451K, committed 41920K, reserved 1114112K
  class space    used 5300K, committed 5504K, reserved 1048576K
}
Event: 5.839 GC heap before
{Heap before GC invocations=19 (full 0):
 garbage-first heap   total 117760K, used 89088K [0x00000000c0000000, 0x0000000100000000)
  region size 1024K, 27 young (27648K), 3 survivors (3072K)
 Metaspace       used 41957K, committed 42368K, reserved 1114112K
  class space    used 5368K, committed 5568K, reserved 1048576K
}
Event: 5.847 GC heap after
{Heap after GC invocations=20 (full 0):
 garbage-first heap   total 117760K, used 74462K [0x00000000c0000000, 0x0000000100000000)
  region size 1024K, 4 young (4096K), 4 survivors (4096K)
 Metaspace       used 41957K, committed 42368K, reserved 1114112K
  class space    used 5368K, committed 5568K, reserved 1048576K
}
Event: 5.852 GC heap before
{Heap before GC invocations=20 (full 0):
 garbage-first heap   total 117760K, used 75486K [0x00000000c0000000, 0x0000000100000000)
  region size 1024K, 5 young (5120K), 4 survivors (4096K)
 Metaspace       used 42024K, committed 42432K, reserved 1114112K
  class space    used 5374K, committed 5568K, reserved 1048576K
}
Event: 5.854 GC heap after
{Heap after GC invocations=21 (full 0):
 garbage-first heap   total 117760K, used 75664K [0x00000000c0000000, 0x0000000100000000)
  region size 1024K, 1 young (1024K), 1 survivors (1024K)
 Metaspace       used 42024K, committed 42432K, reserved 1114112K
  class space    used 5374K, committed 5568K, reserved 1048576K
}
Event: 5.905 GC heap before
{Heap before GC invocations=21 (full 0):
 garbage-first heap   total 117760K, used 90000K [0x00000000c0000000, 0x0000000100000000)
  region size 1024K, 16 young (16384K), 1 survivors (1024K)
 Metaspace       used 42642K, committed 43136K, reserved 1114112K
  class space    used 5446K, committed 5632K, reserved 1048576K
}
Event: 5.924 GC heap after
{Heap after GC invocations=22 (full 0):
 garbage-first heap   total 250880K, used 83457K [0x00000000c0000000, 0x0000000100000000)
  region size 1024K, 2 young (2048K), 2 survivors (2048K)
 Metaspace       used 42642K, committed 43136K, reserved 1114112K
  class space    used 5446K, committed 5632K, reserved 1048576K
}
Event: 5.974 GC heap before
{Heap before GC invocations=22 (full 0):
 garbage-first heap   total 250880K, used 148993K [0x00000000c0000000, 0x0000000100000000)
  region size 1024K, 69 young (70656K), 2 survivors (2048K)
 Metaspace       used 42977K, committed 43392K, reserved 1114112K
  class space    used 5469K, committed 5632K, reserved 1048576K
}
Event: 5.977 GC heap after
{Heap after GC invocations=23 (full 0):
 garbage-first heap   total 250880K, used 84185K [0x00000000c0000000, 0x0000000100000000)
  region size 1024K, 5 young (5120K), 5 survivors (5120K)
 Metaspace       used 42977K, committed 43392K, reserved 1114112K
  class space    used 5469K, committed 5632K, reserved 1048576K
}
Event: 6.007 GC heap before
{Heap before GC invocations=24 (full 0):
 garbage-first heap   total 250880K, used 173273K [0x00000000c0000000, 0x0000000100000000)
  region size 1024K, 93 young (95232K), 5 survivors (5120K)
 Metaspace       used 43032K, committed 43456K, reserved 1114112K
  class space    used 5480K, committed 5632K, reserved 1048576K
}
Event: 6.011 GC heap after
{Heap after GC invocations=25 (full 0):
 garbage-first heap   total 250880K, used 87780K [0x00000000c0000000, 0x0000000100000000)
  region size 1024K, 9 young (9216K), 9 survivors (9216K)
 Metaspace       used 43032K, committed 43456K, reserved 1114112K
  class space    used 5480K, committed 5632K, reserved 1048576K
}
Event: 6.013 GC heap before
{Heap before GC invocations=25 (full 0):
 garbage-first heap   total 250880K, used 89828K [0x00000000c0000000, 0x0000000100000000)
  region size 1024K, 12 young (12288K), 9 survivors (9216K)
 Metaspace       used 43039K, committed 43456K, reserved 1114112K
  class space    used 5483K, committed 5632K, reserved 1048576K
}
Event: 6.017 GC heap after
{Heap after GC invocations=26 (full 0):
 garbage-first heap   total 250880K, used 87428K [0x00000000c0000000, 0x0000000100000000)
  region size 1024K, 2 young (2048K), 2 survivors (2048K)
 Metaspace       used 43039K, committed 43456K, reserved 1114112K
  class space    used 5483K, committed 5632K, reserved 1048576K
}
Event: 6.036 GC heap before
{Heap before GC invocations=26 (full 0):
 garbage-first heap   total 250880K, used 182660K [0x00000000c0000000, 0x0000000100000000)
  region size 1024K, 96 young (98304K), 2 survivors (2048K)
 Metaspace       used 43067K, committed 43456K, reserved 1114112K
  class space    used 5487K, committed 5632K, reserved 1048576K
}
Event: 6.039 GC heap after
{Heap after GC invocations=27 (full 0):
 garbage-first heap   total 250880K, used 91110K [0x00000000c0000000, 0x0000000100000000)
  region size 1024K, 5 young (5120K), 5 survivors (5120K)
 Metaspace       used 43067K, committed 43456K, reserved 1114112K
  class space    used 5487K, committed 5632K, reserved 1048576K
}
Event: 6.060 GC heap before
{Heap before GC invocations=27 (full 0):
 garbage-first heap   total 250880K, used 188390K [0x00000000c0000000, 0x0000000100000000)
  region size 1024K, 101 young (103424K), 5 survivors (5120K)
 Metaspace       used 43100K, committed 43584K, reserved 1114112K
  class space    used 5489K, committed 5696K, reserved 1048576K
}

