# JRE version: Java(TM) SE Runtime Environment 18.9 (11.0.18+9) (build 11.0.18+9-LTS-195)
# Java VM: Java HotSpot(TM) 64-Bit Server VM 18.9 (11.0.18+9-LTS-195, mixed mode, tiered, compressed oops, g1 gc, windows-amd64)
Heap:
 garbage-first heap   total 315392K, used 57064K [0x0000000700c00000, 0x0000000800000000)
  region size 1024K, 37 young (37888K), 11 survivors (11264K)
 Metaspace       used 70476K, capacity 72568K, committed 72832K, reserved 1112064K
  class space    used 8948K, capacity 9768K, committed 9856K, reserved 1048576K
GC Heap History (10 events):
Event: 3.018 GC heap before
{Heap before GC invocations=5 (full 0):
 garbage-first heap   total 262144K, used 94707K [0x0000000700c00000, 0x0000000800000000)
  region size 1024K, 85 young (87040K), 4 survivors (4096K)
 Metaspace       used 33782K, capacity 34713K, committed 34816K, reserved 1079296K
  class space    used 3963K, capacity 4325K, committed 4352K, reserved 1048576K
}
Event: 3.024 GC heap after
{Heap after GC invocations=6 (full 0):
 garbage-first heap   total 262144K, used 15293K [0x0000000700c00000, 0x0000000800000000)
  region size 1024K, 7 young (7168K), 7 survivors (7168K)
 Metaspace       used 33782K, capacity 34713K, committed 34816K, reserved 1079296K
  class space    used 3963K, capacity 4325K, committed 4352K, reserved 1048576K
}
Event: 3.207 GC heap before
{Heap before GC invocations=6 (full 0):
 garbage-first heap   total 262144K, used 30653K [0x0000000700c00000, 0x0000000800000000)
  region size 1024K, 23 young (23552K), 7 survivors (7168K)
 Metaspace       used 34880K, capacity 35797K, committed 35840K, reserved 1081344K
  class space    used 4101K, capacity 4472K, committed 4480K, reserved 1048576K
}
Event: 3.215 GC heap after
{Heap after GC invocations=7 (full 0):
 garbage-first heap   total 262144K, used 15348K [0x0000000700c00000, 0x0000000800000000)
  region size 1024K, 7 young (7168K), 7 survivors (7168K)
 Metaspace       used 34880K, capacity 35797K, committed 35840K, reserved 1081344K
  class space    used 4101K, capacity 4472K, committed 4480K, reserved 1048576K
}
Event: 5.639 GC heap before
{Heap before GC invocations=8 (full 0):
 garbage-first heap   total 262144K, used 147444K [0x0000000700c00000, 0x0000000800000000)
  region size 1024K, 136 young (139264K), 7 survivors (7168K)
 Metaspace       used 46914K, capacity 48448K, committed 48640K, reserved 1091584K
  class space    used 5749K, capacity 6360K, committed 6400K, reserved 1048576K
}
Event: 5.649 GC heap after
{Heap after GC invocations=9 (full 0):
 garbage-first heap   total 262144K, used 21745K [0x0000000700c00000, 0x0000000800000000)
  region size 1024K, 14 young (14336K), 14 survivors (14336K)
 Metaspace       used 46914K, capacity 48448K, committed 48640K, reserved 1091584K
  class space    used 5749K, capacity 6360K, committed 6400K, reserved 1048576K
}
Event: 6.592 GC heap before
{Heap before GC invocations=9 (full 0):
 garbage-first heap   total 262144K, used 92401K [0x0000000700c00000, 0x0000000800000000)
  region size 1024K, 85 young (87040K), 14 survivors (14336K)
 Metaspace       used 58426K, capacity 60129K, committed 60160K, reserved 1101824K
  class space    used 7360K, capacity 8038K, committed 8064K, reserved 1048576K
}
Event: 6.606 GC heap after
{Heap after GC invocations=10 (full 0):
 garbage-first heap   total 262144K, used 26259K [0x0000000700c00000, 0x0000000800000000)
  region size 1024K, 15 young (15360K), 15 survivors (15360K)
 Metaspace       used 58426K, capacity 60129K, committed 60160K, reserved 1101824K
  class space    used 7360K, capacity 8038K, committed 8064K, reserved 1048576K
}
Event: 8.508 GC heap before
{Heap before GC invocations=11 (full 0):
 garbage-first heap   total 262144K, used 167571K [0x0000000700c00000, 0x0000000800000000)
  region size 1024K, 153 young (156672K), 15 survivors (15360K)
 Metaspace       used 70120K, capacity 72224K, committed 72320K, reserved 1112064K
  class space    used 8931K, capacity 9762K, committed 9856K, reserved 1048576K
}
Event: 8.529 GC heap after
{Heap after GC invocations=12 (full 0):
 garbage-first heap   total 315392K, used 31464K [0x0000000700c00000, 0x0000000800000000)
  region size 1024K, 11 young (11264K), 11 survivors (11264K)
 Metaspace       used 70120K, capacity 72224K, committed 72320K, reserved 1112064K
  class space    used 8931K, capacity 9762K, committed 9856K, reserved 1048576K
}

