# JRE version: OpenJDK Runtime Environment Temurin-17.0.7+7 (17.0.7+7) (build 17.0.7+7)
# Java VM: OpenJDK 64-Bit Server VM Temurin-17.0.7+7 (17.0.7+7, mixed mode, emulated-client, tiered, compressed oops, compressed class ptrs, g1 gc, windows-amd64)
GC Precious Log:
 CPUs: 12 total, 12 available
 Memory: 16334M
 Large Page Support: Disabled
 NUMA Support: Disabled
 Compressed Oops: Enabled (32-bit)
 Heap Region Size: 1M
 Heap Min Capacity: 8M
 Heap Initial Capacity: 256M
 Heap Max Capacity: 1G
 Pre-touch: Disabled
 Parallel Workers: 10
 Concurrent Workers: 3
 Concurrent Refinement Workers: 10
 Periodic GC: Disabled
Heap:
 garbage-first heap   total 375808K, used 142765K [0x00000000c0000000, 0x0000000100000000)
  region size 1024K, 3 young (3072K), 3 survivors (3072K)
 Metaspace       used 75928K, committed 76480K, reserved 1179648K
  class space    used 10423K, committed 10688K, reserved 1048576K
GC Heap History (20 events):
Event: 882.272 GC heap after
{Heap after GC invocations=277 (full 30):
 garbage-first heap   total 386048K, used 110489K [0x00000000c0000000, 0x0000000100000000)
  region size 1024K, 0 young (0K), 0 survivors (0K)
 Metaspace       used 75922K, committed 76480K, reserved 1179648K
  class space    used 10422K, committed 10688K, reserved 1048576K
}
Event: 892.437 GC heap before
{Heap before GC invocations=277 (full 30):
 garbage-first heap   total 386048K, used 110489K [0x00000000c0000000, 0x0000000100000000)
  region size 1024K, 1 young (1024K), 0 survivors (0K)
 Metaspace       used 75922K, committed 76480K, reserved 1179648K
  class space    used 10422K, committed 10688K, reserved 1048576K
}
Event: 892.490 GC heap after
{Heap after GC invocations=278 (full 31):
 garbage-first heap   total 378880K, used 110489K [0x00000000c0000000, 0x0000000100000000)
  region size 1024K, 0 young (0K), 0 survivors (0K)
 Metaspace       used 75922K, committed 76480K, reserved 1179648K
  class space    used 10422K, committed 10688K, reserved 1048576K
}
Event: 902.665 GC heap before
{Heap before GC invocations=278 (full 31):
 garbage-first heap   total 378880K, used 110489K [0x00000000c0000000, 0x0000000100000000)
  region size 1024K, 1 young (1024K), 0 survivors (0K)
 Metaspace       used 75922K, committed 76480K, reserved 1179648K
  class space    used 10422K, committed 10688K, reserved 1048576K
}
Event: 902.723 GC heap after
{Heap after GC invocations=279 (full 32):
 garbage-first heap   total 375808K, used 110489K [0x00000000c0000000, 0x0000000100000000)
  region size 1024K, 0 young (0K), 0 survivors (0K)
 Metaspace       used 75922K, committed 76480K, reserved 1179648K
  class space    used 10422K, committed 10688K, reserved 1048576K
}
Event: 942.909 GC heap before
{Heap before GC invocations=279 (full 32):
 garbage-first heap   total 375808K, used 150425K [0x00000000c0000000, 0x0000000100000000)
  region size 1024K, 41 young (41984K), 0 survivors (0K)
 Metaspace       used 75923K, committed 76480K, reserved 1179648K
  class space    used 10422K, committed 10688K, reserved 1048576K
}
Event: 942.981 GC heap after
{Heap after GC invocations=280 (full 33):
 garbage-first heap   total 375808K, used 109260K [0x00000000c0000000, 0x0000000100000000)
  region size 1024K, 0 young (0K), 0 survivors (0K)
 Metaspace       used 75923K, committed 76480K, reserved 1179648K
  class space    used 10422K, committed 10688K, reserved 1048576K
}
Event: 953.156 GC heap before
{Heap before GC invocations=280 (full 33):
 garbage-first heap   total 375808K, used 109260K [0x00000000c0000000, 0x0000000100000000)
  region size 1024K, 1 young (1024K), 0 survivors (0K)
 Metaspace       used 75923K, committed 76480K, reserved 1179648K
  class space    used 10422K, committed 10688K, reserved 1048576K
}
Event: 953.216 GC heap after
{Heap after GC invocations=281 (full 34):
 garbage-first heap   total 375808K, used 109260K [0x00000000c0000000, 0x0000000100000000)
  region size 1024K, 0 young (0K), 0 survivors (0K)
 Metaspace       used 75923K, committed 76480K, reserved 1179648K
  class space    used 10422K, committed 10688K, reserved 1048576K
}
Event: 976.388 GC heap before
{Heap before GC invocations=281 (full 34):
 garbage-first heap   total 375808K, used 238284K [0x00000000c0000000, 0x0000000100000000)
  region size 1024K, 128 young (131072K), 0 survivors (0K)
 Metaspace       used 75928K, committed 76480K, reserved 1179648K
  class space    used 10423K, committed 10688K, reserved 1048576K
}
Event: 976.391 GC heap after
{Heap after GC invocations=282 (full 34):
 garbage-first heap   total 375808K, used 114249K [0x00000000c0000000, 0x0000000100000000)
  region size 1024K, 5 young (5120K), 5 survivors (5120K)
 Metaspace       used 75928K, committed 76480K, reserved 1179648K
  class space    used 10423K, committed 10688K, reserved 1048576K
}
Event: 976.892 GC heap before
{Heap before GC invocations=283 (full 34):
 garbage-first heap   total 375808K, used 282185K [0x00000000c0000000, 0x0000000100000000)
  region size 1024K, 168 young (172032K), 5 survivors (5120K)
 Metaspace       used 75928K, committed 76480K, reserved 1179648K
  class space    used 10423K, committed 10688K, reserved 1048576K
}
Event: 976.911 GC heap after
{Heap after GC invocations=284 (full 34):
 garbage-first heap   total 375808K, used 146565K [0x00000000c0000000, 0x0000000100000000)
  region size 1024K, 21 young (21504K), 21 survivors (21504K)
 Metaspace       used 75928K, committed 76480K, reserved 1179648K
  class space    used 10423K, committed 10688K, reserved 1048576K
}
Event: 976.913 GC heap before
{Heap before GC invocations=284 (full 34):
 garbage-first heap   total 375808K, used 147589K [0x00000000c0000000, 0x0000000100000000)
  region size 1024K, 23 young (23552K), 21 survivors (21504K)
 Metaspace       used 75928K, committed 76480K, reserved 1179648K
  class space    used 10423K, committed 10688K, reserved 1048576K
}
Event: 976.922 GC heap after
{Heap after GC invocations=285 (full 34):
 garbage-first heap   total 375808K, used 149821K [0x00000000c0000000, 0x0000000100000000)
  region size 1024K, 2 young (2048K), 2 survivors (2048K)
 Metaspace       used 75928K, committed 76480K, reserved 1179648K
  class space    used 10423K, committed 10688K, reserved 1048576K
}
Event: 976.952 GC heap before
{Heap before GC invocations=285 (full 34):
 garbage-first heap   total 375808K, used 278845K [0x00000000c0000000, 0x0000000100000000)
  region size 1024K, 129 young (132096K), 2 survivors (2048K)
 Metaspace       used 75928K, committed 76480K, reserved 1179648K
  class space    used 10423K, committed 10688K, reserved 1048576K
}
Event: 976.957 GC heap after
{Heap after GC invocations=286 (full 34):
 garbage-first heap   total 375808K, used 153831K [0x00000000c0000000, 0x0000000100000000)
  region size 1024K, 6 young (6144K), 6 survivors (6144K)
 Metaspace       used 75928K, committed 76480K, reserved 1179648K
  class space    used 10423K, committed 10688K, reserved 1048576K
}
Event: 977.252 GC heap before
{Heap before GC invocations=287 (full 34):
 garbage-first heap   total 375808K, used 275260K [0x00000000c0000000, 0x0000000100000000)
  region size 1024K, 137 young (140288K), 6 survivors (6144K)
 Metaspace       used 75928K, committed 76480K, reserved 1179648K
  class space    used 10423K, committed 10688K, reserved 1048576K
}
Event: 977.268 GC heap after
{Heap after GC invocations=288 (full 34):
 garbage-first heap   total 375808K, used 162076K [0x00000000c0000000, 0x0000000100000000)
  region size 1024K, 18 young (18432K), 18 survivors (18432K)
 Metaspace       used 75928K, committed 76480K, reserved 1179648K
  class space    used 10423K, committed 10688K, reserved 1048576K
}
Event: 977.273 GC heap before
{Heap before GC invocations=288 (full 34):
 garbage-first heap   total 375808K, used 164124K [0x00000000c0000000, 0x0000000100000000)
  region size 1024K, 21 young (21504K), 18 survivors (18432K)
 Metaspace       used 75928K, committed 76480K, reserved 1179648K
  class space    used 10423K, committed 10688K, reserved 1048576K
}

