# JRE version: OpenJDK Runtime Environment Temurin-17.0.7+7 (17.0.7+7) (build 17.0.7+7)
# Java VM: OpenJDK 64-Bit Server VM Temurin-17.0.7+7 (17.0.7+7, mixed mode, emulated-client, tiered, compressed oops, compressed class ptrs, g1 gc, windows-amd64)
GC Precious Log:
 CPUs: 12 total, 12 available
 Memory: 16160M
 Large Page Support: Disabled
 NUMA Support: Disabled
 Compressed Oops: Enabled (32-bit)
 Heap Region Size: 1M
 Heap Min Capacity: 8M
 Heap Initial Capacity: 254M
 Heap Max Capacity: 1G
 Pre-touch: Disabled
 Parallel Workers: 10
 Concurrent Workers: 3
 Concurrent Refinement Workers: 10
 Periodic GC: Disabled
Heap:
 garbage-first heap   total 340992K, used 110404K [0x00000000c0000000, 0x0000000100000000)
  region size 1024K, 13 young (13312K), 13 survivors (13312K)
 Metaspace       used 44262K, committed 44736K, reserved 1114112K
  class space    used 5596K, committed 5824K, reserved 1048576K
GC Heap History (20 events):
Event: 4.124 GC heap after
{Heap after GC invocations=16 (full 0):
 garbage-first heap   total 113664K, used 55415K [0x00000000c0000000, 0x0000000100000000)
  region size 1024K, 6 young (6144K), 6 survivors (6144K)
 Metaspace       used 40625K, committed 41024K, reserved 1114112K
  class space    used 5305K, committed 5504K, reserved 1048576K
}
Event: 4.127 GC heap before
{Heap before GC invocations=16 (full 0):
 garbage-first heap   total 113664K, used 56439K [0x00000000c0000000, 0x0000000100000000)
  region size 1024K, 7 young (7168K), 6 survivors (6144K)
 Metaspace       used 40635K, committed 41024K, reserved 1114112K
  class space    used 5308K, committed 5504K, reserved 1048576K
}
Event: 4.130 GC heap after
{Heap after GC invocations=17 (full 0):
 garbage-first heap   total 113664K, used 56653K [0x00000000c0000000, 0x0000000100000000)
  region size 1024K, 1 young (1024K), 1 survivors (1024K)
 Metaspace       used 40635K, committed 41024K, reserved 1114112K
  class space    used 5308K, committed 5504K, reserved 1048576K
}
Event: 4.174 GC heap before
{Heap before GC invocations=17 (full 0):
 garbage-first heap   total 113664K, used 82253K [0x00000000c0000000, 0x0000000100000000)
  region size 1024K, 27 young (27648K), 1 survivors (1024K)
 Metaspace       used 41304K, committed 41728K, reserved 1114112K
  class space    used 5350K, committed 5568K, reserved 1048576K
}
Event: 4.176 GC heap after
{Heap after GC invocations=18 (full 0):
 garbage-first heap   total 113664K, used 61239K [0x00000000c0000000, 0x0000000100000000)
  region size 1024K, 4 young (4096K), 4 survivors (4096K)
 Metaspace       used 41304K, committed 41728K, reserved 1114112K
  class space    used 5350K, committed 5568K, reserved 1048576K
}
Event: 4.277 GC heap before
{Heap before GC invocations=19 (full 0):
 garbage-first heap   total 113664K, used 85815K [0x00000000c0000000, 0x0000000100000000)
  region size 1024K, 28 young (28672K), 4 survivors (4096K)
 Metaspace       used 42380K, committed 42816K, reserved 1114112K
  class space    used 5448K, committed 5632K, reserved 1048576K
}
Event: 4.283 GC heap after
{Heap after GC invocations=20 (full 0):
 garbage-first heap   total 113664K, used 70387K [0x00000000c0000000, 0x0000000100000000)
  region size 1024K, 4 young (4096K), 4 survivors (4096K)
 Metaspace       used 42380K, committed 42816K, reserved 1114112K
  class space    used 5448K, committed 5632K, reserved 1048576K
}
Event: 4.284 GC heap before
{Heap before GC invocations=20 (full 0):
 garbage-first heap   total 113664K, used 71411K [0x00000000c0000000, 0x0000000100000000)
  region size 1024K, 5 young (5120K), 4 survivors (4096K)
 Metaspace       used 42380K, committed 42816K, reserved 1114112K
  class space    used 5448K, committed 5632K, reserved 1048576K
}
Event: 4.287 GC heap after
{Heap after GC invocations=21 (full 0):
 garbage-first heap   total 113664K, used 71028K [0x00000000c0000000, 0x0000000100000000)
  region size 1024K, 1 young (1024K), 1 survivors (1024K)
 Metaspace       used 42380K, committed 42816K, reserved 1114112K
  class space    used 5448K, committed 5632K, reserved 1048576K
}
Event: 4.324 GC heap before
{Heap before GC invocations=21 (full 0):
 garbage-first heap   total 113664K, used 88436K [0x00000000c0000000, 0x0000000100000000)
  region size 1024K, 17 young (17408K), 1 survivors (1024K)
 Metaspace       used 42502K, committed 43008K, reserved 1114112K
  class space    used 5470K, committed 5696K, reserved 1048576K
}
Event: 4.329 GC heap after
{Heap after GC invocations=22 (full 0):
 garbage-first heap   total 340992K, used 78092K [0x00000000c0000000, 0x0000000100000000)
  region size 1024K, 3 young (3072K), 3 survivors (3072K)
 Metaspace       used 42502K, committed 43008K, reserved 1114112K
  class space    used 5470K, committed 5696K, reserved 1048576K
}
Event: 4.425 GC heap before
{Heap before GC invocations=23 (full 0):
 garbage-first heap   total 321536K, used 226572K [0x00000000c0000000, 0x0000000100000000)
  region size 1024K, 149 young (152576K), 3 survivors (3072K)
 Metaspace       used 42887K, committed 43392K, reserved 1114112K
  class space    used 5505K, committed 5696K, reserved 1048576K
}
Event: 4.442 GC heap after
{Heap after GC invocations=24 (full 0):
 garbage-first heap   total 321536K, used 94476K [0x00000000c0000000, 0x0000000100000000)
  region size 1024K, 19 young (19456K), 19 survivors (19456K)
 Metaspace       used 42887K, committed 43392K, reserved 1114112K
  class space    used 5505K, committed 5696K, reserved 1048576K
}
Event: 4.444 GC heap before
{Heap before GC invocations=24 (full 0):
 garbage-first heap   total 321536K, used 95500K [0x00000000c0000000, 0x0000000100000000)
  region size 1024K, 21 young (21504K), 19 survivors (19456K)
 Metaspace       used 42903K, committed 43392K, reserved 1114112K
  class space    used 5505K, committed 5696K, reserved 1048576K
}
Event: 4.459 GC heap after
{Heap after GC invocations=25 (full 0):
 garbage-first heap   total 321536K, used 94466K [0x00000000c0000000, 0x0000000100000000)
  region size 1024K, 2 young (2048K), 2 survivors (2048K)
 Metaspace       used 42903K, committed 43392K, reserved 1114112K
  class space    used 5505K, committed 5696K, reserved 1048576K
}
Event: 4.492 GC heap before
{Heap before GC invocations=25 (full 0):
 garbage-first heap   total 321536K, used 232706K [0x00000000c0000000, 0x0000000100000000)
  region size 1024K, 138 young (141312K), 2 survivors (2048K)
 Metaspace       used 43347K, committed 43776K, reserved 1114112K
  class space    used 5531K, committed 5696K, reserved 1048576K
}
Event: 4.495 GC heap after
{Heap after GC invocations=26 (full 0):
 garbage-first heap   total 321536K, used 98425K [0x00000000c0000000, 0x0000000100000000)
  region size 1024K, 6 young (6144K), 6 survivors (6144K)
 Metaspace       used 43347K, committed 43776K, reserved 1114112K
  class space    used 5531K, committed 5696K, reserved 1048576K
}
Event: 4.541 GC heap before
{Heap before GC invocations=26 (full 0):
 garbage-first heap   total 321536K, used 238713K [0x00000000c0000000, 0x0000000100000000)
  region size 1024K, 144 young (147456K), 6 survivors (6144K)
 Metaspace       used 43926K, committed 44416K, reserved 1114112K
  class space    used 5560K, committed 5760K, reserved 1048576K
}
Event: 4.545 GC heap after
{Heap after GC invocations=27 (full 0):
 garbage-first heap   total 321536K, used 104573K [0x00000000c0000000, 0x0000000100000000)
  region size 1024K, 12 young (12288K), 12 survivors (12288K)
 Metaspace       used 43926K, committed 44416K, reserved 1114112K
  class space    used 5560K, committed 5760K, reserved 1048576K
}
Event: 4.620 GC heap before
{Heap before GC invocations=27 (full 0):
 garbage-first heap   total 321536K, used 245885K [0x00000000c0000000, 0x0000000100000000)
  region size 1024K, 151 young (154624K), 12 survivors (12288K)
 Metaspace       used 44262K, committed 44736K, reserved 1114112K
  class space    used 5596K, committed 5824K, reserved 1048576K
}

