# JRE version: OpenJDK Runtime Environment Temurin-17.0.7+7 (17.0.7+7) (build 17.0.7+7)
# Java VM: OpenJDK 64-Bit Server VM Temurin-17.0.7+7 (17.0.7+7, mixed mode, emulated-client, tiered, compressed oops, compressed class ptrs, g1 gc, windows-amd64)
GC Precious Log:
 CPUs: 12 total, 12 available
 Memory: 16160M
 Large Page Support: Disabled
 NUMA Support: Disabled
 Compressed Oops: Enabled (32-bit)
 Heap Region Size: 1M
 Heap Min Capacity: 8M
 Heap Initial Capacity: 254M
 Heap Max Capacity: 1G
 Pre-touch: Disabled
 Parallel Workers: 10
 Concurrent Workers: 3
 Concurrent Refinement Workers: 10
 Periodic GC: Disabled
Heap:
 garbage-first heap   total 211968K, used 61018K [0x00000000c0000000, 0x0000000100000000)
  region size 1024K, 2 young (2048K), 0 survivors (0K)
 Metaspace       used 75257K, committed 75776K, reserved 1179648K
  class space    used 10277K, committed 10496K, reserved 1048576K
GC Heap History (20 events):
Event: 90.056 GC heap before
{Heap before GC invocations=97 (full 4):
 garbage-first heap   total 389120K, used 261365K [0x00000000c0000000, 0x0000000100000000)
  region size 1024K, 159 young (162816K), 8 survivors (8192K)
 Metaspace       used 75257K, committed 75776K, reserved 1179648K
  class space    used 10277K, committed 10496K, reserved 1048576K
}
Event: 90.061 GC heap after
{Heap after GC invocations=98 (full 4):
 garbage-first heap   total 389120K, used 115189K [0x00000000c0000000, 0x0000000100000000)
  region size 1024K, 16 young (16384K), 16 survivors (16384K)
 Metaspace       used 75257K, committed 75776K, reserved 1179648K
  class space    used 10277K, committed 10496K, reserved 1048576K
}
Event: 90.081 GC heap before
{Heap before GC invocations=98 (full 4):
 garbage-first heap   total 389120K, used 272885K [0x00000000c0000000, 0x0000000100000000)
  region size 1024K, 171 young (175104K), 16 survivors (16384K)
 Metaspace       used 75257K, committed 75776K, reserved 1179648K
  class space    used 10277K, committed 10496K, reserved 1048576K
}
Event: 90.090 GC heap after
{Heap after GC invocations=99 (full 4):
 garbage-first heap   total 625664K, used 123570K [0x00000000c0000000, 0x0000000100000000)
  region size 1024K, 16 young (16384K), 16 survivors (16384K)
 Metaspace       used 75257K, committed 75776K, reserved 1179648K
  class space    used 10277K, committed 10496K, reserved 1048576K
}
Event: 90.191 GC heap before
{Heap before GC invocations=100 (full 4):
 garbage-first heap   total 625664K, used 428722K [0x00000000c0000000, 0x0000000100000000)
  region size 1024K, 315 young (322560K), 16 survivors (16384K)
 Metaspace       used 75257K, committed 75776K, reserved 1179648K
  class space    used 10277K, committed 10496K, reserved 1048576K
}
Event: 90.200 GC heap after
{Heap after GC invocations=101 (full 4):
 garbage-first heap   total 625664K, used 138775K [0x00000000c0000000, 0x0000000100000000)
  region size 1024K, 31 young (31744K), 31 survivors (31744K)
 Metaspace       used 75257K, committed 75776K, reserved 1179648K
  class space    used 10277K, committed 10496K, reserved 1048576K
}
Event: 90.202 GC heap before
{Heap before GC invocations=101 (full 4):
 garbage-first heap   total 625664K, used 144919K [0x00000000c0000000, 0x0000000100000000)
  region size 1024K, 38 young (38912K), 31 survivors (31744K)
 Metaspace       used 75257K, committed 75776K, reserved 1179648K
  class space    used 10277K, committed 10496K, reserved 1048576K
}
Event: 90.211 GC heap after
{Heap after GC invocations=102 (full 4):
 garbage-first heap   total 625664K, used 139786K [0x00000000c0000000, 0x0000000100000000)
  region size 1024K, 5 young (5120K), 5 survivors (5120K)
 Metaspace       used 75257K, committed 75776K, reserved 1179648K
  class space    used 10277K, committed 10496K, reserved 1048576K
}
Event: 90.254 GC heap before
{Heap before GC invocations=102 (full 4):
 garbage-first heap   total 625664K, used 449034K [0x00000000c0000000, 0x0000000100000000)
  region size 1024K, 308 young (315392K), 5 survivors (5120K)
 Metaspace       used 75257K, committed 75776K, reserved 1179648K
  class space    used 10277K, committed 10496K, reserved 1048576K
}
Event: 90.261 GC heap after
{Heap after GC invocations=103 (full 4):
 garbage-first heap   total 625664K, used 151864K [0x00000000c0000000, 0x0000000100000000)
  region size 1024K, 17 young (17408K), 17 survivors (17408K)
 Metaspace       used 75257K, committed 75776K, reserved 1179648K
  class space    used 10277K, committed 10496K, reserved 1048576K
}
Event: 90.269 GC heap before
{Heap before GC invocations=103 (full 4):
 garbage-first heap   total 625664K, used 223544K [0x00000000c0000000, 0x0000000100000000)
  region size 1024K, 89 young (91136K), 17 survivors (17408K)
 Metaspace       used 75257K, committed 75776K, reserved 1179648K
  class space    used 10277K, committed 10496K, reserved 1048576K
}
Event: 90.275 GC heap after
{Heap after GC invocations=104 (full 4):
 garbage-first heap   total 625664K, used 156170K [0x00000000c0000000, 0x0000000100000000)
  region size 1024K, 21 young (21504K), 21 survivors (21504K)
 Metaspace       used 75257K, committed 75776K, reserved 1179648K
  class space    used 10277K, committed 10496K, reserved 1048576K
}
Event: 90.323 GC heap before
{Heap before GC invocations=104 (full 4):
 garbage-first heap   total 625664K, used 473610K [0x00000000c0000000, 0x0000000100000000)
  region size 1024K, 331 young (338944K), 21 survivors (21504K)
 Metaspace       used 75257K, committed 75776K, reserved 1179648K
  class space    used 10277K, committed 10496K, reserved 1048576K
}
Event: 90.334 GC heap after
{Heap after GC invocations=105 (full 4):
 garbage-first heap   total 795648K, used 173578K [0x00000000c0000000, 0x0000000100000000)
  region size 1024K, 37 young (37888K), 37 survivors (37888K)
 Metaspace       used 75257K, committed 75776K, reserved 1179648K
  class space    used 10277K, committed 10496K, reserved 1048576K
}
Event: 91.435 GC heap before
{Heap before GC invocations=106 (full 4):
 garbage-first heap   total 795648K, used 610826K [0x00000000c0000000, 0x0000000100000000)
  region size 1024K, 457 young (467968K), 37 survivors (37888K)
 Metaspace       used 75257K, committed 75776K, reserved 1179648K
  class space    used 10277K, committed 10496K, reserved 1048576K
}
Event: 91.462 GC heap after
{Heap after GC invocations=107 (full 4):
 garbage-first heap   total 795648K, used 220754K [0x00000000c0000000, 0x0000000100000000)
  region size 1024K, 58 young (59392K), 58 survivors (59392K)
 Metaspace       used 75257K, committed 75776K, reserved 1179648K
  class space    used 10277K, committed 10496K, reserved 1048576K
}
Event: 91.482 GC heap before
{Heap before GC invocations=107 (full 4):
 garbage-first heap   total 795648K, used 226898K [0x00000000c0000000, 0x0000000100000000)
  region size 1024K, 65 young (66560K), 58 survivors (59392K)
 Metaspace       used 75257K, committed 75776K, reserved 1179648K
  class space    used 10277K, committed 10496K, reserved 1048576K
}
Event: 91.501 GC heap after
{Heap after GC invocations=108 (full 4):
 garbage-first heap   total 795648K, used 224795K [0x00000000c0000000, 0x0000000100000000)
  region size 1024K, 5 young (5120K), 5 survivors (5120K)
 Metaspace       used 75257K, committed 75776K, reserved 1179648K
  class space    used 10277K, committed 10496K, reserved 1048576K
}
Event: 125.427 GC heap before
{Heap before GC invocations=108 (full 4):
 garbage-first heap   total 795648K, used 435739K [0x00000000c0000000, 0x0000000100000000)
  region size 1024K, 210 young (215040K), 5 survivors (5120K)
 Metaspace       used 75257K, committed 75776K, reserved 1179648K
  class space    used 10277K, committed 10496K, reserved 1048576K
}
Event: 125.469 GC heap after
{Heap after GC invocations=109 (full 5):
 garbage-first heap   total 211968K, used 59994K [0x00000000c0000000, 0x0000000100000000)
  region size 1024K, 0 young (0K), 0 survivors (0K)
 Metaspace       used 75257K, committed 75776K, reserved 1179648K
  class space    used 10277K, committed 10496K, reserved 1048576K
}

