# JRE version: OpenJDK Runtime Environment Temurin-17.0.7+7 (17.0.7+7) (build 17.0.7+7)
# Java VM: OpenJDK 64-Bit Server VM Temurin-17.0.7+7 (17.0.7+7, mixed mode, tiered, compressed oops, compressed class ptrs, parallel gc, windows-amd64)
GC Precious Log:
 CPUs: 12 total, 12 available
 Memory: 16160M
 Large Page Support: Disabled
 NUMA Support: Disabled
 Compressed Oops: Enabled (32-bit)
 Alignments: Space 512K, Generation 512K, Heap 2M
 Heap Min Capacity: 100M
 Heap Initial Capacity: 100M
 Heap Max Capacity: 1G
 Pre-touch: Disabled
 Parallel Workers: 10
Heap:
 PSYoungGen      total 7168K, used 4134K [0x00000000eab00000, 0x00000000eb680000, 0x0000000100000000)
  eden space 6656K, 54% used [0x00000000eab00000,0x00000000eae8c8b0,0x00000000eb180000)
  from space 512K, 97% used [0x00000000eb600000,0x00000000eb67d200,0x00000000eb680000)
  to   space 1024K, 0% used [0x00000000eb480000,0x00000000eb480000,0x00000000eb580000)
 ParOldGen       total 172544K, used 171734K [0x00000000c0000000, 0x00000000ca880000, 0x00000000eab00000)
  object space 172544K, 99% used [0x00000000c0000000,0x00000000ca7b58f8,0x00000000ca880000)
 Metaspace       used 88458K, committed 89728K, reserved 1179648K
  class space    used 9013K, committed 9600K, reserved 1048576K
GC Heap History (20 events):
Event: 100.666 GC heap before
{Heap before GC invocations=722 (full 15):
 PSYoungGen      total 7168K, used 7168K [0x00000000eab00000, 0x00000000eb800000, 0x0000000100000000)
  eden space 6656K, 100% used [0x00000000eab00000,0x00000000eb180000,0x00000000eb180000)
  from space 512K, 100% used [0x00000000eb780000,0x00000000eb800000,0x00000000eb800000)
  to   space 1536K, 0% used [0x00000000eb500000,0x00000000eb500000,0x00000000eb680000)
 ParOldGen       total 172544K, used 166759K [0x00000000c0000000, 0x00000000ca880000, 0x00000000eab00000)
  object space 172544K, 96% used [0x00000000c0000000,0x00000000ca2d9d20,0x00000000ca880000)
 Metaspace       used 88356K, committed 89664K, reserved 1179648K
  class space    used 9003K, committed 9600K, reserved 1048576K
}
Event: 100.666 GC heap after
{Heap after GC invocations=722 (full 15):
 PSYoungGen      total 8192K, used 756K [0x00000000eab00000, 0x00000000eb800000, 0x0000000100000000)
  eden space 6656K, 0% used [0x00000000eab00000,0x00000000eab00000,0x00000000eb180000)
  from space 1536K, 49% used [0x00000000eb500000,0x00000000eb5bd200,0x00000000eb680000)
  to   space 1024K, 0% used [0x00000000eb700000,0x00000000eb700000,0x00000000eb800000)
 ParOldGen       total 172544K, used 167255K [0x00000000c0000000, 0x00000000ca880000, 0x00000000eab00000)
  object space 172544K, 96% used [0x00000000c0000000,0x00000000ca355d30,0x00000000ca880000)
 Metaspace       used 88356K, committed 89664K, reserved 1179648K
  class space    used 9003K, committed 9600K, reserved 1048576K
}
Event: 100.677 GC heap before
{Heap before GC invocations=723 (full 15):
 PSYoungGen      total 8192K, used 7412K [0x00000000eab00000, 0x00000000eb800000, 0x0000000100000000)
  eden space 6656K, 100% used [0x00000000eab00000,0x00000000eb180000,0x00000000eb180000)
  from space 1536K, 49% used [0x00000000eb500000,0x00000000eb5bd200,0x00000000eb680000)
  to   space 1024K, 0% used [0x00000000eb700000,0x00000000eb700000,0x00000000eb800000)
 ParOldGen       total 172544K, used 167255K [0x00000000c0000000, 0x00000000ca880000, 0x00000000eab00000)
  object space 172544K, 96% used [0x00000000c0000000,0x00000000ca355d30,0x00000000ca880000)
 Metaspace       used 88387K, committed 89664K, reserved 1179648K
  class space    used 9009K, committed 9600K, reserved 1048576K
}
Event: 100.678 GC heap after
{Heap after GC invocations=723 (full 15):
 PSYoungGen      total 7680K, used 788K [0x00000000eab00000, 0x00000000eb800000, 0x0000000100000000)
  eden space 6656K, 0% used [0x00000000eab00000,0x00000000eab00000,0x00000000eb180000)
  from space 1024K, 77% used [0x00000000eb700000,0x00000000eb7c5200,0x00000000eb800000)
  to   space 1024K, 0% used [0x00000000eb600000,0x00000000eb600000,0x00000000eb700000)
 ParOldGen       total 172544K, used 167860K [0x00000000c0000000, 0x00000000ca880000, 0x00000000eab00000)
  object space 172544K, 97% used [0x00000000c0000000,0x00000000ca3ed308,0x00000000ca880000)
 Metaspace       used 88387K, committed 89664K, reserved 1179648K
  class space    used 9009K, committed 9600K, reserved 1048576K
}
Event: 100.693 GC heap before
{Heap before GC invocations=724 (full 15):
 PSYoungGen      total 7680K, used 7444K [0x00000000eab00000, 0x00000000eb800000, 0x0000000100000000)
  eden space 6656K, 100% used [0x00000000eab00000,0x00000000eb180000,0x00000000eb180000)
  from space 1024K, 77% used [0x00000000eb700000,0x00000000eb7c5200,0x00000000eb800000)
  to   space 1024K, 0% used [0x00000000eb600000,0x00000000eb600000,0x00000000eb700000)
 ParOldGen       total 172544K, used 167860K [0x00000000c0000000, 0x00000000ca880000, 0x00000000eab00000)
  object space 172544K, 97% used [0x00000000c0000000,0x00000000ca3ed308,0x00000000ca880000)
 Metaspace       used 88387K, committed 89664K, reserved 1179648K
  class space    used 9009K, committed 9600K, reserved 1048576K
}
Event: 100.694 GC heap after
{Heap after GC invocations=724 (full 15):
 PSYoungGen      total 7680K, used 762K [0x00000000eab00000, 0x00000000eb780000, 0x0000000100000000)
  eden space 6656K, 0% used [0x00000000eab00000,0x00000000eab00000,0x00000000eb180000)
  from space 1024K, 74% used [0x00000000eb600000,0x00000000eb6be900,0x00000000eb700000)
  to   space 512K, 0% used [0x00000000eb700000,0x00000000eb700000,0x00000000eb780000)
 ParOldGen       total 172544K, used 168555K [0x00000000c0000000, 0x00000000ca880000, 0x00000000eab00000)
  object space 172544K, 97% used [0x00000000c0000000,0x00000000ca49ac98,0x00000000ca880000)
 Metaspace       used 88387K, committed 89664K, reserved 1179648K
  class space    used 9009K, committed 9600K, reserved 1048576K
}
Event: 100.701 GC heap before
{Heap before GC invocations=725 (full 15):
 PSYoungGen      total 7680K, used 7418K [0x00000000eab00000, 0x00000000eb780000, 0x0000000100000000)
  eden space 6656K, 100% used [0x00000000eab00000,0x00000000eb180000,0x00000000eb180000)
  from space 1024K, 74% used [0x00000000eb600000,0x00000000eb6be900,0x00000000eb700000)
  to   space 512K, 0% used [0x00000000eb700000,0x00000000eb700000,0x00000000eb780000)
 ParOldGen       total 172544K, used 168555K [0x00000000c0000000, 0x00000000ca880000, 0x00000000eab00000)
  object space 172544K, 97% used [0x00000000c0000000,0x00000000ca49ac98,0x00000000ca880000)
 Metaspace       used 88406K, committed 89664K, reserved 1179648K
  class space    used 9009K, committed 9600K, reserved 1048576K
}
Event: 100.702 GC heap after
{Heap after GC invocations=725 (full 15):
 PSYoungGen      total 7168K, used 512K [0x00000000eab00000, 0x00000000eb780000, 0x0000000100000000)
  eden space 6656K, 0% used [0x00000000eab00000,0x00000000eab00000,0x00000000eb180000)
  from space 512K, 100% used [0x00000000eb700000,0x00000000eb780000,0x00000000eb780000)
  to   space 1536K, 0% used [0x00000000eb480000,0x00000000eb480000,0x00000000eb600000)
 ParOldGen       total 172544K, used 169232K [0x00000000c0000000, 0x00000000ca880000, 0x00000000eab00000)
  object space 172544K, 98% used [0x00000000c0000000,0x00000000ca544290,0x00000000ca880000)
 Metaspace       used 88406K, committed 89664K, reserved 1179648K
  class space    used 9009K, committed 9600K, reserved 1048576K
}
Event: 100.717 GC heap before
{Heap before GC invocations=726 (full 15):
 PSYoungGen      total 7168K, used 7167K [0x00000000eab00000, 0x00000000eb780000, 0x0000000100000000)
  eden space 6656K, 99% used [0x00000000eab00000,0x00000000eb17fff8,0x00000000eb180000)
  from space 512K, 100% used [0x00000000eb700000,0x00000000eb780000,0x00000000eb780000)
  to   space 1536K, 0% used [0x00000000eb480000,0x00000000eb480000,0x00000000eb600000)
 ParOldGen       total 172544K, used 169232K [0x00000000c0000000, 0x00000000ca880000, 0x00000000eab00000)
  object space 172544K, 98% used [0x00000000c0000000,0x00000000ca544290,0x00000000ca880000)
 Metaspace       used 88411K, committed 89664K, reserved 1179648K
  class space    used 9010K, committed 9600K, reserved 1048576K
}
Event: 100.718 GC heap after
{Heap after GC invocations=726 (full 15):
 PSYoungGen      total 8192K, used 912K [0x00000000eab00000, 0x00000000eb780000, 0x0000000100000000)
  eden space 6656K, 0% used [0x00000000eab00000,0x00000000eab00000,0x00000000eb180000)
  from space 1536K, 59% used [0x00000000eb480000,0x00000000eb564010,0x00000000eb600000)
  to   space 1024K, 0% used [0x00000000eb680000,0x00000000eb680000,0x00000000eb780000)
 ParOldGen       total 172544K, used 169720K [0x00000000c0000000, 0x00000000ca880000, 0x00000000eab00000)
  object space 172544K, 98% used [0x00000000c0000000,0x00000000ca5be2d0,0x00000000ca880000)
 Metaspace       used 88411K, committed 89664K, reserved 1179648K
  class space    used 9010K, committed 9600K, reserved 1048576K
}
Event: 100.829 GC heap before
{Heap before GC invocations=727 (full 15):
 PSYoungGen      total 8192K, used 7568K [0x00000000eab00000, 0x00000000eb780000, 0x0000000100000000)
  eden space 6656K, 100% used [0x00000000eab00000,0x00000000eb180000,0x00000000eb180000)
  from space 1536K, 59% used [0x00000000eb480000,0x00000000eb564010,0x00000000eb600000)
  to   space 1024K, 0% used [0x00000000eb680000,0x00000000eb680000,0x00000000eb780000)
 ParOldGen       total 172544K, used 169720K [0x00000000c0000000, 0x00000000ca880000, 0x00000000eab00000)
  object space 172544K, 98% used [0x00000000c0000000,0x00000000ca5be2d0,0x00000000ca880000)
 Metaspace       used 88415K, committed 89664K, reserved 1179648K
  class space    used 9010K, committed 9600K, reserved 1048576K
}
Event: 100.830 GC heap after
{Heap after GC invocations=727 (full 15):
 PSYoungGen      total 7168K, used 384K [0x00000000eab00000, 0x00000000eb700000, 0x0000000100000000)
  eden space 6656K, 0% used [0x00000000eab00000,0x00000000eab00000,0x00000000eb180000)
  from space 512K, 75% used [0x00000000eb680000,0x00000000eb6e0000,0x00000000eb700000)
  to   space 1024K, 0% used [0x00000000eb500000,0x00000000eb500000,0x00000000eb600000)
 ParOldGen       total 172544K, used 170472K [0x00000000c0000000, 0x00000000ca880000, 0x00000000eab00000)
  object space 172544K, 98% used [0x00000000c0000000,0x00000000ca67a2f0,0x00000000ca880000)
 Metaspace       used 88415K, committed 89664K, reserved 1179648K
  class space    used 9010K, committed 9600K, reserved 1048576K
}
Event: 100.847 GC heap before
{Heap before GC invocations=728 (full 15):
 PSYoungGen      total 7168K, used 7040K [0x00000000eab00000, 0x00000000eb700000, 0x0000000100000000)
  eden space 6656K, 100% used [0x00000000eab00000,0x00000000eb180000,0x00000000eb180000)
  from space 512K, 75% used [0x00000000eb680000,0x00000000eb6e0000,0x00000000eb700000)
  to   space 1024K, 0% used [0x00000000eb500000,0x00000000eb500000,0x00000000eb600000)
 ParOldGen       total 172544K, used 170472K [0x00000000c0000000, 0x00000000ca880000, 0x00000000eab00000)
  object space 172544K, 98% used [0x00000000c0000000,0x00000000ca67a2f0,0x00000000ca880000)
 Metaspace       used 88416K, committed 89664K, reserved 1179648K
  class space    used 9010K, committed 9600K, reserved 1048576K
}
Event: 100.849 GC heap after
{Heap after GC invocations=728 (full 15):
 PSYoungGen      total 7680K, used 506K [0x00000000eab00000, 0x00000000eb700000, 0x0000000100000000)
  eden space 6656K, 0% used [0x00000000eab00000,0x00000000eab00000,0x00000000eb180000)
  from space 1024K, 49% used [0x00000000eb500000,0x00000000eb57e900,0x00000000eb600000)
  to   space 1024K, 0% used [0x00000000eb600000,0x00000000eb600000,0x00000000eb700000)
 ParOldGen       total 172544K, used 170680K [0x00000000c0000000, 0x00000000ca880000, 0x00000000eab00000)
  object space 172544K, 98% used [0x00000000c0000000,0x00000000ca6ae300,0x00000000ca880000)
 Metaspace       used 88416K, committed 89664K, reserved 1179648K
  class space    used 9010K, committed 9600K, reserved 1048576K
}
Event: 100.929 GC heap before
{Heap before GC invocations=729 (full 15):
 PSYoungGen      total 7680K, used 7162K [0x00000000eab00000, 0x00000000eb700000, 0x0000000100000000)
  eden space 6656K, 100% used [0x00000000eab00000,0x00000000eb180000,0x00000000eb180000)
  from space 1024K, 49% used [0x00000000eb500000,0x00000000eb57e900,0x00000000eb600000)
  to   space 1024K, 0% used [0x00000000eb600000,0x00000000eb600000,0x00000000eb700000)
 ParOldGen       total 172544K, used 170680K [0x00000000c0000000, 0x00000000ca880000, 0x00000000eab00000)
  object space 172544K, 98% used [0x00000000c0000000,0x00000000ca6ae300,0x00000000ca880000)
 Metaspace       used 88425K, committed 89728K, reserved 1179648K
  class space    used 9010K, committed 9600K, reserved 1048576K
}
Event: 100.930 GC heap after
{Heap after GC invocations=729 (full 15):
 PSYoungGen      total 7680K, used 736K [0x00000000eab00000, 0x00000000eb700000, 0x0000000100000000)
  eden space 6656K, 0% used [0x00000000eab00000,0x00000000eab00000,0x00000000eb180000)
  from space 1024K, 71% used [0x00000000eb600000,0x00000000eb6b8000,0x00000000eb700000)
  to   space 1024K, 0% used [0x00000000eb500000,0x00000000eb500000,0x00000000eb600000)
 ParOldGen       total 172544K, used 171078K [0x00000000c0000000, 0x00000000ca880000, 0x00000000eab00000)
  object space 172544K, 99% used [0x00000000c0000000,0x00000000ca7118d8,0x00000000ca880000)
 Metaspace       used 88425K, committed 89728K, reserved 1179648K
  class space    used 9010K, committed 9600K, reserved 1048576K
}
Event: 183.022 GC heap before
{Heap before GC invocations=730 (full 15):
 PSYoungGen      total 7680K, used 7392K [0x00000000eab00000, 0x00000000eb700000, 0x0000000100000000)
  eden space 6656K, 100% used [0x00000000eab00000,0x00000000eb180000,0x00000000eb180000)
  from space 1024K, 71% used [0x00000000eb600000,0x00000000eb6b8000,0x00000000eb700000)
  to   space 1024K, 0% used [0x00000000eb500000,0x00000000eb500000,0x00000000eb600000)
 ParOldGen       total 172544K, used 171078K [0x00000000c0000000, 0x00000000ca880000, 0x00000000eab00000)
  object space 172544K, 99% used [0x00000000c0000000,0x00000000ca7118d8,0x00000000ca880000)
 Metaspace       used 88452K, committed 89728K, reserved 1179648K
  class space    used 9013K, committed 9600K, reserved 1048576K
}
Event: 183.024 GC heap after
{Heap after GC invocations=730 (full 15):
 PSYoungGen      total 7680K, used 692K [0x00000000eab00000, 0x00000000eb680000, 0x0000000100000000)
  eden space 6656K, 0% used [0x00000000eab00000,0x00000000eab00000,0x00000000eb180000)
  from space 1024K, 67% used [0x00000000eb500000,0x00000000eb5ad200,0x00000000eb600000)
  to   space 512K, 0% used [0x00000000eb600000,0x00000000eb600000,0x00000000eb680000)
 ParOldGen       total 172544K, used 171638K [0x00000000c0000000, 0x00000000ca880000, 0x00000000eab00000)
  object space 172544K, 99% used [0x00000000c0000000,0x00000000ca79d8f8,0x00000000ca880000)
 Metaspace       used 88452K, committed 89728K, reserved 1179648K
  class space    used 9013K, committed 9600K, reserved 1048576K
}
Event: 184.072 GC heap before
{Heap before GC invocations=731 (full 15):
 PSYoungGen      total 7680K, used 7348K [0x00000000eab00000, 0x00000000eb680000, 0x0000000100000000)
  eden space 6656K, 100% used [0x00000000eab00000,0x00000000eb180000,0x00000000eb180000)
  from space 1024K, 67% used [0x00000000eb500000,0x00000000eb5ad200,0x00000000eb600000)
  to   space 512K, 0% used [0x00000000eb600000,0x00000000eb600000,0x00000000eb680000)
 ParOldGen       total 172544K, used 171638K [0x00000000c0000000, 0x00000000ca880000, 0x00000000eab00000)
  object space 172544K, 99% used [0x00000000c0000000,0x00000000ca79d8f8,0x00000000ca880000)
 Metaspace       used 88457K, committed 89728K, reserved 1179648K
  class space    used 9013K, committed 9600K, reserved 1048576K
}
Event: 184.072 GC heap after
{Heap after GC invocations=731 (full 15):
 PSYoungGen      total 7168K, used 500K [0x00000000eab00000, 0x00000000eb680000, 0x0000000100000000)
  eden space 6656K, 0% used [0x00000000eab00000,0x00000000eab00000,0x00000000eb180000)
  from space 512K, 97% used [0x00000000eb600000,0x00000000eb67d200,0x00000000eb680000)
  to   space 1024K, 0% used [0x00000000eb480000,0x00000000eb480000,0x00000000eb580000)
 ParOldGen       total 172544K, used 171734K [0x00000000c0000000, 0x00000000ca880000, 0x00000000eab00000)
  object space 172544K, 99% used [0x00000000c0000000,0x00000000ca7b58f8,0x00000000ca880000)
 Metaspace       used 88457K, committed 89728K, reserved 1179648K
  class space    used 9013K, committed 9600K, reserved 1048576K
}

