# JRE version: OpenJDK Runtime Environment Temurin-17.0.7+7 (17.0.7+7) (build 17.0.7+7)
# Java VM: OpenJDK 64-Bit Server VM Temurin-17.0.7+7 (17.0.7+7, mixed mode, tiered, compressed oops, compressed class ptrs, parallel gc, windows-amd64)
GC Precious Log:
 CPUs: 12 total, 12 available
 Memory: 16160M
 Large Page Support: Disabled
 NUMA Support: Disabled
 Compressed Oops: Enabled (32-bit)
 Alignments: Space 512K, Generation 512K, Heap 2M
 Heap Min Capacity: 100M
 Heap Initial Capacity: 100M
 Heap Max Capacity: 1G
 Pre-touch: Disabled
 Parallel Workers: 10
Heap:
 PSYoungGen      total 22016K, used 4944K [0x00000000eab00000, 0x00000000ec280000, 0x0000000100000000)
  eden space 20992K, 23% used [0x00000000eab00000,0x00000000eafd41d0,0x00000000ebf80000)
  from space 1024K, 0% used [0x00000000ec180000,0x00000000ec180000,0x00000000ec280000)
  to   space 1536K, 0% used [0x00000000ebf80000,0x00000000ebf80000,0x00000000ec100000)
 ParOldGen       total 68608K, used 37075K [0x00000000c0000000, 0x00000000c4300000, 0x00000000eab00000)
  object space 68608K, 54% used [0x00000000c0000000,0x00000000c2434d88,0x00000000c4300000)
 Metaspace       used 59251K, committed 60224K, reserved 1114112K
  class space    used 6399K, committed 6784K, reserved 1048576K
GC Heap History (20 events):
Event: 7.289 GC heap before
{Heap before GC invocations=24 (full 2):
 PSYoungGen      total 24576K, used 24192K [0x00000000eab00000, 0x00000000ec600000, 0x0000000100000000)
  eden space 22016K, 100% used [0x00000000eab00000,0x00000000ec080000,0x00000000ec080000)
  from space 2560K, 85% used [0x00000000ec180000,0x00000000ec3a0000,0x00000000ec400000)
  to   space 2048K, 0% used [0x00000000ec400000,0x00000000ec400000,0x00000000ec600000)
 ParOldGen       total 68608K, used 30920K [0x00000000c0000000, 0x00000000c4300000, 0x00000000eab00000)
  object space 68608K, 45% used [0x00000000c0000000,0x00000000c1e32250,0x00000000c4300000)
 Metaspace       used 49993K, committed 50880K, reserved 1114112K
  class space    used 5476K, committed 5888K, reserved 1048576K
}
Event: 8.298 GC heap after
{Heap after GC invocations=24 (full 2):
 PSYoungGen      total 23040K, used 2048K [0x00000000eab00000, 0x00000000ec980000, 0x0000000100000000)
  eden space 20992K, 0% used [0x00000000eab00000,0x00000000eab00000,0x00000000ebf80000)
  from space 2048K, 100% used [0x00000000ec400000,0x00000000ec600000,0x00000000ec600000)
  to   space 4608K, 0% used [0x00000000ebf80000,0x00000000ebf80000,0x00000000ec400000)
 ParOldGen       total 68608K, used 32965K [0x00000000c0000000, 0x00000000c4300000, 0x00000000eab00000)
  object space 68608K, 48% used [0x00000000c0000000,0x00000000c20315a8,0x00000000c4300000)
 Metaspace       used 49993K, committed 50880K, reserved 1114112K
  class space    used 5476K, committed 5888K, reserved 1048576K
}
Event: 8.702 GC heap before
{Heap before GC invocations=25 (full 2):
 PSYoungGen      total 23040K, used 23024K [0x00000000eab00000, 0x00000000ec980000, 0x0000000100000000)
  eden space 20992K, 99% used [0x00000000eab00000,0x00000000ebf7c0e8,0x00000000ebf80000)
  from space 2048K, 100% used [0x00000000ec400000,0x00000000ec600000,0x00000000ec600000)
  to   space 4608K, 0% used [0x00000000ebf80000,0x00000000ebf80000,0x00000000ec400000)
 ParOldGen       total 68608K, used 32965K [0x00000000c0000000, 0x00000000c4300000, 0x00000000eab00000)
  object space 68608K, 48% used [0x00000000c0000000,0x00000000c20315a8,0x00000000c4300000)
 Metaspace       used 52458K, committed 53440K, reserved 1114112K
  class space    used 5770K, committed 6208K, reserved 1048576K
}
Event: 8.704 GC heap after
{Heap after GC invocations=25 (full 2):
 PSYoungGen      total 22016K, used 935K [0x00000000eab00000, 0x00000000ec480000, 0x0000000100000000)
  eden space 20992K, 0% used [0x00000000eab00000,0x00000000eab00000,0x00000000ebf80000)
  from space 1024K, 91% used [0x00000000ebf80000,0x00000000ec069f60,0x00000000ec080000)
  to   space 2560K, 0% used [0x00000000ec200000,0x00000000ec200000,0x00000000ec480000)
 ParOldGen       total 68608K, used 34869K [0x00000000c0000000, 0x00000000c4300000, 0x00000000eab00000)
  object space 68608K, 50% used [0x00000000c0000000,0x00000000c220d5a8,0x00000000c4300000)
 Metaspace       used 52458K, committed 53440K, reserved 1114112K
  class space    used 5770K, committed 6208K, reserved 1048576K
}
Event: 9.107 GC heap before
{Heap before GC invocations=26 (full 2):
 PSYoungGen      total 22016K, used 21927K [0x00000000eab00000, 0x00000000ec480000, 0x0000000100000000)
  eden space 20992K, 100% used [0x00000000eab00000,0x00000000ebf80000,0x00000000ebf80000)
  from space 1024K, 91% used [0x00000000ebf80000,0x00000000ec069f60,0x00000000ec080000)
  to   space 2560K, 0% used [0x00000000ec200000,0x00000000ec200000,0x00000000ec480000)
 ParOldGen       total 68608K, used 34869K [0x00000000c0000000, 0x00000000c4300000, 0x00000000eab00000)
  object space 68608K, 50% used [0x00000000c0000000,0x00000000c220d5a8,0x00000000c4300000)
 Metaspace       used 53886K, committed 54912K, reserved 1114112K
  class space    used 5911K, committed 6336K, reserved 1048576K
}
Event: 9.108 GC heap after
{Heap after GC invocations=26 (full 2):
 PSYoungGen      total 22016K, used 632K [0x00000000eab00000, 0x00000000ec300000, 0x0000000100000000)
  eden space 20992K, 0% used [0x00000000eab00000,0x00000000eab00000,0x00000000ebf80000)
  from space 1024K, 61% used [0x00000000ec200000,0x00000000ec29e098,0x00000000ec300000)
  to   space 1024K, 0% used [0x00000000ebf80000,0x00000000ebf80000,0x00000000ec080000)
 ParOldGen       total 68608K, used 35654K [0x00000000c0000000, 0x00000000c4300000, 0x00000000eab00000)
  object space 68608K, 51% used [0x00000000c0000000,0x00000000c22d1a58,0x00000000c4300000)
 Metaspace       used 53886K, committed 54912K, reserved 1114112K
  class space    used 5911K, committed 6336K, reserved 1048576K
}
Event: 9.468 GC heap before
{Heap before GC invocations=27 (full 2):
 PSYoungGen      total 22016K, used 21471K [0x00000000eab00000, 0x00000000ec300000, 0x0000000100000000)
  eden space 20992K, 99% used [0x00000000eab00000,0x00000000ebf59ea8,0x00000000ebf80000)
  from space 1024K, 61% used [0x00000000ec200000,0x00000000ec29e098,0x00000000ec300000)
  to   space 1024K, 0% used [0x00000000ebf80000,0x00000000ebf80000,0x00000000ec080000)
 ParOldGen       total 68608K, used 35654K [0x00000000c0000000, 0x00000000c4300000, 0x00000000eab00000)
  object space 68608K, 51% used [0x00000000c0000000,0x00000000c22d1a58,0x00000000c4300000)
 Metaspace       used 55379K, committed 56256K, reserved 1114112K
  class space    used 6034K, committed 6400K, reserved 1048576K
}
Event: 9.469 GC heap after
{Heap after GC invocations=27 (full 2):
 PSYoungGen      total 22016K, used 416K [0x00000000eab00000, 0x00000000ec280000, 0x0000000100000000)
  eden space 20992K, 0% used [0x00000000eab00000,0x00000000eab00000,0x00000000ebf80000)
  from space 1024K, 40% used [0x00000000ebf80000,0x00000000ebfe8000,0x00000000ec080000)
  to   space 1024K, 0% used [0x00000000ec180000,0x00000000ec180000,0x00000000ec280000)
 ParOldGen       total 68608K, used 36134K [0x00000000c0000000, 0x00000000c4300000, 0x00000000eab00000)
  object space 68608K, 52% used [0x00000000c0000000,0x00000000c2349b68,0x00000000c4300000)
 Metaspace       used 55379K, committed 56256K, reserved 1114112K
  class space    used 6034K, committed 6400K, reserved 1048576K
}
Event: 9.519 GC heap before
{Heap before GC invocations=28 (full 2):
 PSYoungGen      total 22016K, used 21408K [0x00000000eab00000, 0x00000000ec280000, 0x0000000100000000)
  eden space 20992K, 100% used [0x00000000eab00000,0x00000000ebf80000,0x00000000ebf80000)
  from space 1024K, 40% used [0x00000000ebf80000,0x00000000ebfe8000,0x00000000ec080000)
  to   space 1024K, 0% used [0x00000000ec180000,0x00000000ec180000,0x00000000ec280000)
 ParOldGen       total 68608K, used 36134K [0x00000000c0000000, 0x00000000c4300000, 0x00000000eab00000)
  object space 68608K, 52% used [0x00000000c0000000,0x00000000c2349b68,0x00000000c4300000)
 Metaspace       used 55409K, committed 56384K, reserved 1114112K
  class space    used 6034K, committed 6400K, reserved 1048576K
}
Event: 9.519 GC heap after
{Heap after GC invocations=28 (full 2):
 PSYoungGen      total 22016K, used 702K [0x00000000eab00000, 0x00000000ec280000, 0x0000000100000000)
  eden space 20992K, 0% used [0x00000000eab00000,0x00000000eab00000,0x00000000ebf80000)
  from space 1024K, 68% used [0x00000000ec180000,0x00000000ec22fbb0,0x00000000ec280000)
  to   space 1024K, 0% used [0x00000000ebf80000,0x00000000ebf80000,0x00000000ec080000)
 ParOldGen       total 68608K, used 36390K [0x00000000c0000000, 0x00000000c4300000, 0x00000000eab00000)
  object space 68608K, 53% used [0x00000000c0000000,0x00000000c2389b68,0x00000000c4300000)
 Metaspace       used 55409K, committed 56384K, reserved 1114112K
  class space    used 6034K, committed 6400K, reserved 1048576K
}
Event: 9.642 GC heap before
{Heap before GC invocations=29 (full 2):
 PSYoungGen      total 22016K, used 21694K [0x00000000eab00000, 0x00000000ec280000, 0x0000000100000000)
  eden space 20992K, 99% used [0x00000000eab00000,0x00000000ebf7fd20,0x00000000ebf80000)
  from space 1024K, 68% used [0x00000000ec180000,0x00000000ec22fbb0,0x00000000ec280000)
  to   space 1024K, 0% used [0x00000000ebf80000,0x00000000ebf80000,0x00000000ec080000)
 ParOldGen       total 68608K, used 36390K [0x00000000c0000000, 0x00000000c4300000, 0x00000000eab00000)
  object space 68608K, 53% used [0x00000000c0000000,0x00000000c2389b68,0x00000000c4300000)
 Metaspace       used 56532K, committed 57472K, reserved 1114112K
  class space    used 6140K, committed 6528K, reserved 1048576K
}
Event: 9.642 GC heap after
{Heap after GC invocations=29 (full 2):
 PSYoungGen      total 22016K, used 395K [0x00000000eab00000, 0x00000000ec200000, 0x0000000100000000)
  eden space 20992K, 0% used [0x00000000eab00000,0x00000000eab00000,0x00000000ebf80000)
  from space 1024K, 38% used [0x00000000ebf80000,0x00000000ebfe2cb0,0x00000000ec080000)
  to   space 512K, 0% used [0x00000000ec180000,0x00000000ec180000,0x00000000ec200000)
 ParOldGen       total 68608K, used 36406K [0x00000000c0000000, 0x00000000c4300000, 0x00000000eab00000)
  object space 68608K, 53% used [0x00000000c0000000,0x00000000c238db68,0x00000000c4300000)
 Metaspace       used 56532K, committed 57472K, reserved 1114112K
  class space    used 6140K, committed 6528K, reserved 1048576K
}
Event: 9.817 GC heap before
{Heap before GC invocations=30 (full 2):
 PSYoungGen      total 22016K, used 21387K [0x00000000eab00000, 0x00000000ec200000, 0x0000000100000000)
  eden space 20992K, 100% used [0x00000000eab00000,0x00000000ebf80000,0x00000000ebf80000)
  from space 1024K, 38% used [0x00000000ebf80000,0x00000000ebfe2cb0,0x00000000ec080000)
  to   space 512K, 0% used [0x00000000ec180000,0x00000000ec180000,0x00000000ec200000)
 ParOldGen       total 68608K, used 36406K [0x00000000c0000000, 0x00000000c4300000, 0x00000000eab00000)
  object space 68608K, 53% used [0x00000000c0000000,0x00000000c238db68,0x00000000c4300000)
 Metaspace       used 57362K, committed 58240K, reserved 1114112K
  class space    used 6221K, committed 6592K, reserved 1048576K
}
Event: 9.818 GC heap after
{Heap after GC invocations=30 (full 2):
 PSYoungGen      total 21504K, used 505K [0x00000000eab00000, 0x00000000ec200000, 0x0000000100000000)
  eden space 20992K, 0% used [0x00000000eab00000,0x00000000eab00000,0x00000000ebf80000)
  from space 512K, 98% used [0x00000000ec180000,0x00000000ec1fe470,0x00000000ec200000)
  to   space 1024K, 0% used [0x00000000ec000000,0x00000000ec000000,0x00000000ec100000)
 ParOldGen       total 68608K, used 36702K [0x00000000c0000000, 0x00000000c4300000, 0x00000000eab00000)
  object space 68608K, 53% used [0x00000000c0000000,0x00000000c23d7b88,0x00000000c4300000)
 Metaspace       used 57362K, committed 58240K, reserved 1114112K
  class space    used 6221K, committed 6592K, reserved 1048576K
}
Event: 9.910 GC heap before
{Heap before GC invocations=31 (full 2):
 PSYoungGen      total 21504K, used 21497K [0x00000000eab00000, 0x00000000ec200000, 0x0000000100000000)
  eden space 20992K, 100% used [0x00000000eab00000,0x00000000ebf80000,0x00000000ebf80000)
  from space 512K, 98% used [0x00000000ec180000,0x00000000ec1fe470,0x00000000ec200000)
  to   space 1024K, 0% used [0x00000000ec000000,0x00000000ec000000,0x00000000ec100000)
 ParOldGen       total 68608K, used 36702K [0x00000000c0000000, 0x00000000c4300000, 0x00000000eab00000)
  object space 68608K, 53% used [0x00000000c0000000,0x00000000c23d7b88,0x00000000c4300000)
 Metaspace       used 57924K, committed 58816K, reserved 1114112K
  class space    used 6260K, committed 6656K, reserved 1048576K
}
Event: 9.911 GC heap after
{Heap after GC invocations=31 (full 2):
 PSYoungGen      total 22016K, used 1024K [0x00000000eab00000, 0x00000000ec380000, 0x0000000100000000)
  eden space 20992K, 0% used [0x00000000eab00000,0x00000000eab00000,0x00000000ebf80000)
  from space 1024K, 100% used [0x00000000ec000000,0x00000000ec100000,0x00000000ec100000)
  to   space 2048K, 0% used [0x00000000ec180000,0x00000000ec180000,0x00000000ec380000)
 ParOldGen       total 68608K, used 37344K [0x00000000c0000000, 0x00000000c4300000, 0x00000000eab00000)
  object space 68608K, 54% used [0x00000000c0000000,0x00000000c2478238,0x00000000c4300000)
 Metaspace       used 57924K, committed 58816K, reserved 1114112K
  class space    used 6260K, committed 6656K, reserved 1048576K
}
Event: 11.076 GC heap before
{Heap before GC invocations=32 (full 2):
 PSYoungGen      total 22016K, used 13329K [0x00000000eab00000, 0x00000000ec380000, 0x0000000100000000)
  eden space 20992K, 58% used [0x00000000eab00000,0x00000000eb704768,0x00000000ebf80000)
  from space 1024K, 100% used [0x00000000ec000000,0x00000000ec100000,0x00000000ec100000)
  to   space 2048K, 0% used [0x00000000ec180000,0x00000000ec180000,0x00000000ec380000)
 ParOldGen       total 68608K, used 37344K [0x00000000c0000000, 0x00000000c4300000, 0x00000000eab00000)
  object space 68608K, 54% used [0x00000000c0000000,0x00000000c2478238,0x00000000c4300000)
 Metaspace       used 58850K, committed 59776K, reserved 1114112K
  class space    used 6361K, committed 6784K, reserved 1048576K
}
Event: 11.078 GC heap after
{Heap after GC invocations=32 (full 2):
 PSYoungGen      total 22016K, used 896K [0x00000000eab00000, 0x00000000ec280000, 0x0000000100000000)
  eden space 20992K, 0% used [0x00000000eab00000,0x00000000eab00000,0x00000000ebf80000)
  from space 1024K, 87% used [0x00000000ec180000,0x00000000ec260000,0x00000000ec280000)
  to   space 1536K, 0% used [0x00000000ebf80000,0x00000000ebf80000,0x00000000ec100000)
 ParOldGen       total 68608K, used 38392K [0x00000000c0000000, 0x00000000c4300000, 0x00000000eab00000)
  object space 68608K, 55% used [0x00000000c0000000,0x00000000c257e238,0x00000000c4300000)
 Metaspace       used 58850K, committed 59776K, reserved 1114112K
  class space    used 6361K, committed 6784K, reserved 1048576K
}
Event: 11.078 GC heap before
{Heap before GC invocations=33 (full 3):
 PSYoungGen      total 22016K, used 896K [0x00000000eab00000, 0x00000000ec280000, 0x0000000100000000)
  eden space 20992K, 0% used [0x00000000eab00000,0x00000000eab00000,0x00000000ebf80000)
  from space 1024K, 87% used [0x00000000ec180000,0x00000000ec260000,0x00000000ec280000)
  to   space 1536K, 0% used [0x00000000ebf80000,0x00000000ebf80000,0x00000000ec100000)
 ParOldGen       total 68608K, used 38392K [0x00000000c0000000, 0x00000000c4300000, 0x00000000eab00000)
  object space 68608K, 55% used [0x00000000c0000000,0x00000000c257e238,0x00000000c4300000)
 Metaspace       used 58850K, committed 59776K, reserved 1114112K
  class space    used 6361K, committed 6784K, reserved 1048576K
}
Event: 11.123 GC heap after
{Heap after GC invocations=33 (full 3):
 PSYoungGen      total 22016K, used 0K [0x00000000eab00000, 0x00000000ec280000, 0x0000000100000000)
  eden space 20992K, 0% used [0x00000000eab00000,0x00000000eab00000,0x00000000ebf80000)
  from space 1024K, 0% used [0x00000000ec180000,0x00000000ec180000,0x00000000ec280000)
  to   space 1536K, 0% used [0x00000000ebf80000,0x00000000ebf80000,0x00000000ec100000)
 ParOldGen       total 68608K, used 37075K [0x00000000c0000000, 0x00000000c4300000, 0x00000000eab00000)
  object space 68608K, 54% used [0x00000000c0000000,0x00000000c2434d88,0x00000000c4300000)
 Metaspace       used 58850K, committed 59776K, reserved 1114112K
  class space    used 6361K, committed 6784K, reserved 1048576K
}

