# JRE version: OpenJDK Runtime Environment Temurin-11.0.19+7 (11.0.19+7) (build 11.0.19+7)
# Java VM: OpenJDK 64-Bit Server VM Temurin-11.0.19+7 (11.0.19+7, mixed mode, tiered, compressed oops, g1 gc, windows-amd64)
Heap:
 garbage-first heap   total 116736K, used 66115K [0x0000000703600000, 0x0000000800000000)
  region size 1024K, 32 young (32768K), 7 survivors (7168K)
 Metaspace       used 81628K, capacity 84339K, committed 84480K, reserved 1122304K
  class space    used 10055K, capacity 11140K, committed 11264K, reserved 1048576K
GC Heap History (20 events):
Event: 4.717 GC heap before
{Heap before GC invocations=8 (full 0):
 garbage-first heap   total 312320K, used 40810K [0x0000000703600000, 0x0000000800000000)
  region size 1024K, 34 young (34816K), 17 survivors (17408K)
 Metaspace       used 58371K, capacity 60043K, committed 60160K, reserved 1101824K
  class space    used 7311K, capacity 8000K, committed 8064K, reserved 1048576K
}
Event: 4.736 GC heap after
{Heap after GC invocations=9 (full 0):
 garbage-first heap   total 312320K, used 26564K [0x0000000703600000, 0x0000000800000000)
  region size 1024K, 13 young (13312K), 13 survivors (13312K)
 Metaspace       used 58371K, capacity 60043K, committed 60160K, reserved 1101824K
  class space    used 7311K, capacity 8000K, committed 8064K, reserved 1048576K
}
Event: 6.528 GC heap before
{Heap before GC invocations=10 (full 0):
 garbage-first heap   total 312320K, used 200644K [0x0000000703600000, 0x0000000800000000)
  region size 1024K, 183 young (187392K), 13 survivors (13312K)
 Metaspace       used 71342K, capacity 73495K, committed 73728K, reserved 1114112K
  class space    used 9029K, capacity 9891K, committed 9984K, reserved 1048576K
}
Event: 6.537 GC heap after
{Heap after GC invocations=11 (full 0):
 garbage-first heap   total 312320K, used 32236K [0x0000000703600000, 0x0000000800000000)
  region size 1024K, 19 young (19456K), 19 survivors (19456K)
 Metaspace       used 71342K, capacity 73495K, committed 73728K, reserved 1114112K
  class space    used 9029K, capacity 9891K, committed 9984K, reserved 1048576K
}
Event: 47.714 GC heap before
{Heap before GC invocations=11 (full 0):
 garbage-first heap   total 312320K, used 118252K [0x0000000703600000, 0x0000000800000000)
  region size 1024K, 104 young (106496K), 19 survivors (19456K)
 Metaspace       used 77051K, capacity 79629K, committed 79744K, reserved 1118208K
  class space    used 9796K, capacity 10828K, committed 10880K, reserved 1048576K
}
Event: 47.796 GC heap after
{Heap after GC invocations=12 (full 1):
 garbage-first heap   total 106496K, used 29160K [0x0000000703600000, 0x0000000800000000)
  region size 1024K, 0 young (0K), 0 survivors (0K)
 Metaspace       used 77040K, capacity 79611K, committed 79744K, reserved 1118208K
  class space    used 9794K, capacity 10825K, committed 10880K, reserved 1048576K
}
Event: 49.355 GC heap before
{Heap before GC invocations=12 (full 1):
 garbage-first heap   total 106496K, used 78312K [0x0000000703600000, 0x0000000800000000)
  region size 1024K, 48 young (49152K), 0 survivors (0K)
 Metaspace       used 77325K, capacity 79933K, committed 80000K, reserved 1118208K
  class space    used 9829K, capacity 10865K, committed 10880K, reserved 1048576K
}
Event: 49.359 GC heap after
{Heap after GC invocations=13 (full 1):
 garbage-first heap   total 128000K, used 32232K [0x0000000703600000, 0x0000000800000000)
  region size 1024K, 3 young (3072K), 3 survivors (3072K)
 Metaspace       used 77325K, capacity 79933K, committed 80000K, reserved 1118208K
  class space    used 9829K, capacity 10865K, committed 10880K, reserved 1048576K
}
Event: 51.000 GC heap before
{Heap before GC invocations=13 (full 1):
 garbage-first heap   total 128000K, used 96744K [0x0000000703600000, 0x0000000800000000)
  region size 1024K, 66 young (67584K), 3 survivors (3072K)
 Metaspace       used 78416K, capacity 80999K, committed 81152K, reserved 1120256K
  class space    used 9877K, capacity 10934K, committed 11008K, reserved 1048576K
}
Event: 51.017 GC heap after
{Heap after GC invocations=14 (full 1):
 garbage-first heap   total 128000K, used 36010K [0x0000000703600000, 0x0000000800000000)
  region size 1024K, 7 young (7168K), 7 survivors (7168K)
 Metaspace       used 78416K, capacity 80999K, committed 81152K, reserved 1120256K
  class space    used 9877K, capacity 10934K, committed 11008K, reserved 1048576K
}
Event: 51.646 GC heap before
{Heap before GC invocations=14 (full 1):
 garbage-first heap   total 128000K, used 97450K [0x0000000703600000, 0x0000000800000000)
  region size 1024K, 67 young (68608K), 7 survivors (7168K)
 Metaspace       used 79277K, capacity 81898K, committed 81920K, reserved 1120256K
  class space    used 9925K, capacity 10993K, committed 11008K, reserved 1048576K
}
Event: 51.649 GC heap after
{Heap after GC invocations=15 (full 1):
 garbage-first heap   total 128000K, used 38391K [0x0000000703600000, 0x0000000800000000)
  region size 1024K, 7 young (7168K), 7 survivors (7168K)
 Metaspace       used 79277K, capacity 81898K, committed 81920K, reserved 1120256K
  class space    used 9925K, capacity 10993K, committed 11008K, reserved 1048576K
}
Event: 54.869 GC heap before
{Heap before GC invocations=15 (full 1):
 garbage-first heap   total 128000K, used 81399K [0x0000000703600000, 0x0000000800000000)
  region size 1024K, 50 young (51200K), 7 survivors (7168K)
 Metaspace       used 79568K, capacity 82194K, committed 82432K, reserved 1120256K
  class space    used 9934K, capacity 10999K, committed 11008K, reserved 1048576K
}
Event: 54.925 GC heap after
{Heap after GC invocations=16 (full 2):
 garbage-first heap   total 116736K, used 32723K [0x0000000703600000, 0x0000000800000000)
  region size 1024K, 0 young (0K), 0 survivors (0K)
 Metaspace       used 79556K, capacity 82176K, committed 82432K, reserved 1120256K
  class space    used 9932K, capacity 10996K, committed 11008K, reserved 1048576K
}
Event: 55.763 GC heap before
{Heap before GC invocations=16 (full 2):
 garbage-first heap   total 116736K, used 89043K [0x0000000703600000, 0x0000000800000000)
  region size 1024K, 56 young (57344K), 0 survivors (0K)
 Metaspace       used 79976K, capacity 82671K, committed 82816K, reserved 1120256K
  class space    used 9975K, capacity 11070K, committed 11136K, reserved 1048576K
}
Event: 55.766 GC heap after
{Heap after GC invocations=17 (full 2):
 garbage-first heap   total 116736K, used 36404K [0x0000000703600000, 0x0000000800000000)
  region size 1024K, 4 young (4096K), 4 survivors (4096K)
 Metaspace       used 79976K, capacity 82671K, committed 82816K, reserved 1120256K
  class space    used 9975K, capacity 11070K, committed 11136K, reserved 1048576K
}
Event: 56.833 GC heap before
{Heap before GC invocations=17 (full 2):
 garbage-first heap   total 116736K, used 90676K [0x0000000703600000, 0x0000000800000000)
  region size 1024K, 57 young (58368K), 4 survivors (4096K)
 Metaspace       used 80700K, capacity 83424K, committed 83584K, reserved 1122304K
  class space    used 10011K, capacity 11103K, committed 11136K, reserved 1048576K
}
Event: 56.838 GC heap after
{Heap after GC invocations=18 (full 2):
 garbage-first heap   total 116736K, used 39089K [0x0000000703600000, 0x0000000800000000)
  region size 1024K, 7 young (7168K), 7 survivors (7168K)
 Metaspace       used 80700K, capacity 83424K, committed 83584K, reserved 1122304K
  class space    used 10011K, capacity 11103K, committed 11136K, reserved 1048576K
}
Event: 57.928 GC heap before
{Heap before GC invocations=18 (full 2):
 garbage-first heap   total 116736K, used 91313K [0x0000000703600000, 0x0000000800000000)
  region size 1024K, 58 young (59392K), 7 survivors (7168K)
 Metaspace       used 81365K, capacity 84069K, committed 84224K, reserved 1122304K
  class space    used 10042K, capacity 11138K, committed 11264K, reserved 1048576K
}
Event: 57.935 GC heap after
{Heap after GC invocations=19 (full 2):
 garbage-first heap   total 116736K, used 41539K [0x0000000703600000, 0x0000000800000000)
  region size 1024K, 7 young (7168K), 7 survivors (7168K)
 Metaspace       used 81365K, capacity 84069K, committed 84224K, reserved 1122304K
  class space    used 10042K, capacity 11138K, committed 11264K, reserved 1048576K
}

