# JRE version: Java(TM) SE Runtime Environment 18.9 (11.0.18+9) (build 11.0.18+9-LTS-195)
# Java VM: Java HotSpot(TM) 64-Bit Server VM 18.9 (11.0.18+9-LTS-195, mixed mode, tiered, compressed oops, g1 gc, windows-amd64)
Heap:
 garbage-first heap   total 315392K, used 14555K [0x0000000700c00000, 0x0000000800000000)
  region size 1024K, 8 young (8192K), 8 survivors (8192K)
 Metaspace       used 34632K, capacity 35477K, committed 35584K, reserved 1081344K
  class space    used 4176K, capacity 4535K, committed 4608K, reserved 1048576K
GC Heap History (9 events):
Event: 0.586 GC heap before
{Heap before GC invocations=0 (full 0):
 garbage-first heap   total 262144K, used 24576K [0x0000000700c00000, 0x0000000800000000)
  region size 1024K, 24 young (24576K), 0 survivors (0K)
 Metaspace       used 11032K, capacity 11232K, committed 11392K, reserved 1058816K
  class space    used 1065K, capacity 1110K, committed 1152K, reserved 1048576K
}
Event: 0.591 GC heap after
{Heap after GC invocations=1 (full 0):
 garbage-first heap   total 262144K, used 7276K [0x0000000700c00000, 0x0000000800000000)
  region size 1024K, 3 young (3072K), 3 survivors (3072K)
 Metaspace       used 11032K, capacity 11232K, committed 11392K, reserved 1058816K
  class space    used 1065K, capacity 1110K, committed 1152K, reserved 1048576K
}
Event: 1.260 GC heap before
{Heap before GC invocations=1 (full 0):
 garbage-first heap   total 262144K, used 64620K [0x0000000700c00000, 0x0000000800000000)
  region size 1024K, 60 young (61440K), 3 survivors (3072K)
 Metaspace       used 20708K, capacity 21197K, committed 21248K, reserved 1069056K
  class space    used 2372K, capacity 2556K, committed 2560K, reserved 1048576K
}
Event: 1.269 GC heap after
{Heap after GC invocations=2 (full 0):
 garbage-first heap   total 262144K, used 9279K [0x0000000700c00000, 0x0000000800000000)
  region size 1024K, 5 young (5120K), 5 survivors (5120K)
 Metaspace       used 20708K, capacity 21197K, committed 21248K, reserved 1069056K
  class space    used 2372K, capacity 2556K, committed 2560K, reserved 1048576K
}
Event: 1.531 GC heap before
{Heap before GC invocations=3 (full 0):
 garbage-first heap   total 262144K, used 48191K [0x0000000700c00000, 0x0000000800000000)
  region size 1024K, 43 young (44032K), 5 survivors (5120K)
 Metaspace       used 25534K, capacity 26118K, committed 26368K, reserved 1073152K
  class space    used 2965K, capacity 3218K, committed 3328K, reserved 1048576K
}
Event: 1.536 GC heap after
{Heap after GC invocations=4 (full 0):
 garbage-first heap   total 262144K, used 11144K [0x0000000700c00000, 0x0000000800000000)
  region size 1024K, 5 young (5120K), 5 survivors (5120K)
 Metaspace       used 25534K, capacity 26118K, committed 26368K, reserved 1073152K
  class space    used 2965K, capacity 3218K, committed 3328K, reserved 1048576K
}
Event: 2.352 GC heap before
{Heap before GC invocations=4 (full 0):
 garbage-first heap   total 262144K, used 82824K [0x0000000700c00000, 0x0000000800000000)
  region size 1024K, 75 young (76800K), 5 survivors (5120K)
 Metaspace       used 31632K, capacity 32382K, committed 32512K, reserved 1077248K
  class space    used 3764K, capacity 4088K, committed 4096K, reserved 1048576K
}
Event: 2.360 GC heap after
{Heap after GC invocations=5 (full 0):
 garbage-first heap   total 262144K, used 13343K [0x0000000700c00000, 0x0000000800000000)
  region size 1024K, 7 young (7168K), 7 survivors (7168K)
 Metaspace       used 31632K, capacity 32382K, committed 32512K, reserved 1077248K
  class space    used 3764K, capacity 4088K, committed 4096K, reserved 1048576K
}
Event: 2.754 GC heap before
{Heap before GC invocations=5 (full 0):
 garbage-first heap   total 262144K, used 34847K [0x0000000700c00000, 0x0000000800000000)
  region size 1024K, 29 young (29696K), 7 survivors (7168K)
 Metaspace       used 34632K, capacity 35477K, committed 35584K, reserved 1081344K
  class space    used 4176K, capacity 4535K, committed 4608K, reserved 1048576K
}

