# JRE version: OpenJDK Runtime Environment Temurin-17.0.7+7 (17.0.7+7) (build 17.0.7+7)
# Java VM: OpenJDK 64-Bit Server VM Temurin-17.0.7+7 (17.0.7+7, mixed mode, emulated-client, tiered, compressed oops, compressed class ptrs, g1 gc, windows-amd64)
GC Precious Log:
 CPUs: 12 total, 12 available
 Memory: 16160M
 Large Page Support: Disabled
 NUMA Support: Disabled
 Compressed Oops: Enabled (32-bit)
 Heap Region Size: 1M
 Heap Min Capacity: 8M
 Heap Initial Capacity: 254M
 Heap Max Capacity: 1G
 Pre-touch: Disabled
 Parallel Workers: 10
 Concurrent Workers: 3
 Concurrent Refinement Workers: 10
 Periodic GC: Disabled
Heap:
 garbage-first heap   total 304128K, used 89761K [0x00000000c0000000, 0x0000000100000000)
  region size 1024K, 1 young (1024K), 0 survivors (0K)
 Metaspace       used 74911K, committed 75712K, reserved 1179648K
  class space    used 10231K, committed 10560K, reserved 1048576K
GC Heap History (20 events):
Event: 1231.227 GC heap before
{Heap before GC invocations=131 (full 43):
 garbage-first heap   total 304128K, used 89761K [0x00000000c0000000, 0x0000000100000000)
  region size 1024K, 1 young (1024K), 0 survivors (0K)
 Metaspace       used 74911K, committed 75712K, reserved 1179648K
  class space    used 10231K, committed 10560K, reserved 1048576K
}
Event: 1231.262 GC heap after
{Heap after GC invocations=132 (full 44):
 garbage-first heap   total 304128K, used 89761K [0x00000000c0000000, 0x0000000100000000)
  region size 1024K, 0 young (0K), 0 survivors (0K)
 Metaspace       used 74911K, committed 75712K, reserved 1179648K
  class space    used 10231K, committed 10560K, reserved 1048576K
}
Event: 1241.368 GC heap before
{Heap before GC invocations=132 (full 44):
 garbage-first heap   total 304128K, used 89761K [0x00000000c0000000, 0x0000000100000000)
  region size 1024K, 1 young (1024K), 0 survivors (0K)
 Metaspace       used 74911K, committed 75712K, reserved 1179648K
  class space    used 10231K, committed 10560K, reserved 1048576K
}
Event: 1241.404 GC heap after
{Heap after GC invocations=133 (full 45):
 garbage-first heap   total 304128K, used 89761K [0x00000000c0000000, 0x0000000100000000)
  region size 1024K, 0 young (0K), 0 survivors (0K)
 Metaspace       used 74911K, committed 75712K, reserved 1179648K
  class space    used 10231K, committed 10560K, reserved 1048576K
}
Event: 1251.522 GC heap before
{Heap before GC invocations=133 (full 45):
 garbage-first heap   total 304128K, used 89761K [0x00000000c0000000, 0x0000000100000000)
  region size 1024K, 1 young (1024K), 0 survivors (0K)
 Metaspace       used 74911K, committed 75712K, reserved 1179648K
  class space    used 10231K, committed 10560K, reserved 1048576K
}
Event: 1251.558 GC heap after
{Heap after GC invocations=134 (full 46):
 garbage-first heap   total 304128K, used 89761K [0x00000000c0000000, 0x0000000100000000)
  region size 1024K, 0 young (0K), 0 survivors (0K)
 Metaspace       used 74911K, committed 75712K, reserved 1179648K
  class space    used 10231K, committed 10560K, reserved 1048576K
}
Event: 1261.681 GC heap before
{Heap before GC invocations=134 (full 46):
 garbage-first heap   total 304128K, used 89761K [0x00000000c0000000, 0x0000000100000000)
  region size 1024K, 1 young (1024K), 0 survivors (0K)
 Metaspace       used 74911K, committed 75712K, reserved 1179648K
  class space    used 10231K, committed 10560K, reserved 1048576K
}
Event: 1261.717 GC heap after
{Heap after GC invocations=135 (full 47):
 garbage-first heap   total 304128K, used 89761K [0x00000000c0000000, 0x0000000100000000)
  region size 1024K, 0 young (0K), 0 survivors (0K)
 Metaspace       used 74911K, committed 75712K, reserved 1179648K
  class space    used 10231K, committed 10560K, reserved 1048576K
}
Event: 1271.843 GC heap before
{Heap before GC invocations=135 (full 47):
 garbage-first heap   total 304128K, used 89761K [0x00000000c0000000, 0x0000000100000000)
  region size 1024K, 1 young (1024K), 0 survivors (0K)
 Metaspace       used 74911K, committed 75712K, reserved 1179648K
  class space    used 10231K, committed 10560K, reserved 1048576K
}
Event: 1271.884 GC heap after
{Heap after GC invocations=136 (full 48):
 garbage-first heap   total 304128K, used 89761K [0x00000000c0000000, 0x0000000100000000)
  region size 1024K, 0 young (0K), 0 survivors (0K)
 Metaspace       used 74911K, committed 75712K, reserved 1179648K
  class space    used 10231K, committed 10560K, reserved 1048576K
}
Event: 1281.999 GC heap before
{Heap before GC invocations=136 (full 48):
 garbage-first heap   total 304128K, used 89761K [0x00000000c0000000, 0x0000000100000000)
  region size 1024K, 1 young (1024K), 0 survivors (0K)
 Metaspace       used 74911K, committed 75712K, reserved 1179648K
  class space    used 10231K, committed 10560K, reserved 1048576K
}
Event: 1282.036 GC heap after
{Heap after GC invocations=137 (full 49):
 garbage-first heap   total 304128K, used 89761K [0x00000000c0000000, 0x0000000100000000)
  region size 1024K, 0 young (0K), 0 survivors (0K)
 Metaspace       used 74911K, committed 75712K, reserved 1179648K
  class space    used 10231K, committed 10560K, reserved 1048576K
}
Event: 1292.153 GC heap before
{Heap before GC invocations=137 (full 49):
 garbage-first heap   total 304128K, used 89761K [0x00000000c0000000, 0x0000000100000000)
  region size 1024K, 1 young (1024K), 0 survivors (0K)
 Metaspace       used 74911K, committed 75712K, reserved 1179648K
  class space    used 10231K, committed 10560K, reserved 1048576K
}
Event: 1292.190 GC heap after
{Heap after GC invocations=138 (full 50):
 garbage-first heap   total 304128K, used 89761K [0x00000000c0000000, 0x0000000100000000)
  region size 1024K, 0 young (0K), 0 survivors (0K)
 Metaspace       used 74911K, committed 75712K, reserved 1179648K
  class space    used 10231K, committed 10560K, reserved 1048576K
}
Event: 1302.308 GC heap before
{Heap before GC invocations=138 (full 50):
 garbage-first heap   total 304128K, used 89761K [0x00000000c0000000, 0x0000000100000000)
  region size 1024K, 1 young (1024K), 0 survivors (0K)
 Metaspace       used 74911K, committed 75712K, reserved 1179648K
  class space    used 10231K, committed 10560K, reserved 1048576K
}
Event: 1302.349 GC heap after
{Heap after GC invocations=139 (full 51):
 garbage-first heap   total 304128K, used 89761K [0x00000000c0000000, 0x0000000100000000)
  region size 1024K, 0 young (0K), 0 survivors (0K)
 Metaspace       used 74911K, committed 75712K, reserved 1179648K
  class space    used 10231K, committed 10560K, reserved 1048576K
}
Event: 1312.467 GC heap before
{Heap before GC invocations=139 (full 51):
 garbage-first heap   total 304128K, used 89761K [0x00000000c0000000, 0x0000000100000000)
  region size 1024K, 1 young (1024K), 0 survivors (0K)
 Metaspace       used 74911K, committed 75712K, reserved 1179648K
  class space    used 10231K, committed 10560K, reserved 1048576K
}
Event: 1312.506 GC heap after
{Heap after GC invocations=140 (full 52):
 garbage-first heap   total 304128K, used 89761K [0x00000000c0000000, 0x0000000100000000)
  region size 1024K, 0 young (0K), 0 survivors (0K)
 Metaspace       used 74911K, committed 75712K, reserved 1179648K
  class space    used 10231K, committed 10560K, reserved 1048576K
}
Event: 1322.620 GC heap before
{Heap before GC invocations=140 (full 52):
 garbage-first heap   total 304128K, used 89761K [0x00000000c0000000, 0x0000000100000000)
  region size 1024K, 1 young (1024K), 0 survivors (0K)
 Metaspace       used 74911K, committed 75712K, reserved 1179648K
  class space    used 10231K, committed 10560K, reserved 1048576K
}
Event: 1322.664 GC heap after
{Heap after GC invocations=141 (full 53):
 garbage-first heap   total 304128K, used 89761K [0x00000000c0000000, 0x0000000100000000)
  region size 1024K, 0 young (0K), 0 survivors (0K)
 Metaspace       used 74911K, committed 75712K, reserved 1179648K
  class space    used 10231K, committed 10560K, reserved 1048576K
}

