# JRE version: OpenJDK Runtime Environment Temurin-17.0.7+7 (17.0.7+7) (build 17.0.7+7)
# Java VM: OpenJDK 64-Bit Server VM Temurin-17.0.7+7 (17.0.7+7, mixed mode, emulated-client, tiered, compressed oops, compressed class ptrs, g1 gc, windows-amd64)
GC Precious Log:
 CPUs: 12 total, 12 available
 Memory: 16160M
 Large Page Support: Disabled
 NUMA Support: Disabled
 Compressed Oops: Enabled (32-bit)
 Heap Region Size: 1M
 Heap Min Capacity: 8M
 Heap Initial Capacity: 254M
 Heap Max Capacity: 1G
 Pre-touch: Disabled
 Parallel Workers: 10
 Concurrent Workers: 3
 Concurrent Refinement Workers: 10
 Periodic GC: Disabled
Heap:
 garbage-first heap   total 365568K, used 110875K [0x00000000c0000000, 0x0000000100000000)
  region size 1024K, 4 young (4096K), 0 survivors (0K)
 Metaspace       used 77327K, committed 77952K, reserved 1179648K
  class space    used 10617K, committed 10880K, reserved 1048576K
GC Heap History (20 events):
Event: 47.010 GC heap before
{Heap before GC invocations=94 (full 0):
 garbage-first heap   total 992256K, used 353330K [0x00000000c0000000, 0x0000000100000000)
  region size 1024K, 48 young (49152K), 3 survivors (3072K)
 Metaspace       used 75131K, committed 75712K, reserved 1179648K
  class space    used 10257K, committed 10496K, reserved 1048576K
}
Event: 47.018 GC heap after
{Heap after GC invocations=95 (full 0):
 garbage-first heap   total 992256K, used 219617K [0x00000000c0000000, 0x0000000100000000)
  region size 1024K, 5 young (5120K), 5 survivors (5120K)
 Metaspace       used 75131K, committed 75712K, reserved 1179648K
  class space    used 10257K, committed 10496K, reserved 1048576K
}
Event: 47.107 GC heap before
{Heap before GC invocations=95 (full 0):
 garbage-first heap   total 992256K, used 620001K [0x00000000c0000000, 0x0000000100000000)
  region size 1024K, 397 young (406528K), 5 survivors (5120K)
 Metaspace       used 75131K, committed 75712K, reserved 1179648K
  class space    used 10257K, committed 10496K, reserved 1048576K
}
Event: 47.117 GC heap after
{Heap after GC invocations=96 (full 0):
 garbage-first heap   total 1014784K, used 239366K [0x00000000c0000000, 0x0000000100000000)
  region size 1024K, 24 young (24576K), 24 survivors (24576K)
 Metaspace       used 75131K, committed 75712K, reserved 1179648K
  class space    used 10257K, committed 10496K, reserved 1048576K
}
Event: 47.190 GC heap before
{Heap before GC invocations=96 (full 0):
 garbage-first heap   total 1014784K, used 685830K [0x00000000c0000000, 0x0000000100000000)
  region size 1024K, 460 young (471040K), 24 survivors (24576K)
 Metaspace       used 75131K, committed 75712K, reserved 1179648K
  class space    used 10257K, committed 10496K, reserved 1048576K
}
Event: 47.205 GC heap after
{Heap after GC invocations=97 (full 0):
 garbage-first heap   total 1014784K, used 263918K [0x00000000c0000000, 0x0000000100000000)
  region size 1024K, 47 young (48128K), 47 survivors (48128K)
 Metaspace       used 75131K, committed 75712K, reserved 1179648K
  class space    used 10257K, committed 10496K, reserved 1048576K
}
Event: 94.205 GC heap before
{Heap before GC invocations=97 (full 0):
 garbage-first heap   total 1014784K, used 667374K [0x00000000c0000000, 0x0000000100000000)
  region size 1024K, 443 young (453632K), 47 survivors (48128K)
 Metaspace       used 77319K, committed 77952K, reserved 1179648K
  class space    used 10616K, committed 10880K, reserved 1048576K
}
Event: 94.263 GC heap after
{Heap after GC invocations=98 (full 1):
 garbage-first heap   total 378880K, used 107792K [0x00000000c0000000, 0x0000000100000000)
  region size 1024K, 0 young (0K), 0 survivors (0K)
 Metaspace       used 77319K, committed 77952K, reserved 1179648K
  class space    used 10616K, committed 10880K, reserved 1048576K
}
Event: 104.372 GC heap before
{Heap before GC invocations=98 (full 1):
 garbage-first heap   total 378880K, used 107792K [0x00000000c0000000, 0x0000000100000000)
  region size 1024K, 1 young (1024K), 0 survivors (0K)
 Metaspace       used 77321K, committed 77952K, reserved 1179648K
  class space    used 10616K, committed 10880K, reserved 1048576K
}
Event: 104.411 GC heap after
{Heap after GC invocations=99 (full 2):
 garbage-first heap   total 375808K, used 107799K [0x00000000c0000000, 0x0000000100000000)
  region size 1024K, 0 young (0K), 0 survivors (0K)
 Metaspace       used 77321K, committed 77952K, reserved 1179648K
  class space    used 10616K, committed 10880K, reserved 1048576K
}
Event: 114.511 GC heap before
{Heap before GC invocations=99 (full 2):
 garbage-first heap   total 375808K, used 108823K [0x00000000c0000000, 0x0000000100000000)
  region size 1024K, 2 young (2048K), 0 survivors (0K)
 Metaspace       used 77322K, committed 77952K, reserved 1179648K
  class space    used 10616K, committed 10880K, reserved 1048576K
}
Event: 114.551 GC heap after
{Heap after GC invocations=100 (full 3):
 garbage-first heap   total 365568K, used 107800K [0x00000000c0000000, 0x0000000100000000)
  region size 1024K, 0 young (0K), 0 survivors (0K)
 Metaspace       used 77322K, committed 77952K, reserved 1179648K
  class space    used 10616K, committed 10880K, reserved 1048576K
}
Event: 154.682 GC heap before
{Heap before GC invocations=100 (full 3):
 garbage-first heap   total 365568K, used 108824K [0x00000000c0000000, 0x0000000100000000)
  region size 1024K, 2 young (2048K), 0 survivors (0K)
 Metaspace       used 77327K, committed 77952K, reserved 1179648K
  class space    used 10617K, committed 10880K, reserved 1048576K
}
Event: 154.725 GC heap after
{Heap after GC invocations=101 (full 4):
 garbage-first heap   total 365568K, used 107803K [0x00000000c0000000, 0x0000000100000000)
  region size 1024K, 0 young (0K), 0 survivors (0K)
 Metaspace       used 77327K, committed 77952K, reserved 1179648K
  class space    used 10617K, committed 10880K, reserved 1048576K
}
Event: 164.827 GC heap before
{Heap before GC invocations=101 (full 4):
 garbage-first heap   total 365568K, used 107803K [0x00000000c0000000, 0x0000000100000000)
  region size 1024K, 1 young (1024K), 0 survivors (0K)
 Metaspace       used 77327K, committed 77952K, reserved 1179648K
  class space    used 10617K, committed 10880K, reserved 1048576K
}
Event: 164.865 GC heap after
{Heap after GC invocations=102 (full 5):
 garbage-first heap   total 365568K, used 107803K [0x00000000c0000000, 0x0000000100000000)
  region size 1024K, 0 young (0K), 0 survivors (0K)
 Metaspace       used 77327K, committed 77952K, reserved 1179648K
  class space    used 10617K, committed 10880K, reserved 1048576K
}
Event: 174.965 GC heap before
{Heap before GC invocations=102 (full 5):
 garbage-first heap   total 365568K, used 107803K [0x00000000c0000000, 0x0000000100000000)
  region size 1024K, 1 young (1024K), 0 survivors (0K)
 Metaspace       used 77327K, committed 77952K, reserved 1179648K
  class space    used 10617K, committed 10880K, reserved 1048576K
}
Event: 175.006 GC heap after
{Heap after GC invocations=103 (full 6):
 garbage-first heap   total 365568K, used 107803K [0x00000000c0000000, 0x0000000100000000)
  region size 1024K, 0 young (0K), 0 survivors (0K)
 Metaspace       used 77327K, committed 77952K, reserved 1179648K
  class space    used 10617K, committed 10880K, reserved 1048576K
}
Event: 185.189 GC heap before
{Heap before GC invocations=103 (full 6):
 garbage-first heap   total 365568K, used 107803K [0x00000000c0000000, 0x0000000100000000)
  region size 1024K, 1 young (1024K), 0 survivors (0K)
 Metaspace       used 77327K, committed 77952K, reserved 1179648K
  class space    used 10617K, committed 10880K, reserved 1048576K
}
Event: 185.238 GC heap after
{Heap after GC invocations=104 (full 7):
 garbage-first heap   total 365568K, used 107803K [0x00000000c0000000, 0x0000000100000000)
  region size 1024K, 0 young (0K), 0 survivors (0K)
 Metaspace       used 77327K, committed 77952K, reserved 1179648K
  class space    used 10617K, committed 10880K, reserved 1048576K
}

