# JRE version: OpenJDK Runtime Environment Temurin-17.0.7+7 (17.0.7+7) (build 17.0.7+7)
# Java VM: OpenJDK 64-Bit Server VM Temurin-17.0.7+7 (17.0.7+7, mixed mode, emulated-client, tiered, compressed oops, compressed class ptrs, g1 gc, windows-amd64)
GC Precious Log:
 CPUs: 12 total, 12 available
 Memory: 16160M
 Large Page Support: Disabled
 NUMA Support: Disabled
 Compressed Oops: Enabled (32-bit)
 Heap Region Size: 1M
 Heap Min Capacity: 8M
 Heap Initial Capacity: 254M
 Heap Max Capacity: 1G
 Pre-touch: Disabled
 Parallel Workers: 10
 Concurrent Workers: 3
 Concurrent Refinement Workers: 10
 Periodic GC: Disabled
Heap:
 garbage-first heap   total 65536K, used 18360K [0x00000000c0000000, 0x0000000100000000)
  region size 1024K, 1 young (1024K), 0 survivors (0K)
 Metaspace       used 37326K, committed 37696K, reserved 1114112K
  class space    used 4853K, committed 4992K, reserved 1048576K
GC Heap History (20 events):
Event: 3812.114 GC heap before
{Heap before GC invocations=61 (full 3):
 garbage-first heap   total 65536K, used 54282K [0x00000000c0000000, 0x0000000100000000)
  region size 1024K, 36 young (36864K), 1 survivors (1024K)
 Metaspace       used 37337K, committed 37696K, reserved 1114112K
  class space    used 4856K, committed 4992K, reserved 1048576K
}
Event: 3812.115 GC heap after
{Heap after GC invocations=62 (full 3):
 garbage-first heap   total 65536K, used 18472K [0x00000000c0000000, 0x0000000100000000)
  region size 1024K, 1 young (1024K), 1 survivors (1024K)
 Metaspace       used 37337K, committed 37696K, reserved 1114112K
  class space    used 4856K, committed 4992K, reserved 1048576K
}
Event: 4172.559 GC heap before
{Heap before GC invocations=62 (full 3):
 garbage-first heap   total 65536K, used 54312K [0x00000000c0000000, 0x0000000100000000)
  region size 1024K, 36 young (36864K), 1 survivors (1024K)
 Metaspace       used 37337K, committed 37696K, reserved 1114112K
  class space    used 4856K, committed 4992K, reserved 1048576K
}
Event: 4172.560 GC heap after
{Heap after GC invocations=63 (full 3):
 garbage-first heap   total 65536K, used 18486K [0x00000000c0000000, 0x0000000100000000)
  region size 1024K, 1 young (1024K), 1 survivors (1024K)
 Metaspace       used 37337K, committed 37696K, reserved 1114112K
  class space    used 4856K, committed 4992K, reserved 1048576K
}
Event: 4535.998 GC heap before
{Heap before GC invocations=63 (full 3):
 garbage-first heap   total 65536K, used 54326K [0x00000000c0000000, 0x0000000100000000)
  region size 1024K, 36 young (36864K), 1 survivors (1024K)
 Metaspace       used 37337K, committed 37696K, reserved 1114112K
  class space    used 4856K, committed 4992K, reserved 1048576K
}
Event: 4535.999 GC heap after
{Heap after GC invocations=64 (full 3):
 garbage-first heap   total 65536K, used 18489K [0x00000000c0000000, 0x0000000100000000)
  region size 1024K, 1 young (1024K), 1 survivors (1024K)
 Metaspace       used 37337K, committed 37696K, reserved 1114112K
  class space    used 4856K, committed 4992K, reserved 1048576K
}
Event: 4806.546 GC heap before
{Heap before GC invocations=64 (full 3):
 garbage-first heap   total 65536K, used 38969K [0x00000000c0000000, 0x0000000100000000)
  region size 1024K, 22 young (22528K), 1 survivors (1024K)
 Metaspace       used 37337K, committed 37696K, reserved 1114112K
  class space    used 4856K, committed 4992K, reserved 1048576K
}
Event: 4806.569 GC heap after
{Heap after GC invocations=65 (full 4):
 garbage-first heap   total 65536K, used 18361K [0x00000000c0000000, 0x0000000100000000)
  region size 1024K, 0 young (0K), 0 survivors (0K)
 Metaspace       used 37326K, committed 37696K, reserved 1114112K
  class space    used 4853K, committed 4992K, reserved 1048576K
}
Event: 4816.691 GC heap before
{Heap before GC invocations=65 (full 4):
 garbage-first heap   total 65536K, used 18361K [0x00000000c0000000, 0x0000000100000000)
  region size 1024K, 1 young (1024K), 0 survivors (0K)
 Metaspace       used 37326K, committed 37696K, reserved 1114112K
  class space    used 4853K, committed 4992K, reserved 1048576K
}
Event: 4816.702 GC heap after
{Heap after GC invocations=66 (full 5):
 garbage-first heap   total 65536K, used 18361K [0x00000000c0000000, 0x0000000100000000)
  region size 1024K, 0 young (0K), 0 survivors (0K)
 Metaspace       used 37326K, committed 37696K, reserved 1114112K
  class space    used 4853K, committed 4992K, reserved 1048576K
}
Event: 4826.823 GC heap before
{Heap before GC invocations=66 (full 5):
 garbage-first heap   total 65536K, used 18361K [0x00000000c0000000, 0x0000000100000000)
  region size 1024K, 1 young (1024K), 0 survivors (0K)
 Metaspace       used 37326K, committed 37696K, reserved 1114112K
  class space    used 4853K, committed 4992K, reserved 1048576K
}
Event: 4826.837 GC heap after
{Heap after GC invocations=67 (full 6):
 garbage-first heap   total 65536K, used 18361K [0x00000000c0000000, 0x0000000100000000)
  region size 1024K, 0 young (0K), 0 survivors (0K)
 Metaspace       used 37326K, committed 37696K, reserved 1114112K
  class space    used 4853K, committed 4992K, reserved 1048576K
}
Event: 4866.975 GC heap before
{Heap before GC invocations=67 (full 6):
 garbage-first heap   total 65536K, used 18361K [0x00000000c0000000, 0x0000000100000000)
  region size 1024K, 1 young (1024K), 0 survivors (0K)
 Metaspace       used 37326K, committed 37696K, reserved 1114112K
  class space    used 4853K, committed 4992K, reserved 1048576K
}
Event: 4866.989 GC heap after
{Heap after GC invocations=68 (full 7):
 garbage-first heap   total 65536K, used 18361K [0x00000000c0000000, 0x0000000100000000)
  region size 1024K, 0 young (0K), 0 survivors (0K)
 Metaspace       used 37326K, committed 37696K, reserved 1114112K
  class space    used 4853K, committed 4992K, reserved 1048576K
}
Event: 4877.101 GC heap before
{Heap before GC invocations=68 (full 7):
 garbage-first heap   total 65536K, used 18361K [0x00000000c0000000, 0x0000000100000000)
  region size 1024K, 1 young (1024K), 0 survivors (0K)
 Metaspace       used 37326K, committed 37696K, reserved 1114112K
  class space    used 4853K, committed 4992K, reserved 1048576K
}
Event: 4877.117 GC heap after
{Heap after GC invocations=69 (full 8):
 garbage-first heap   total 65536K, used 18361K [0x00000000c0000000, 0x0000000100000000)
  region size 1024K, 0 young (0K), 0 survivors (0K)
 Metaspace       used 37326K, committed 37696K, reserved 1114112K
  class space    used 4853K, committed 4992K, reserved 1048576K
}
Event: 4887.234 GC heap before
{Heap before GC invocations=69 (full 8):
 garbage-first heap   total 65536K, used 18361K [0x00000000c0000000, 0x0000000100000000)
  region size 1024K, 1 young (1024K), 0 survivors (0K)
 Metaspace       used 37326K, committed 37696K, reserved 1114112K
  class space    used 4853K, committed 4992K, reserved 1048576K
}
Event: 4887.247 GC heap after
{Heap after GC invocations=70 (full 9):
 garbage-first heap   total 65536K, used 18361K [0x00000000c0000000, 0x0000000100000000)
  region size 1024K, 0 young (0K), 0 survivors (0K)
 Metaspace       used 37326K, committed 37696K, reserved 1114112K
  class space    used 4853K, committed 4992K, reserved 1048576K
}
Event: 4897.374 GC heap before
{Heap before GC invocations=70 (full 9):
 garbage-first heap   total 65536K, used 18361K [0x00000000c0000000, 0x0000000100000000)
  region size 1024K, 1 young (1024K), 0 survivors (0K)
 Metaspace       used 37326K, committed 37696K, reserved 1114112K
  class space    used 4853K, committed 4992K, reserved 1048576K
}
Event: 4897.388 GC heap after
{Heap after GC invocations=71 (full 10):
 garbage-first heap   total 65536K, used 18360K [0x00000000c0000000, 0x0000000100000000)
  region size 1024K, 0 young (0K), 0 survivors (0K)
 Metaspace       used 37326K, committed 37696K, reserved 1114112K
  class space    used 4853K, committed 4992K, reserved 1048576K
}

