# JRE version: OpenJDK Runtime Environment Temurin-17.0.7+7 (17.0.7+7) (build 17.0.7+7)
# Java VM: OpenJDK 64-Bit Server VM Temurin-17.0.7+7 (17.0.7+7, mixed mode, tiered, compressed oops, compressed class ptrs, parallel gc, windows-amd64)
GC Precious Log:
 CPUs: 12 total, 12 available
 Memory: 16160M
 Large Page Support: Disabled
 NUMA Support: Disabled
 Compressed Oops: Enabled (32-bit)
 Alignments: Space 512K, Generation 512K, Heap 2M
 Heap Min Capacity: 100M
 Heap Initial Capacity: 100M
 Heap Max Capacity: 1G
 Pre-touch: Disabled
 Parallel Workers: 10
Heap:
 PSYoungGen      total 13312K, used 13285K [0x00000000eab00000, 0x00000000ecb80000, 0x0000000100000000)
  eden space 9728K, 100% used [0x00000000eab00000,0x00000000eb480000,0x00000000eb480000)
  from space 3584K, 99% used [0x00000000eb480000,0x00000000eb7f9550,0x00000000eb800000)
  to   space 11264K, 87% used [0x00000000ec080000,0x00000000eca27c00,0x00000000ecb80000)
 ParOldGen       total 177664K, used 125189K [0x00000000c0000000, 0x00000000cad80000, 0x00000000eab00000)
  object space 177664K, 70% used [0x00000000c0000000,0x00000000c7a416c0,0x00000000cad80000)
 Metaspace       used 82516K, committed 83904K, reserved 1179648K
  class space    used 8616K, committed 9280K, reserved 1048576K
GC Heap History (20 events):
Event: 87.762 GC heap after
{Heap after GC invocations=529 (full 19):
 PSYoungGen      total 7680K, used 1341K [0x00000000eab00000, 0x00000000eb580000, 0x0000000100000000)
  eden space 6144K, 0% used [0x00000000eab00000,0x00000000eab00000,0x00000000eb100000)
  from space 1536K, 87% used [0x00000000eb100000,0x00000000eb24f500,0x00000000eb280000)
  to   space 1536K, 0% used [0x00000000eb400000,0x00000000eb400000,0x00000000eb580000)
 ParOldGen       total 165376K, used 139687K [0x00000000c0000000, 0x00000000ca180000, 0x00000000eab00000)
  object space 165376K, 84% used [0x00000000c0000000,0x00000000c8869c40,0x00000000ca180000)
 Metaspace       used 82335K, committed 83776K, reserved 1179648K
  class space    used 8602K, committed 9280K, reserved 1048576K
}
Event: 87.774 GC heap before
{Heap before GC invocations=530 (full 19):
 PSYoungGen      total 7680K, used 7485K [0x00000000eab00000, 0x00000000eb580000, 0x0000000100000000)
  eden space 6144K, 100% used [0x00000000eab00000,0x00000000eb100000,0x00000000eb100000)
  from space 1536K, 87% used [0x00000000eb100000,0x00000000eb24f500,0x00000000eb280000)
  to   space 1536K, 0% used [0x00000000eb400000,0x00000000eb400000,0x00000000eb580000)
 ParOldGen       total 165376K, used 139687K [0x00000000c0000000, 0x00000000ca180000, 0x00000000eab00000)
  object space 165376K, 84% used [0x00000000c0000000,0x00000000c8869c40,0x00000000ca180000)
 Metaspace       used 82335K, committed 83776K, reserved 1179648K
  class space    used 8602K, committed 9280K, reserved 1048576K
}
Event: 87.775 GC heap after
{Heap after GC invocations=530 (full 19):
 PSYoungGen      total 7680K, used 1521K [0x00000000eab00000, 0x00000000eb800000, 0x0000000100000000)
  eden space 6144K, 0% used [0x00000000eab00000,0x00000000eab00000,0x00000000eb100000)
  from space 1536K, 99% used [0x00000000eb400000,0x00000000eb57c600,0x00000000eb580000)
  to   space 3072K, 0% used [0x00000000eb100000,0x00000000eb100000,0x00000000eb400000)
 ParOldGen       total 165376K, used 140706K [0x00000000c0000000, 0x00000000ca180000, 0x00000000eab00000)
  object space 165376K, 85% used [0x00000000c0000000,0x00000000c8968800,0x00000000ca180000)
 Metaspace       used 82335K, committed 83776K, reserved 1179648K
  class space    used 8602K, committed 9280K, reserved 1048576K
}
Event: 87.789 GC heap before
{Heap before GC invocations=531 (full 19):
 PSYoungGen      total 7680K, used 7665K [0x00000000eab00000, 0x00000000eb800000, 0x0000000100000000)
  eden space 6144K, 100% used [0x00000000eab00000,0x00000000eb100000,0x00000000eb100000)
  from space 1536K, 99% used [0x00000000eb400000,0x00000000eb57c600,0x00000000eb580000)
  to   space 3072K, 0% used [0x00000000eb100000,0x00000000eb100000,0x00000000eb400000)
 ParOldGen       total 165376K, used 140706K [0x00000000c0000000, 0x00000000ca180000, 0x00000000eab00000)
  object space 165376K, 85% used [0x00000000c0000000,0x00000000c8968800,0x00000000ca180000)
 Metaspace       used 82341K, committed 83776K, reserved 1179648K
  class space    used 8602K, committed 9280K, reserved 1048576K
}
Event: 87.791 GC heap after
{Heap after GC invocations=531 (full 19):
 PSYoungGen      total 9216K, used 1731K [0x00000000eab00000, 0x00000000eb600000, 0x0000000100000000)
  eden space 6144K, 0% used [0x00000000eab00000,0x00000000eab00000,0x00000000eb100000)
  from space 3072K, 56% used [0x00000000eb100000,0x00000000eb2b0c00,0x00000000eb400000)
  to   space 2048K, 0% used [0x00000000eb400000,0x00000000eb400000,0x00000000eb600000)
 ParOldGen       total 165376K, used 142156K [0x00000000c0000000, 0x00000000ca180000, 0x00000000eab00000)
  object space 165376K, 85% used [0x00000000c0000000,0x00000000c8ad32c8,0x00000000ca180000)
 Metaspace       used 82341K, committed 83776K, reserved 1179648K
  class space    used 8602K, committed 9280K, reserved 1048576K
}
Event: 87.825 GC heap before
{Heap before GC invocations=532 (full 19):
 PSYoungGen      total 9216K, used 7239K [0x00000000eab00000, 0x00000000eb600000, 0x0000000100000000)
  eden space 6144K, 89% used [0x00000000eab00000,0x00000000eb0612a0,0x00000000eb100000)
  from space 3072K, 56% used [0x00000000eb100000,0x00000000eb2b0c00,0x00000000eb400000)
  to   space 2048K, 0% used [0x00000000eb400000,0x00000000eb400000,0x00000000eb600000)
 ParOldGen       total 165376K, used 161356K [0x00000000c0000000, 0x00000000ca180000, 0x00000000eab00000)
  object space 165376K, 97% used [0x00000000c0000000,0x00000000c9d932e8,0x00000000ca180000)
 Metaspace       used 82348K, committed 83776K, reserved 1179648K
  class space    used 8602K, committed 9280K, reserved 1048576K
}
Event: 87.828 GC heap after
{Heap after GC invocations=532 (full 19):
 PSYoungGen      total 9216K, used 1536K [0x00000000eab00000, 0x00000000eb600000, 0x0000000100000000)
  eden space 7168K, 0% used [0x00000000eab00000,0x00000000eab00000,0x00000000eb200000)
  from space 2048K, 75% used [0x00000000eb400000,0x00000000eb580020,0x00000000eb600000)
  to   space 2048K, 0% used [0x00000000eb200000,0x00000000eb200000,0x00000000eb400000)
 ParOldGen       total 165376K, used 162911K [0x00000000c0000000, 0x00000000ca180000, 0x00000000eab00000)
  object space 165376K, 98% used [0x00000000c0000000,0x00000000c9f17f38,0x00000000ca180000)
 Metaspace       used 82348K, committed 83776K, reserved 1179648K
  class space    used 8602K, committed 9280K, reserved 1048576K
}
Event: 88.167 GC heap before
{Heap before GC invocations=533 (full 19):
 PSYoungGen      total 9216K, used 8704K [0x00000000eab00000, 0x00000000eb600000, 0x0000000100000000)
  eden space 7168K, 100% used [0x00000000eab00000,0x00000000eb200000,0x00000000eb200000)
  from space 2048K, 75% used [0x00000000eb400000,0x00000000eb580020,0x00000000eb600000)
  to   space 2048K, 0% used [0x00000000eb200000,0x00000000eb200000,0x00000000eb400000)
 ParOldGen       total 177152K, used 174431K [0x00000000c0000000, 0x00000000cad00000, 0x00000000eab00000)
  object space 177152K, 98% used [0x00000000c0000000,0x00000000caa57f48,0x00000000cad00000)
 Metaspace       used 82357K, committed 83840K, reserved 1179648K
  class space    used 8602K, committed 9280K, reserved 1048576K
}
Event: 88.172 GC heap after
{Heap after GC invocations=533 (full 19):
 PSYoungGen      total 9216K, used 2022K [0x00000000eab00000, 0x00000000ec000000, 0x0000000100000000)
  eden space 7168K, 0% used [0x00000000eab00000,0x00000000eab00000,0x00000000eb200000)
  from space 2048K, 98% used [0x00000000eb200000,0x00000000eb3f9800,0x00000000eb400000)
  to   space 6656K, 0% used [0x00000000eb980000,0x00000000eb980000,0x00000000ec000000)
 ParOldGen       total 178176K, used 178157K [0x00000000c0000000, 0x00000000cae00000, 0x00000000eab00000)
  object space 178176K, 99% used [0x00000000c0000000,0x00000000cadfb708,0x00000000cae00000)
 Metaspace       used 82357K, committed 83840K, reserved 1179648K
  class space    used 8602K, committed 9280K, reserved 1048576K
}
Event: 88.172 GC heap before
{Heap before GC invocations=534 (full 20):
 PSYoungGen      total 9216K, used 2022K [0x00000000eab00000, 0x00000000ec000000, 0x0000000100000000)
  eden space 7168K, 0% used [0x00000000eab00000,0x00000000eab00000,0x00000000eb200000)
  from space 2048K, 98% used [0x00000000eb200000,0x00000000eb3f9800,0x00000000eb400000)
  to   space 6656K, 0% used [0x00000000eb980000,0x00000000eb980000,0x00000000ec000000)
 ParOldGen       total 178176K, used 178157K [0x00000000c0000000, 0x00000000cae00000, 0x00000000eab00000)
  object space 178176K, 99% used [0x00000000c0000000,0x00000000cadfb708,0x00000000cae00000)
 Metaspace       used 82357K, committed 83840K, reserved 1179648K
  class space    used 8602K, committed 9280K, reserved 1048576K
}
Event: 88.264 GC heap after
{Heap after GC invocations=534 (full 20):
 PSYoungGen      total 14848K, used 0K [0x00000000eab00000, 0x00000000ec000000, 0x0000000100000000)
  eden space 8192K, 0% used [0x00000000eab00000,0x00000000eab00000,0x00000000eb300000)
  from space 6656K, 0% used [0x00000000eb980000,0x00000000eb980000,0x00000000ec000000)
  to   space 6656K, 0% used [0x00000000eb300000,0x00000000eb300000,0x00000000eb980000)
 ParOldGen       total 177664K, used 118865K [0x00000000c0000000, 0x00000000cad80000, 0x00000000eab00000)
  object space 177664K, 66% used [0x00000000c0000000,0x00000000c7414530,0x00000000cad80000)
 Metaspace       used 82357K, committed 83840K, reserved 1179648K
  class space    used 8602K, committed 9280K, reserved 1048576K
}
Event: 88.391 GC heap before
{Heap before GC invocations=535 (full 20):
 PSYoungGen      total 14848K, used 8192K [0x00000000eab00000, 0x00000000ec000000, 0x0000000100000000)
  eden space 8192K, 100% used [0x00000000eab00000,0x00000000eb300000,0x00000000eb300000)
  from space 6656K, 0% used [0x00000000eb980000,0x00000000eb980000,0x00000000ec000000)
  to   space 6656K, 0% used [0x00000000eb300000,0x00000000eb300000,0x00000000eb980000)
 ParOldGen       total 177664K, used 118865K [0x00000000c0000000, 0x00000000cad80000, 0x00000000eab00000)
  object space 177664K, 66% used [0x00000000c0000000,0x00000000c7414530,0x00000000cad80000)
 Metaspace       used 82376K, committed 83840K, reserved 1179648K
  class space    used 8602K, committed 9280K, reserved 1048576K
}
Event: 88.394 GC heap after
{Heap after GC invocations=535 (full 20):
 PSYoungGen      total 10752K, used 2388K [0x00000000eab00000, 0x00000000ebc00000, 0x0000000100000000)
  eden space 8192K, 0% used [0x00000000eab00000,0x00000000eab00000,0x00000000eb300000)
  from space 2560K, 93% used [0x00000000eb300000,0x00000000eb555200,0x00000000eb580000)
  to   space 4096K, 0% used [0x00000000eb800000,0x00000000eb800000,0x00000000ebc00000)
 ParOldGen       total 177664K, used 118873K [0x00000000c0000000, 0x00000000cad80000, 0x00000000eab00000)
  object space 177664K, 66% used [0x00000000c0000000,0x00000000c7416530,0x00000000cad80000)
 Metaspace       used 82376K, committed 83840K, reserved 1179648K
  class space    used 8602K, committed 9280K, reserved 1048576K
}
Event: 88.455 GC heap before
{Heap before GC invocations=536 (full 20):
 PSYoungGen      total 10752K, used 10580K [0x00000000eab00000, 0x00000000ebc00000, 0x0000000100000000)
  eden space 8192K, 100% used [0x00000000eab00000,0x00000000eb300000,0x00000000eb300000)
  from space 2560K, 93% used [0x00000000eb300000,0x00000000eb555200,0x00000000eb580000)
  to   space 4096K, 0% used [0x00000000eb800000,0x00000000eb800000,0x00000000ebc00000)
 ParOldGen       total 177664K, used 118873K [0x00000000c0000000, 0x00000000cad80000, 0x00000000eab00000)
  object space 177664K, 66% used [0x00000000c0000000,0x00000000c7416530,0x00000000cad80000)
 Metaspace       used 82376K, committed 83840K, reserved 1179648K
  class space    used 8602K, committed 9280K, reserved 1048576K
}
Event: 88.457 GC heap after
{Heap after GC invocations=536 (full 20):
 PSYoungGen      total 12800K, used 3092K [0x00000000eab00000, 0x00000000ebb80000, 0x0000000100000000)
  eden space 9216K, 0% used [0x00000000eab00000,0x00000000eab00000,0x00000000eb400000)
  from space 3584K, 86% used [0x00000000eb800000,0x00000000ebb05220,0x00000000ebb80000)
  to   space 3584K, 0% used [0x00000000eb480000,0x00000000eb480000,0x00000000eb800000)
 ParOldGen       total 177664K, used 118873K [0x00000000c0000000, 0x00000000cad80000, 0x00000000eab00000)
  object space 177664K, 66% used [0x00000000c0000000,0x00000000c7416530,0x00000000cad80000)
 Metaspace       used 82376K, committed 83840K, reserved 1179648K
  class space    used 8602K, committed 9280K, reserved 1048576K
}
Event: 88.501 GC heap before
{Heap before GC invocations=537 (full 20):
 PSYoungGen      total 12800K, used 12308K [0x00000000eab00000, 0x00000000ebb80000, 0x0000000100000000)
  eden space 9216K, 100% used [0x00000000eab00000,0x00000000eb400000,0x00000000eb400000)
  from space 3584K, 86% used [0x00000000eb800000,0x00000000ebb05220,0x00000000ebb80000)
  to   space 3584K, 0% used [0x00000000eb480000,0x00000000eb480000,0x00000000eb800000)
 ParOldGen       total 177664K, used 118873K [0x00000000c0000000, 0x00000000cad80000, 0x00000000eab00000)
  object space 177664K, 66% used [0x00000000c0000000,0x00000000c7416530,0x00000000cad80000)
 Metaspace       used 82440K, committed 83904K, reserved 1179648K
  class space    used 8608K, committed 9280K, reserved 1048576K
}
Event: 88.503 GC heap after
{Heap after GC invocations=537 (full 20):
 PSYoungGen      total 13312K, used 2484K [0x00000000eab00000, 0x00000000ebb00000, 0x0000000100000000)
  eden space 9728K, 0% used [0x00000000eab00000,0x00000000eab00000,0x00000000eb480000)
  from space 3584K, 69% used [0x00000000eb480000,0x00000000eb6ed200,0x00000000eb800000)
  to   space 3072K, 0% used [0x00000000eb800000,0x00000000eb800000,0x00000000ebb00000)
 ParOldGen       total 177664K, used 118873K [0x00000000c0000000, 0x00000000cad80000, 0x00000000eab00000)
  object space 177664K, 66% used [0x00000000c0000000,0x00000000c7416530,0x00000000cad80000)
 Metaspace       used 82440K, committed 83904K, reserved 1179648K
  class space    used 8608K, committed 9280K, reserved 1048576K
}
Event: 88.554 GC heap before
{Heap before GC invocations=538 (full 20):
 PSYoungGen      total 13312K, used 12210K [0x00000000eab00000, 0x00000000ebb00000, 0x0000000100000000)
  eden space 9728K, 99% used [0x00000000eab00000,0x00000000eb47f6c8,0x00000000eb480000)
  from space 3584K, 69% used [0x00000000eb480000,0x00000000eb6ed200,0x00000000eb800000)
  to   space 3072K, 0% used [0x00000000eb800000,0x00000000eb800000,0x00000000ebb00000)
 ParOldGen       total 177664K, used 118873K [0x00000000c0000000, 0x00000000cad80000, 0x00000000eab00000)
  object space 177664K, 66% used [0x00000000c0000000,0x00000000c7416530,0x00000000cad80000)
 Metaspace       used 82453K, committed 83904K, reserved 1179648K
  class space    used 8608K, committed 9280K, reserved 1048576K
}
Event: 88.558 GC heap after
{Heap after GC invocations=538 (full 20):
 PSYoungGen      total 12800K, used 3060K [0x00000000eab00000, 0x00000000ebc80000, 0x0000000100000000)
  eden space 9728K, 0% used [0x00000000eab00000,0x00000000eab00000,0x00000000eb480000)
  from space 3072K, 99% used [0x00000000eb800000,0x00000000ebafd200,0x00000000ebb00000)
  to   space 3584K, 0% used [0x00000000eb480000,0x00000000eb480000,0x00000000eb800000)
 ParOldGen       total 177664K, used 118929K [0x00000000c0000000, 0x00000000cad80000, 0x00000000eab00000)
  object space 177664K, 66% used [0x00000000c0000000,0x00000000c7424540,0x00000000cad80000)
 Metaspace       used 82453K, committed 83904K, reserved 1179648K
  class space    used 8608K, committed 9280K, reserved 1048576K
}
Event: 88.656 GC heap before
{Heap before GC invocations=539 (full 20):
 PSYoungGen      total 12800K, used 12788K [0x00000000eab00000, 0x00000000ebc80000, 0x0000000100000000)
  eden space 9728K, 100% used [0x00000000eab00000,0x00000000eb480000,0x00000000eb480000)
  from space 3072K, 99% used [0x00000000eb800000,0x00000000ebafd200,0x00000000ebb00000)
  to   space 3584K, 0% used [0x00000000eb480000,0x00000000eb480000,0x00000000eb800000)
 ParOldGen       total 177664K, used 118929K [0x00000000c0000000, 0x00000000cad80000, 0x00000000eab00000)
  object space 177664K, 66% used [0x00000000c0000000,0x00000000c7424540,0x00000000cad80000)
 Metaspace       used 82507K, committed 83904K, reserved 1179648K
  class space    used 8615K, committed 9280K, reserved 1048576K
}

