# JRE version: OpenJDK Runtime Environment Temurin-17.0.7+7 (17.0.7+7) (build 17.0.7+7)
# Java VM: OpenJDK 64-Bit Server VM Temurin-17.0.7+7 (17.0.7+7, mixed mode, emulated-client, tiered, compressed oops, compressed class ptrs, g1 gc, windows-amd64)
GC Precious Log:
 CPUs: 12 total, 12 available
 Memory: 16160M
 Large Page Support: Disabled
 NUMA Support: Disabled
 Compressed Oops: Enabled (32-bit)
 Heap Region Size: 1M
 Heap Min Capacity: 8M
 Heap Initial Capacity: 254M
 Heap Max Capacity: 1G
 Pre-touch: Disabled
 Parallel Workers: 10
 Concurrent Workers: 3
 Concurrent Refinement Workers: 10
 Periodic GC: Disabled
Heap:
 garbage-first heap   total 342016K, used 99647K [0x00000000c0000000, 0x0000000100000000)
  region size 1024K, 1 young (1024K), 0 survivors (0K)
 Metaspace       used 75087K, committed 75904K, reserved 1114112K
  class space    used 10258K, committed 10624K, reserved 1048576K
GC Heap History (20 events):
Event: 1635.423 GC heap before
{Heap before GC invocations=194 (full 96):
 garbage-first heap   total 342016K, used 108797K [0x00000000c0000000, 0x0000000100000000)
  region size 1024K, 10 young (10240K), 0 survivors (0K)
 Metaspace       used 75087K, committed 75904K, reserved 1114112K
  class space    used 10258K, committed 10624K, reserved 1048576K
}
Event: 1635.477 GC heap after
{Heap after GC invocations=195 (full 97):
 garbage-first heap   total 342016K, used 99605K [0x00000000c0000000, 0x0000000100000000)
  region size 1024K, 0 young (0K), 0 survivors (0K)
 Metaspace       used 75087K, committed 75904K, reserved 1114112K
  class space    used 10258K, committed 10624K, reserved 1048576K
}
Event: 1645.607 GC heap before
{Heap before GC invocations=195 (full 97):
 garbage-first heap   total 342016K, used 99605K [0x00000000c0000000, 0x0000000100000000)
  region size 1024K, 1 young (1024K), 0 survivors (0K)
 Metaspace       used 75087K, committed 75904K, reserved 1114112K
  class space    used 10258K, committed 10624K, reserved 1048576K
}
Event: 1645.661 GC heap after
{Heap after GC invocations=196 (full 98):
 garbage-first heap   total 342016K, used 99604K [0x00000000c0000000, 0x0000000100000000)
  region size 1024K, 0 young (0K), 0 survivors (0K)
 Metaspace       used 75087K, committed 75904K, reserved 1114112K
  class space    used 10258K, committed 10624K, reserved 1048576K
}
Event: 1655.830 GC heap before
{Heap before GC invocations=196 (full 98):
 garbage-first heap   total 342016K, used 99604K [0x00000000c0000000, 0x0000000100000000)
  region size 1024K, 1 young (1024K), 0 survivors (0K)
 Metaspace       used 75087K, committed 75904K, reserved 1114112K
  class space    used 10258K, committed 10624K, reserved 1048576K
}
Event: 1655.892 GC heap after
{Heap after GC invocations=197 (full 99):
 garbage-first heap   total 342016K, used 99604K [0x00000000c0000000, 0x0000000100000000)
  region size 1024K, 0 young (0K), 0 survivors (0K)
 Metaspace       used 75087K, committed 75904K, reserved 1114112K
  class space    used 10258K, committed 10624K, reserved 1048576K
}
Event: 1666.100 GC heap before
{Heap before GC invocations=197 (full 99):
 garbage-first heap   total 342016K, used 99604K [0x00000000c0000000, 0x0000000100000000)
  region size 1024K, 1 young (1024K), 0 survivors (0K)
 Metaspace       used 75087K, committed 75904K, reserved 1114112K
  class space    used 10258K, committed 10624K, reserved 1048576K
}
Event: 1666.159 GC heap after
{Heap after GC invocations=198 (full 100):
 garbage-first heap   total 342016K, used 99601K [0x00000000c0000000, 0x0000000100000000)
  region size 1024K, 0 young (0K), 0 survivors (0K)
 Metaspace       used 75087K, committed 75904K, reserved 1114112K
  class space    used 10258K, committed 10624K, reserved 1048576K
}
Event: 1726.395 GC heap before
{Heap before GC invocations=198 (full 100):
 garbage-first heap   total 342016K, used 109841K [0x00000000c0000000, 0x0000000100000000)
  region size 1024K, 11 young (11264K), 0 survivors (0K)
 Metaspace       used 75087K, committed 75904K, reserved 1114112K
  class space    used 10258K, committed 10624K, reserved 1048576K
}
Event: 1726.460 GC heap after
{Heap after GC invocations=199 (full 101):
 garbage-first heap   total 342016K, used 99650K [0x00000000c0000000, 0x0000000100000000)
  region size 1024K, 0 young (0K), 0 survivors (0K)
 Metaspace       used 75087K, committed 75904K, reserved 1114112K
  class space    used 10258K, committed 10624K, reserved 1048576K
}
Event: 1736.657 GC heap before
{Heap before GC invocations=199 (full 101):
 garbage-first heap   total 342016K, used 99650K [0x00000000c0000000, 0x0000000100000000)
  region size 1024K, 1 young (1024K), 0 survivors (0K)
 Metaspace       used 75087K, committed 75904K, reserved 1114112K
  class space    used 10258K, committed 10624K, reserved 1048576K
}
Event: 1736.716 GC heap after
{Heap after GC invocations=200 (full 102):
 garbage-first heap   total 342016K, used 99650K [0x00000000c0000000, 0x0000000100000000)
  region size 1024K, 0 young (0K), 0 survivors (0K)
 Metaspace       used 75087K, committed 75904K, reserved 1114112K
  class space    used 10258K, committed 10624K, reserved 1048576K
}
Event: 1746.861 GC heap before
{Heap before GC invocations=200 (full 102):
 garbage-first heap   total 342016K, used 99650K [0x00000000c0000000, 0x0000000100000000)
  region size 1024K, 1 young (1024K), 0 survivors (0K)
 Metaspace       used 75087K, committed 75904K, reserved 1114112K
  class space    used 10258K, committed 10624K, reserved 1048576K
}
Event: 1746.915 GC heap after
{Heap after GC invocations=201 (full 103):
 garbage-first heap   total 342016K, used 99650K [0x00000000c0000000, 0x0000000100000000)
  region size 1024K, 0 young (0K), 0 survivors (0K)
 Metaspace       used 75087K, committed 75904K, reserved 1114112K
  class space    used 10258K, committed 10624K, reserved 1048576K
}
Event: 1757.061 GC heap before
{Heap before GC invocations=201 (full 103):
 garbage-first heap   total 342016K, used 99650K [0x00000000c0000000, 0x0000000100000000)
  region size 1024K, 1 young (1024K), 0 survivors (0K)
 Metaspace       used 75087K, committed 75904K, reserved 1114112K
  class space    used 10258K, committed 10624K, reserved 1048576K
}
Event: 1757.116 GC heap after
{Heap after GC invocations=202 (full 104):
 garbage-first heap   total 342016K, used 99647K [0x00000000c0000000, 0x0000000100000000)
  region size 1024K, 0 young (0K), 0 survivors (0K)
 Metaspace       used 75087K, committed 75904K, reserved 1114112K
  class space    used 10258K, committed 10624K, reserved 1048576K
}
Event: 1767.286 GC heap before
{Heap before GC invocations=202 (full 104):
 garbage-first heap   total 342016K, used 99647K [0x00000000c0000000, 0x0000000100000000)
  region size 1024K, 1 young (1024K), 0 survivors (0K)
 Metaspace       used 75087K, committed 75904K, reserved 1114112K
  class space    used 10258K, committed 10624K, reserved 1048576K
}
Event: 1767.346 GC heap after
{Heap after GC invocations=203 (full 105):
 garbage-first heap   total 342016K, used 99647K [0x00000000c0000000, 0x0000000100000000)
  region size 1024K, 0 young (0K), 0 survivors (0K)
 Metaspace       used 75087K, committed 75904K, reserved 1114112K
  class space    used 10258K, committed 10624K, reserved 1048576K
}
Event: 1777.551 GC heap before
{Heap before GC invocations=203 (full 105):
 garbage-first heap   total 342016K, used 99647K [0x00000000c0000000, 0x0000000100000000)
  region size 1024K, 1 young (1024K), 0 survivors (0K)
 Metaspace       used 75087K, committed 75904K, reserved 1114112K
  class space    used 10258K, committed 10624K, reserved 1048576K
}
Event: 1777.616 GC heap after
{Heap after GC invocations=204 (full 106):
 garbage-first heap   total 342016K, used 99647K [0x00000000c0000000, 0x0000000100000000)
  region size 1024K, 0 young (0K), 0 survivors (0K)
 Metaspace       used 75087K, committed 75904K, reserved 1114112K
  class space    used 10258K, committed 10624K, reserved 1048576K
}

