# JRE version: OpenJDK Runtime Environment Temurin-17.0.7+7 (17.0.7+7) (build 17.0.7+7)
# Java VM: OpenJDK 64-Bit Server VM Temurin-17.0.7+7 (17.0.7+7, mixed mode, tiered, compressed oops, compressed class ptrs, parallel gc, windows-amd64)
GC Precious Log:
 CPUs: 12 total, 12 available
 Memory: 16160M
 Large Page Support: Disabled
 NUMA Support: Disabled
 Compressed Oops: Enabled (32-bit)
 Alignments: Space 512K, Generation 512K, Heap 2M
 Heap Min Capacity: 100M
 Heap Initial Capacity: 100M
 Heap Max Capacity: 1G
 Pre-touch: Disabled
 Parallel Workers: 10
Heap:
 PSYoungGen      total 41472K, used 15344K [0x00000000eab00000, 0x00000000ee400000, 0x0000000100000000)
  eden space 26112K, 0% used [0x00000000eab00000,0x00000000eab00000,0x00000000ec480000)
  from space 15360K, 99% used [0x00000000ec600000,0x00000000ed4fc008,0x00000000ed500000)
  to   space 13824K, 0% used [0x00000000ed680000,0x00000000ed680000,0x00000000ee400000)
 ParOldGen       total 211456K, used 169465K [0x00000000c0000000, 0x00000000cce80000, 0x00000000eab00000)
  object space 211456K, 80% used [0x00000000c0000000,0x00000000ca57e4c8,0x00000000cce80000)
 Metaspace       used 86607K, committed 87936K, reserved 1179648K
  class space    used 8744K, committed 9344K, reserved 1048576K
GC Heap History (20 events):
Event: 287.010 GC heap after
{Heap after GC invocations=1493 (full 39):
 PSYoungGen      total 28160K, used 8690K [0x00000000eab00000, 0x00000000edc80000, 0x0000000100000000)
  eden space 19456K, 0% used [0x00000000eab00000,0x00000000eab00000,0x00000000ebe00000)
  from space 8704K, 99% used [0x00000000ecb00000,0x00000000ed37c868,0x00000000ed380000)
  to   space 13312K, 0% used [0x00000000ebe00000,0x00000000ebe00000,0x00000000ecb00000)
 ParOldGen       total 183808K, used 173294K [0x00000000c0000000, 0x00000000cb380000, 0x00000000eab00000)
  object space 183808K, 94% used [0x00000000c0000000,0x00000000ca93b8a0,0x00000000cb380000)
 Metaspace       used 86593K, committed 87936K, reserved 1179648K
  class space    used 8744K, committed 9344K, reserved 1048576K
}
Event: 287.043 GC heap before
{Heap before GC invocations=1494 (full 39):
 PSYoungGen      total 28160K, used 28146K [0x00000000eab00000, 0x00000000edc80000, 0x0000000100000000)
  eden space 19456K, 100% used [0x00000000eab00000,0x00000000ebe00000,0x00000000ebe00000)
  from space 8704K, 99% used [0x00000000ecb00000,0x00000000ed37c868,0x00000000ed380000)
  to   space 13312K, 0% used [0x00000000ebe00000,0x00000000ebe00000,0x00000000ecb00000)
 ParOldGen       total 183808K, used 173294K [0x00000000c0000000, 0x00000000cb380000, 0x00000000eab00000)
  object space 183808K, 94% used [0x00000000c0000000,0x00000000ca93b8a0,0x00000000cb380000)
 Metaspace       used 86594K, committed 87936K, reserved 1179648K
  class space    used 8744K, committed 9344K, reserved 1048576K
}
Event: 287.048 GC heap after
{Heap after GC invocations=1494 (full 39):
 PSYoungGen      total 28160K, used 8386K [0x00000000eab00000, 0x00000000ed380000, 0x0000000100000000)
  eden space 19456K, 0% used [0x00000000eab00000,0x00000000eab00000,0x00000000ebe00000)
  from space 8704K, 96% used [0x00000000ebe00000,0x00000000ec6308b0,0x00000000ec680000)
  to   space 10240K, 0% used [0x00000000ec980000,0x00000000ec980000,0x00000000ed380000)
 ParOldGen       total 183808K, used 175642K [0x00000000c0000000, 0x00000000cb380000, 0x00000000eab00000)
  object space 183808K, 95% used [0x00000000c0000000,0x00000000cab86be8,0x00000000cb380000)
 Metaspace       used 86594K, committed 87936K, reserved 1179648K
  class space    used 8744K, committed 9344K, reserved 1048576K
}
Event: 287.080 GC heap before
{Heap before GC invocations=1495 (full 39):
 PSYoungGen      total 28160K, used 27842K [0x00000000eab00000, 0x00000000ed380000, 0x0000000100000000)
  eden space 19456K, 100% used [0x00000000eab00000,0x00000000ebe00000,0x00000000ebe00000)
  from space 8704K, 96% used [0x00000000ebe00000,0x00000000ec6308b0,0x00000000ec680000)
  to   space 10240K, 0% used [0x00000000ec980000,0x00000000ec980000,0x00000000ed380000)
 ParOldGen       total 183808K, used 175642K [0x00000000c0000000, 0x00000000cb380000, 0x00000000eab00000)
  object space 183808K, 95% used [0x00000000c0000000,0x00000000cab86be8,0x00000000cb380000)
 Metaspace       used 86595K, committed 87936K, reserved 1179648K
  class space    used 8744K, committed 9344K, reserved 1048576K
}
Event: 287.086 GC heap after
{Heap after GC invocations=1495 (full 39):
 PSYoungGen      total 30208K, used 8343K [0x00000000eab00000, 0x00000000ed200000, 0x0000000100000000)
  eden space 21504K, 0% used [0x00000000eab00000,0x00000000eab00000,0x00000000ec000000)
  from space 8704K, 95% used [0x00000000ec980000,0x00000000ed1a5f80,0x00000000ed200000)
  to   space 8704K, 0% used [0x00000000ec100000,0x00000000ec100000,0x00000000ec980000)
 ParOldGen       total 183808K, used 175642K [0x00000000c0000000, 0x00000000cb380000, 0x00000000eab00000)
  object space 183808K, 95% used [0x00000000c0000000,0x00000000cab86be8,0x00000000cb380000)
 Metaspace       used 86595K, committed 87936K, reserved 1179648K
  class space    used 8744K, committed 9344K, reserved 1048576K
}
Event: 287.192 GC heap before
{Heap before GC invocations=1496 (full 39):
 PSYoungGen      total 30208K, used 29847K [0x00000000eab00000, 0x00000000ed200000, 0x0000000100000000)
  eden space 21504K, 100% used [0x00000000eab00000,0x00000000ec000000,0x00000000ec000000)
  from space 8704K, 95% used [0x00000000ec980000,0x00000000ed1a5f80,0x00000000ed200000)
  to   space 8704K, 0% used [0x00000000ec100000,0x00000000ec100000,0x00000000ec980000)
 ParOldGen       total 183808K, used 175642K [0x00000000c0000000, 0x00000000cb380000, 0x00000000eab00000)
  object space 183808K, 95% used [0x00000000c0000000,0x00000000cab86be8,0x00000000cb380000)
 Metaspace       used 86597K, committed 87936K, reserved 1179648K
  class space    used 8744K, committed 9344K, reserved 1048576K
}
Event: 287.197 GC heap after
{Heap after GC invocations=1496 (full 39):
 PSYoungGen      total 31232K, used 8418K [0x00000000eab00000, 0x00000000ed300000, 0x0000000100000000)
  eden space 22528K, 0% used [0x00000000eab00000,0x00000000eab00000,0x00000000ec100000)
  from space 8704K, 96% used [0x00000000ec100000,0x00000000ec9388b0,0x00000000ec980000)
  to   space 8704K, 0% used [0x00000000eca80000,0x00000000eca80000,0x00000000ed300000)
 ParOldGen       total 183808K, used 175642K [0x00000000c0000000, 0x00000000cb380000, 0x00000000eab00000)
  object space 183808K, 95% used [0x00000000c0000000,0x00000000cab86be8,0x00000000cb380000)
 Metaspace       used 86597K, committed 87936K, reserved 1179648K
  class space    used 8744K, committed 9344K, reserved 1048576K
}
Event: 287.556 GC heap before
{Heap before GC invocations=1497 (full 39):
 PSYoungGen      total 31232K, used 30946K [0x00000000eab00000, 0x00000000ed300000, 0x0000000100000000)
  eden space 22528K, 100% used [0x00000000eab00000,0x00000000ec100000,0x00000000ec100000)
  from space 8704K, 96% used [0x00000000ec100000,0x00000000ec9388b0,0x00000000ec980000)
  to   space 8704K, 0% used [0x00000000eca80000,0x00000000eca80000,0x00000000ed300000)
 ParOldGen       total 183808K, used 175642K [0x00000000c0000000, 0x00000000cb380000, 0x00000000eab00000)
  object space 183808K, 95% used [0x00000000c0000000,0x00000000cab86be8,0x00000000cb380000)
 Metaspace       used 86597K, committed 87936K, reserved 1179648K
  class space    used 8744K, committed 9344K, reserved 1048576K
}
Event: 287.561 GC heap after
{Heap after GC invocations=1497 (full 39):
 PSYoungGen      total 30208K, used 7271K [0x00000000eab00000, 0x00000000ed200000, 0x0000000100000000)
  eden space 22528K, 0% used [0x00000000eab00000,0x00000000eab00000,0x00000000ec100000)
  from space 7680K, 94% used [0x00000000eca80000,0x00000000ed199f50,0x00000000ed200000)
  to   space 8192K, 0% used [0x00000000ec200000,0x00000000ec200000,0x00000000eca00000)
 ParOldGen       total 183808K, used 175642K [0x00000000c0000000, 0x00000000cb380000, 0x00000000eab00000)
  object space 183808K, 95% used [0x00000000c0000000,0x00000000cab86be8,0x00000000cb380000)
 Metaspace       used 86597K, committed 87936K, reserved 1179648K
  class space    used 8744K, committed 9344K, reserved 1048576K
}
Event: 287.596 GC heap before
{Heap before GC invocations=1498 (full 39):
 PSYoungGen      total 30208K, used 29799K [0x00000000eab00000, 0x00000000ed200000, 0x0000000100000000)
  eden space 22528K, 100% used [0x00000000eab00000,0x00000000ec100000,0x00000000ec100000)
  from space 7680K, 94% used [0x00000000eca80000,0x00000000ed199f50,0x00000000ed200000)
  to   space 8192K, 0% used [0x00000000ec200000,0x00000000ec200000,0x00000000eca00000)
 ParOldGen       total 183808K, used 175642K [0x00000000c0000000, 0x00000000cb380000, 0x00000000eab00000)
  object space 183808K, 95% used [0x00000000c0000000,0x00000000cab86be8,0x00000000cb380000)
 Metaspace       used 86597K, committed 87936K, reserved 1179648K
  class space    used 8744K, committed 9344K, reserved 1048576K
}
Event: 287.600 GC heap after
{Heap after GC invocations=1498 (full 39):
 PSYoungGen      total 31744K, used 8178K [0x00000000eab00000, 0x00000000ed400000, 0x0000000100000000)
  eden space 23552K, 0% used [0x00000000eab00000,0x00000000eab00000,0x00000000ec200000)
  from space 8192K, 99% used [0x00000000ec200000,0x00000000ec9fc860,0x00000000eca00000)
  to   space 8704K, 0% used [0x00000000ecb80000,0x00000000ecb80000,0x00000000ed400000)
 ParOldGen       total 183808K, used 175842K [0x00000000c0000000, 0x00000000cb380000, 0x00000000eab00000)
  object space 183808K, 95% used [0x00000000c0000000,0x00000000cabb8be8,0x00000000cb380000)
 Metaspace       used 86597K, committed 87936K, reserved 1179648K
  class space    used 8744K, committed 9344K, reserved 1048576K
}
Event: 287.631 GC heap before
{Heap before GC invocations=1499 (full 39):
 PSYoungGen      total 31744K, used 31730K [0x00000000eab00000, 0x00000000ed400000, 0x0000000100000000)
  eden space 23552K, 100% used [0x00000000eab00000,0x00000000ec200000,0x00000000ec200000)
  from space 8192K, 99% used [0x00000000ec200000,0x00000000ec9fc860,0x00000000eca00000)
  to   space 8704K, 0% used [0x00000000ecb80000,0x00000000ecb80000,0x00000000ed400000)
 ParOldGen       total 183808K, used 175842K [0x00000000c0000000, 0x00000000cb380000, 0x00000000eab00000)
  object space 183808K, 95% used [0x00000000c0000000,0x00000000cabb8be8,0x00000000cb380000)
 Metaspace       used 86599K, committed 87936K, reserved 1179648K
  class space    used 8744K, committed 9344K, reserved 1048576K
}
Event: 287.636 GC heap after
{Heap after GC invocations=1499 (full 39):
 PSYoungGen      total 32256K, used 5241K [0x00000000eab00000, 0x00000000ed180000, 0x0000000100000000)
  eden space 26112K, 0% used [0x00000000eab00000,0x00000000eab00000,0x00000000ec480000)
  from space 6144K, 85% used [0x00000000ecb80000,0x00000000ed09e430,0x00000000ed180000)
  to   space 6656K, 0% used [0x00000000ec480000,0x00000000ec480000,0x00000000ecb00000)
 ParOldGen       total 183808K, used 177651K [0x00000000c0000000, 0x00000000cb380000, 0x00000000eab00000)
  object space 183808K, 96% used [0x00000000c0000000,0x00000000cad7cd38,0x00000000cb380000)
 Metaspace       used 86599K, committed 87936K, reserved 1179648K
  class space    used 8744K, committed 9344K, reserved 1048576K
}
Event: 287.855 GC heap before
{Heap before GC invocations=1500 (full 39):
 PSYoungGen      total 32256K, used 31353K [0x00000000eab00000, 0x00000000ed180000, 0x0000000100000000)
  eden space 26112K, 100% used [0x00000000eab00000,0x00000000ec480000,0x00000000ec480000)
  from space 6144K, 85% used [0x00000000ecb80000,0x00000000ed09e430,0x00000000ed180000)
  to   space 6656K, 0% used [0x00000000ec480000,0x00000000ec480000,0x00000000ecb00000)
 ParOldGen       total 183808K, used 177651K [0x00000000c0000000, 0x00000000cb380000, 0x00000000eab00000)
  object space 183808K, 96% used [0x00000000c0000000,0x00000000cad7cd38,0x00000000cb380000)
 Metaspace       used 86603K, committed 87936K, reserved 1179648K
  class space    used 8744K, committed 9344K, reserved 1048576K
}
Event: 288.860 GC heap after
{Heap after GC invocations=1500 (full 39):
 PSYoungGen      total 32768K, used 6649K [0x00000000eab00000, 0x00000000ef380000, 0x0000000100000000)
  eden space 26112K, 0% used [0x00000000eab00000,0x00000000eab00000,0x00000000ec480000)
  from space 6656K, 99% used [0x00000000ec480000,0x00000000ecafe450,0x00000000ecb00000)
  to   space 24064K, 0% used [0x00000000edc00000,0x00000000edc00000,0x00000000ef380000)
 ParOldGen       total 192512K, used 192091K [0x00000000c0000000, 0x00000000cbc00000, 0x00000000eab00000)
  object space 192512K, 99% used [0x00000000c0000000,0x00000000cbb96d38,0x00000000cbc00000)
 Metaspace       used 86603K, committed 87936K, reserved 1179648K
  class space    used 8744K, committed 9344K, reserved 1048576K
}
Event: 288.860 GC heap before
{Heap before GC invocations=1501 (full 40):
 PSYoungGen      total 32768K, used 6649K [0x00000000eab00000, 0x00000000ef380000, 0x0000000100000000)
  eden space 26112K, 0% used [0x00000000eab00000,0x00000000eab00000,0x00000000ec480000)
  from space 6656K, 99% used [0x00000000ec480000,0x00000000ecafe450,0x00000000ecb00000)
  to   space 24064K, 0% used [0x00000000edc00000,0x00000000edc00000,0x00000000ef380000)
 ParOldGen       total 192512K, used 192091K [0x00000000c0000000, 0x00000000cbc00000, 0x00000000eab00000)
  object space 192512K, 99% used [0x00000000c0000000,0x00000000cbb96d38,0x00000000cbc00000)
 Metaspace       used 86603K, committed 87936K, reserved 1179648K
  class space    used 8744K, committed 9344K, reserved 1048576K
}
Event: 288.952 GC heap after
{Heap after GC invocations=1501 (full 40):
 PSYoungGen      total 50176K, used 0K [0x00000000eab00000, 0x00000000ef380000, 0x0000000100000000)
  eden space 26112K, 0% used [0x00000000eab00000,0x00000000eab00000,0x00000000ec480000)
  from space 24064K, 0% used [0x00000000edc00000,0x00000000edc00000,0x00000000ef380000)
  to   space 24064K, 0% used [0x00000000ec480000,0x00000000ec480000,0x00000000edc00000)
 ParOldGen       total 211456K, used 152021K [0x00000000c0000000, 0x00000000cce80000, 0x00000000eab00000)
  object space 211456K, 71% used [0x00000000c0000000,0x00000000c94756a0,0x00000000cce80000)
 Metaspace       used 86603K, committed 87936K, reserved 1179648K
  class space    used 8744K, committed 9344K, reserved 1048576K
}
Event: 289.071 GC heap before
{Heap before GC invocations=1502 (full 40):
 PSYoungGen      total 50176K, used 26111K [0x00000000eab00000, 0x00000000ef380000, 0x0000000100000000)
  eden space 26112K, 99% used [0x00000000eab00000,0x00000000ec47fff8,0x00000000ec480000)
  from space 24064K, 0% used [0x00000000edc00000,0x00000000edc00000,0x00000000ef380000)
  to   space 24064K, 0% used [0x00000000ec480000,0x00000000ec480000,0x00000000edc00000)
 ParOldGen       total 211456K, used 152021K [0x00000000c0000000, 0x00000000cce80000, 0x00000000eab00000)
  object space 211456K, 71% used [0x00000000c0000000,0x00000000c94756a0,0x00000000cce80000)
 Metaspace       used 86604K, committed 87936K, reserved 1179648K
  class space    used 8744K, committed 9344K, reserved 1048576K
}
Event: 289.077 GC heap after
{Heap after GC invocations=1502 (full 40):
 PSYoungGen      total 43520K, used 16979K [0x00000000eab00000, 0x00000000ee880000, 0x0000000100000000)
  eden space 26112K, 0% used [0x00000000eab00000,0x00000000eab00000,0x00000000ec480000)
  from space 17408K, 97% used [0x00000000ec480000,0x00000000ed514d30,0x00000000ed580000)
  to   space 18432K, 0% used [0x00000000ed680000,0x00000000ed680000,0x00000000ee880000)
 ParOldGen       total 211456K, used 152021K [0x00000000c0000000, 0x00000000cce80000, 0x00000000eab00000)
  object space 211456K, 71% used [0x00000000c0000000,0x00000000c94756a0,0x00000000cce80000)
 Metaspace       used 86604K, committed 87936K, reserved 1179648K
  class space    used 8744K, committed 9344K, reserved 1048576K
}
Event: 289.128 GC heap before
{Heap before GC invocations=1503 (full 40):
 PSYoungGen      total 43520K, used 35472K [0x00000000eab00000, 0x00000000ee880000, 0x0000000100000000)
  eden space 26112K, 70% used [0x00000000eab00000,0x00000000ebd0f560,0x00000000ec480000)
  from space 17408K, 97% used [0x00000000ec480000,0x00000000ed514d30,0x00000000ed580000)
  to   space 18432K, 0% used [0x00000000ed680000,0x00000000ed680000,0x00000000ee880000)
 ParOldGen       total 211456K, used 152021K [0x00000000c0000000, 0x00000000cce80000, 0x00000000eab00000)
  object space 211456K, 71% used [0x00000000c0000000,0x00000000c94756a0,0x00000000cce80000)
 Metaspace       used 86607K, committed 87936K, reserved 1179648K
  class space    used 8744K, committed 9344K, reserved 1048576K
}

