# JRE version: OpenJDK Runtime Environment Temurin-17.0.7+7 (17.0.7+7) (build 17.0.7+7)
# Java VM: OpenJDK 64-Bit Server VM Temurin-17.0.7+7 (17.0.7+7, mixed mode, tiered, compressed oops, compressed class ptrs, parallel gc, windows-amd64)
GC Precious Log:
 CPUs: 12 total, 12 available
 Memory: 16160M
 Large Page Support: Disabled
 NUMA Support: Disabled
 Compressed Oops: Enabled (32-bit)
 Alignments: Space 512K, Generation 512K, Heap 2M
 Heap Min Capacity: 100M
 Heap Initial Capacity: 100M
 Heap Max Capacity: 1G
 Pre-touch: Disabled
 Parallel Workers: 10
Heap:
 PSYoungGen      total 11776K, used 7345K [0x00000000eab00000, 0x00000000ebb00000, 0x0000000100000000)
  eden space 7168K, 39% used [0x00000000eab00000,0x00000000eadc1b28,0x00000000eb200000)
  from space 4608K, 98% used [0x00000000eb200000,0x00000000eb66a910,0x00000000eb680000)
  to   space 4608K, 0% used [0x00000000eb680000,0x00000000eb680000,0x00000000ebb00000)
 ParOldGen       total 168960K, used 109251K [0x00000000c0000000, 0x00000000ca500000, 0x00000000eab00000)
  object space 168960K, 64% used [0x00000000c0000000,0x00000000c6ab0db8,0x00000000ca500000)
 Metaspace       used 73099K, committed 74304K, reserved 1179648K
  class space    used 7754K, committed 8320K, reserved 1048576K
GC Heap History (20 events):
Event: 17.836 GC heap after
{Heap after GC invocations=174 (full 10):
 PSYoungGen      total 16896K, used 11753K [0x00000000eab00000, 0x00000000ecb80000, 0x0000000100000000)
  eden space 5120K, 0% used [0x00000000eab00000,0x00000000eab00000,0x00000000eb000000)
  from space 11776K, 99% used [0x00000000eb000000,0x00000000ebb7a5a0,0x00000000ebb80000)
  to   space 13824K, 0% used [0x00000000ebe00000,0x00000000ebe00000,0x00000000ecb80000)
 ParOldGen       total 165376K, used 157233K [0x00000000c0000000, 0x00000000ca180000, 0x00000000eab00000)
  object space 165376K, 95% used [0x00000000c0000000,0x00000000c998c658,0x00000000ca180000)
 Metaspace       used 72889K, committed 74048K, reserved 1179648K
  class space    used 7743K, committed 8320K, reserved 1048576K
}
Event: 17.855 GC heap before
{Heap before GC invocations=175 (full 10):
 PSYoungGen      total 16896K, used 16873K [0x00000000eab00000, 0x00000000ecb80000, 0x0000000100000000)
  eden space 5120K, 100% used [0x00000000eab00000,0x00000000eb000000,0x00000000eb000000)
  from space 11776K, 99% used [0x00000000eb000000,0x00000000ebb7a5a0,0x00000000ebb80000)
  to   space 13824K, 0% used [0x00000000ebe00000,0x00000000ebe00000,0x00000000ecb80000)
 ParOldGen       total 165376K, used 157233K [0x00000000c0000000, 0x00000000ca180000, 0x00000000eab00000)
  object space 165376K, 95% used [0x00000000c0000000,0x00000000c998c658,0x00000000ca180000)
 Metaspace       used 72908K, committed 74048K, reserved 1179648K
  class space    used 7743K, committed 8320K, reserved 1048576K
}
Event: 17.858 GC heap after
{Heap after GC invocations=175 (full 10):
 PSYoungGen      total 6656K, used 692K [0x00000000eab00000, 0x00000000ebf00000, 0x0000000100000000)
  eden space 5632K, 0% used [0x00000000eab00000,0x00000000eab00000,0x00000000eb080000)
  from space 1024K, 67% used [0x00000000ebe00000,0x00000000ebead200,0x00000000ebf00000)
  to   space 5632K, 0% used [0x00000000eb400000,0x00000000eb400000,0x00000000eb980000)
 ParOldGen       total 165376K, used 157537K [0x00000000c0000000, 0x00000000ca180000, 0x00000000eab00000)
  object space 165376K, 95% used [0x00000000c0000000,0x00000000c99d8658,0x00000000ca180000)
 Metaspace       used 72908K, committed 74048K, reserved 1179648K
  class space    used 7743K, committed 8320K, reserved 1048576K
}
Event: 17.881 GC heap before
{Heap before GC invocations=176 (full 10):
 PSYoungGen      total 6656K, used 6324K [0x00000000eab00000, 0x00000000ebf00000, 0x0000000100000000)
  eden space 5632K, 100% used [0x00000000eab00000,0x00000000eb080000,0x00000000eb080000)
  from space 1024K, 67% used [0x00000000ebe00000,0x00000000ebead200,0x00000000ebf00000)
  to   space 5632K, 0% used [0x00000000eb400000,0x00000000eb400000,0x00000000eb980000)
 ParOldGen       total 165376K, used 157537K [0x00000000c0000000, 0x00000000ca180000, 0x00000000eab00000)
  object space 165376K, 95% used [0x00000000c0000000,0x00000000c99d8658,0x00000000ca180000)
 Metaspace       used 72938K, committed 74112K, reserved 1179648K
  class space    used 7743K, committed 8320K, reserved 1048576K
}
Event: 17.882 GC heap after
{Heap after GC invocations=176 (full 10):
 PSYoungGen      total 11776K, used 500K [0x00000000eab00000, 0x00000000ebe80000, 0x0000000100000000)
  eden space 6144K, 0% used [0x00000000eab00000,0x00000000eab00000,0x00000000eb100000)
  from space 5632K, 8% used [0x00000000eb400000,0x00000000eb47d200,0x00000000eb980000)
  to   space 1536K, 0% used [0x00000000ebd00000,0x00000000ebd00000,0x00000000ebe80000)
 ParOldGen       total 165376K, used 157537K [0x00000000c0000000, 0x00000000ca180000, 0x00000000eab00000)
  object space 165376K, 95% used [0x00000000c0000000,0x00000000c99d8658,0x00000000ca180000)
 Metaspace       used 72938K, committed 74112K, reserved 1179648K
  class space    used 7743K, committed 8320K, reserved 1048576K
}
Event: 18.004 GC heap before
{Heap before GC invocations=177 (full 10):
 PSYoungGen      total 11776K, used 6644K [0x00000000eab00000, 0x00000000ebe80000, 0x0000000100000000)
  eden space 6144K, 100% used [0x00000000eab00000,0x00000000eb100000,0x00000000eb100000)
  from space 5632K, 8% used [0x00000000eb400000,0x00000000eb47d200,0x00000000eb980000)
  to   space 1536K, 0% used [0x00000000ebd00000,0x00000000ebd00000,0x00000000ebe80000)
 ParOldGen       total 165376K, used 157537K [0x00000000c0000000, 0x00000000ca180000, 0x00000000eab00000)
  object space 165376K, 95% used [0x00000000c0000000,0x00000000c99d8658,0x00000000ca180000)
 Metaspace       used 72946K, committed 74112K, reserved 1179648K
  class space    used 7743K, committed 8320K, reserved 1048576K
}
Event: 18.006 GC heap after
{Heap after GC invocations=177 (full 10):
 PSYoungGen      total 7680K, used 730K [0x00000000eab00000, 0x00000000ebe00000, 0x0000000100000000)
  eden space 6656K, 0% used [0x00000000eab00000,0x00000000eab00000,0x00000000eb180000)
  from space 1024K, 71% used [0x00000000ebd00000,0x00000000ebdb6900,0x00000000ebe00000)
  to   space 1024K, 0% used [0x00000000ebc00000,0x00000000ebc00000,0x00000000ebd00000)
 ParOldGen       total 165376K, used 157537K [0x00000000c0000000, 0x00000000ca180000, 0x00000000eab00000)
  object space 165376K, 95% used [0x00000000c0000000,0x00000000c99d8658,0x00000000ca180000)
 Metaspace       used 72946K, committed 74112K, reserved 1179648K
  class space    used 7743K, committed 8320K, reserved 1048576K
}
Event: 18.036 GC heap before
{Heap before GC invocations=178 (full 10):
 PSYoungGen      total 7680K, used 7386K [0x00000000eab00000, 0x00000000ebe00000, 0x0000000100000000)
  eden space 6656K, 100% used [0x00000000eab00000,0x00000000eb180000,0x00000000eb180000)
  from space 1024K, 71% used [0x00000000ebd00000,0x00000000ebdb6900,0x00000000ebe00000)
  to   space 1024K, 0% used [0x00000000ebc00000,0x00000000ebc00000,0x00000000ebd00000)
 ParOldGen       total 165376K, used 157537K [0x00000000c0000000, 0x00000000ca180000, 0x00000000eab00000)
  object space 165376K, 95% used [0x00000000c0000000,0x00000000c99d8658,0x00000000ca180000)
 Metaspace       used 72984K, committed 74112K, reserved 1179648K
  class space    used 7744K, committed 8320K, reserved 1048576K
}
Event: 18.037 GC heap after
{Heap after GC invocations=178 (full 10):
 PSYoungGen      total 7680K, used 1022K [0x00000000eab00000, 0x00000000ebd80000, 0x0000000100000000)
  eden space 6656K, 0% used [0x00000000eab00000,0x00000000eab00000,0x00000000eb180000)
  from space 1024K, 99% used [0x00000000ebc00000,0x00000000ebcffb10,0x00000000ebd00000)
  to   space 512K, 0% used [0x00000000ebd00000,0x00000000ebd00000,0x00000000ebd80000)
 ParOldGen       total 165376K, used 157585K [0x00000000c0000000, 0x00000000ca180000, 0x00000000eab00000)
  object space 165376K, 95% used [0x00000000c0000000,0x00000000c99e4658,0x00000000ca180000)
 Metaspace       used 72984K, committed 74112K, reserved 1179648K
  class space    used 7744K, committed 8320K, reserved 1048576K
}
Event: 18.059 GC heap before
{Heap before GC invocations=179 (full 10):
 PSYoungGen      total 7680K, used 7678K [0x00000000eab00000, 0x00000000ebd80000, 0x0000000100000000)
  eden space 6656K, 100% used [0x00000000eab00000,0x00000000eb180000,0x00000000eb180000)
  from space 1024K, 99% used [0x00000000ebc00000,0x00000000ebcffb10,0x00000000ebd00000)
  to   space 512K, 0% used [0x00000000ebd00000,0x00000000ebd00000,0x00000000ebd80000)
 ParOldGen       total 165376K, used 157585K [0x00000000c0000000, 0x00000000ca180000, 0x00000000eab00000)
  object space 165376K, 95% used [0x00000000c0000000,0x00000000c99e4658,0x00000000ca180000)
 Metaspace       used 72986K, committed 74112K, reserved 1179648K
  class space    used 7744K, committed 8320K, reserved 1048576K
}
Event: 18.062 GC heap after
{Heap after GC invocations=179 (full 10):
 PSYoungGen      total 7680K, used 484K [0x00000000eab00000, 0x00000000ec000000, 0x0000000100000000)
  eden space 7168K, 0% used [0x00000000eab00000,0x00000000eab00000,0x00000000eb200000)
  from space 512K, 94% used [0x00000000ebd00000,0x00000000ebd79210,0x00000000ebd80000)
  to   space 7168K, 0% used [0x00000000eb200000,0x00000000eb200000,0x00000000eb900000)
 ParOldGen       total 165376K, used 163317K [0x00000000c0000000, 0x00000000ca180000, 0x00000000eab00000)
  object space 165376K, 98% used [0x00000000c0000000,0x00000000c9f7d408,0x00000000ca180000)
 Metaspace       used 72986K, committed 74112K, reserved 1179648K
  class space    used 7744K, committed 8320K, reserved 1048576K
}
Event: 18.062 GC heap before
{Heap before GC invocations=180 (full 11):
 PSYoungGen      total 7680K, used 484K [0x00000000eab00000, 0x00000000ec000000, 0x0000000100000000)
  eden space 7168K, 0% used [0x00000000eab00000,0x00000000eab00000,0x00000000eb200000)
  from space 512K, 94% used [0x00000000ebd00000,0x00000000ebd79210,0x00000000ebd80000)
  to   space 7168K, 0% used [0x00000000eb200000,0x00000000eb200000,0x00000000eb900000)
 ParOldGen       total 165376K, used 163317K [0x00000000c0000000, 0x00000000ca180000, 0x00000000eab00000)
  object space 165376K, 98% used [0x00000000c0000000,0x00000000c9f7d408,0x00000000ca180000)
 Metaspace       used 72986K, committed 74112K, reserved 1179648K
  class space    used 7744K, committed 8320K, reserved 1048576K
}
Event: 18.146 GC heap after
{Heap after GC invocations=180 (full 11):
 PSYoungGen      total 14336K, used 0K [0x00000000eab00000, 0x00000000ec000000, 0x0000000100000000)
  eden space 7168K, 0% used [0x00000000eab00000,0x00000000eab00000,0x00000000eb200000)
  from space 7168K, 0% used [0x00000000eb200000,0x00000000eb200000,0x00000000eb900000)
  to   space 7168K, 0% used [0x00000000eb900000,0x00000000eb900000,0x00000000ec000000)
 ParOldGen       total 168960K, used 109251K [0x00000000c0000000, 0x00000000ca500000, 0x00000000eab00000)
  object space 168960K, 64% used [0x00000000c0000000,0x00000000c6ab0db8,0x00000000ca500000)
 Metaspace       used 72986K, committed 74112K, reserved 1179648K
  class space    used 7744K, committed 8320K, reserved 1048576K
}
Event: 18.175 GC heap before
{Heap before GC invocations=181 (full 11):
 PSYoungGen      total 14336K, used 7168K [0x00000000eab00000, 0x00000000ec000000, 0x0000000100000000)
  eden space 7168K, 100% used [0x00000000eab00000,0x00000000eb200000,0x00000000eb200000)
  from space 7168K, 0% used [0x00000000eb200000,0x00000000eb200000,0x00000000eb900000)
  to   space 7168K, 0% used [0x00000000eb900000,0x00000000eb900000,0x00000000ec000000)
 ParOldGen       total 168960K, used 109251K [0x00000000c0000000, 0x00000000ca500000, 0x00000000eab00000)
  object space 168960K, 64% used [0x00000000c0000000,0x00000000c6ab0db8,0x00000000ca500000)
 Metaspace       used 72994K, committed 74240K, reserved 1179648K
  class space    used 7744K, committed 8320K, reserved 1048576K
}
Event: 18.180 GC heap after
{Heap after GC invocations=181 (full 11):
 PSYoungGen      total 13824K, used 6174K [0x00000000eab00000, 0x00000000ebf80000, 0x0000000100000000)
  eden space 7168K, 0% used [0x00000000eab00000,0x00000000eab00000,0x00000000eb200000)
  from space 6656K, 92% used [0x00000000eb900000,0x00000000ebf07810,0x00000000ebf80000)
  to   space 6656K, 0% used [0x00000000eb280000,0x00000000eb280000,0x00000000eb900000)
 ParOldGen       total 168960K, used 109251K [0x00000000c0000000, 0x00000000ca500000, 0x00000000eab00000)
  object space 168960K, 64% used [0x00000000c0000000,0x00000000c6ab0db8,0x00000000ca500000)
 Metaspace       used 72994K, committed 74240K, reserved 1179648K
  class space    used 7744K, committed 8320K, reserved 1048576K
}
Event: 18.202 GC heap before
{Heap before GC invocations=182 (full 11):
 PSYoungGen      total 13824K, used 13342K [0x00000000eab00000, 0x00000000ebf80000, 0x0000000100000000)
  eden space 7168K, 100% used [0x00000000eab00000,0x00000000eb200000,0x00000000eb200000)
  from space 6656K, 92% used [0x00000000eb900000,0x00000000ebf07810,0x00000000ebf80000)
  to   space 6656K, 0% used [0x00000000eb280000,0x00000000eb280000,0x00000000eb900000)
 ParOldGen       total 168960K, used 109251K [0x00000000c0000000, 0x00000000ca500000, 0x00000000eab00000)
  object space 168960K, 64% used [0x00000000c0000000,0x00000000c6ab0db8,0x00000000ca500000)
 Metaspace       used 73001K, committed 74240K, reserved 1179648K
  class space    used 7744K, committed 8320K, reserved 1048576K
}
Event: 18.205 GC heap after
{Heap after GC invocations=182 (full 11):
 PSYoungGen      total 11264K, used 4026K [0x00000000eab00000, 0x00000000ebc00000, 0x0000000100000000)
  eden space 7168K, 0% used [0x00000000eab00000,0x00000000eab00000,0x00000000eb200000)
  from space 4096K, 98% used [0x00000000eb280000,0x00000000eb66e900,0x00000000eb680000)
  to   space 5120K, 0% used [0x00000000eb700000,0x00000000eb700000,0x00000000ebc00000)
 ParOldGen       total 168960K, used 109251K [0x00000000c0000000, 0x00000000ca500000, 0x00000000eab00000)
  object space 168960K, 64% used [0x00000000c0000000,0x00000000c6ab0db8,0x00000000ca500000)
 Metaspace       used 73001K, committed 74240K, reserved 1179648K
  class space    used 7744K, committed 8320K, reserved 1048576K
}
Event: 18.229 GC heap before
{Heap before GC invocations=183 (full 11):
 PSYoungGen      total 11264K, used 11194K [0x00000000eab00000, 0x00000000ebc00000, 0x0000000100000000)
  eden space 7168K, 100% used [0x00000000eab00000,0x00000000eb200000,0x00000000eb200000)
  from space 4096K, 98% used [0x00000000eb280000,0x00000000eb66e900,0x00000000eb680000)
  to   space 5120K, 0% used [0x00000000eb700000,0x00000000eb700000,0x00000000ebc00000)
 ParOldGen       total 168960K, used 109251K [0x00000000c0000000, 0x00000000ca500000, 0x00000000eab00000)
  object space 168960K, 64% used [0x00000000c0000000,0x00000000c6ab0db8,0x00000000ca500000)
 Metaspace       used 73012K, committed 74240K, reserved 1179648K
  class space    used 7744K, committed 8320K, reserved 1048576K
}
Event: 18.233 GC heap after
{Heap after GC invocations=183 (full 11):
 PSYoungGen      total 12288K, used 4510K [0x00000000eab00000, 0x00000000ebd00000, 0x0000000100000000)
  eden space 7168K, 0% used [0x00000000eab00000,0x00000000eab00000,0x00000000eb200000)
  from space 5120K, 88% used [0x00000000eb700000,0x00000000ebb67b10,0x00000000ebc00000)
  to   space 5120K, 0% used [0x00000000eb200000,0x00000000eb200000,0x00000000eb700000)
 ParOldGen       total 168960K, used 109251K [0x00000000c0000000, 0x00000000ca500000, 0x00000000eab00000)
  object space 168960K, 64% used [0x00000000c0000000,0x00000000c6ab0db8,0x00000000ca500000)
 Metaspace       used 73012K, committed 74240K, reserved 1179648K
  class space    used 7744K, committed 8320K, reserved 1048576K
}
Event: 18.438 GC heap before
{Heap before GC invocations=184 (full 11):
 PSYoungGen      total 12288K, used 11678K [0x00000000eab00000, 0x00000000ebd00000, 0x0000000100000000)
  eden space 7168K, 99% used [0x00000000eab00000,0x00000000eb1fffe8,0x00000000eb200000)
  from space 5120K, 88% used [0x00000000eb700000,0x00000000ebb67b10,0x00000000ebc00000)
  to   space 5120K, 0% used [0x00000000eb200000,0x00000000eb200000,0x00000000eb700000)
 ParOldGen       total 168960K, used 109251K [0x00000000c0000000, 0x00000000ca500000, 0x00000000eab00000)
  object space 168960K, 64% used [0x00000000c0000000,0x00000000c6ab0db8,0x00000000ca500000)
 Metaspace       used 73030K, committed 74240K, reserved 1179648K
  class space    used 7744K, committed 8320K, reserved 1048576K
}

