# JRE version: OpenJDK Runtime Environment Temurin-17.0.7+7 (17.0.7+7) (build 17.0.7+7)
# Java VM: OpenJDK 64-Bit Server VM Temurin-17.0.7+7 (17.0.7+7, mixed mode, emulated-client, tiered, compressed oops, compressed class ptrs, g1 gc, windows-amd64)
GC Precious Log:
 CPUs: 12 total, 12 available
 Memory: 16160M
 Large Page Support: Disabled
 NUMA Support: Disabled
 Compressed Oops: Enabled (32-bit)
 Heap Region Size: 1M
 Heap Min Capacity: 8M
 Heap Initial Capacity: 254M
 Heap Max Capacity: 1G
 Pre-touch: Disabled
 Parallel Workers: 10
 Concurrent Workers: 3
 Concurrent Refinement Workers: 10
 Periodic GC: Disabled
Heap:
 garbage-first heap   total 535552K, used 139742K [0x00000000c0000000, 0x0000000100000000)
  region size 1024K, 22 young (22528K), 22 survivors (22528K)
 Metaspace       used 44962K, committed 45504K, reserved 1114112K
  class space    used 5687K, committed 5952K, reserved 1048576K
GC Heap History (20 events):
Event: 4.721 GC heap after
{Heap after GC invocations=16 (full 0):
 garbage-first heap   total 196608K, used 53921K [0x00000000c0000000, 0x0000000100000000)
  region size 1024K, 1 young (1024K), 1 survivors (1024K)
 Metaspace       used 40279K, committed 40768K, reserved 1114112K
  class space    used 5278K, committed 5504K, reserved 1048576K
}
Event: 5.075 GC heap before
{Heap before GC invocations=16 (full 0):
 garbage-first heap   total 196608K, used 135841K [0x00000000c0000000, 0x0000000100000000)
  region size 1024K, 80 young (81920K), 1 survivors (1024K)
 Metaspace       used 42885K, committed 43328K, reserved 1114112K
  class space    used 5517K, committed 5696K, reserved 1048576K
}
Event: 5.085 GC heap after
{Heap after GC invocations=17 (full 0):
 garbage-first heap   total 196608K, used 74960K [0x00000000c0000000, 0x0000000100000000)
  region size 1024K, 10 young (10240K), 10 survivors (10240K)
 Metaspace       used 42885K, committed 43328K, reserved 1114112K
  class space    used 5517K, committed 5696K, reserved 1048576K
}
Event: 5.142 GC heap before
{Heap before GC invocations=17 (full 0):
 garbage-first heap   total 196608K, used 135376K [0x00000000c0000000, 0x0000000100000000)
  region size 1024K, 69 young (70656K), 10 survivors (10240K)
 Metaspace       used 43579K, committed 44032K, reserved 1114112K
  class space    used 5582K, committed 5760K, reserved 1048576K
}
Event: 5.165 GC heap after
{Heap after GC invocations=18 (full 0):
 garbage-first heap   total 196608K, used 90796K [0x00000000c0000000, 0x0000000100000000)
  region size 1024K, 9 young (9216K), 9 survivors (9216K)
 Metaspace       used 43579K, committed 44032K, reserved 1114112K
  class space    used 5582K, committed 5760K, reserved 1048576K
}
Event: 5.187 GC heap before
{Heap before GC invocations=18 (full 0):
 garbage-first heap   total 196608K, used 140972K [0x00000000c0000000, 0x0000000100000000)
  region size 1024K, 59 young (60416K), 9 survivors (9216K)
 Metaspace       used 43591K, committed 44032K, reserved 1114112K
  class space    used 5583K, committed 5760K, reserved 1048576K
}
Event: 5.191 GC heap after
{Heap after GC invocations=19 (full 0):
 garbage-first heap   total 196608K, used 94646K [0x00000000c0000000, 0x0000000100000000)
  region size 1024K, 3 young (3072K), 3 survivors (3072K)
 Metaspace       used 43591K, committed 44032K, reserved 1114112K
  class space    used 5583K, committed 5760K, reserved 1048576K
}
Event: 5.212 GC heap before
{Heap before GC invocations=19 (full 0):
 garbage-first heap   total 196608K, used 145846K [0x00000000c0000000, 0x0000000100000000)
  region size 1024K, 54 young (55296K), 3 survivors (3072K)
 Metaspace       used 43649K, committed 44096K, reserved 1114112K
  class space    used 5584K, committed 5760K, reserved 1048576K
}
Event: 5.214 GC heap after
{Heap after GC invocations=20 (full 0):
 garbage-first heap   total 196608K, used 96438K [0x00000000c0000000, 0x0000000100000000)
  region size 1024K, 5 young (5120K), 5 survivors (5120K)
 Metaspace       used 43649K, committed 44096K, reserved 1114112K
  class space    used 5584K, committed 5760K, reserved 1048576K
}
Event: 5.233 GC heap before
{Heap before GC invocations=20 (full 0):
 garbage-first heap   total 196608K, used 149686K [0x00000000c0000000, 0x0000000100000000)
  region size 1024K, 58 young (59392K), 5 survivors (5120K)
 Metaspace       used 43662K, committed 44096K, reserved 1114112K
  class space    used 5587K, committed 5760K, reserved 1048576K
}
Event: 5.241 GC heap after
{Heap after GC invocations=21 (full 0):
 garbage-first heap   total 535552K, used 98824K [0x00000000c0000000, 0x0000000100000000)
  region size 1024K, 5 young (5120K), 5 survivors (5120K)
 Metaspace       used 43662K, committed 44096K, reserved 1114112K
  class space    used 5587K, committed 5760K, reserved 1048576K
}
Event: 5.361 GC heap before
{Heap before GC invocations=22 (full 0):
 garbage-first heap   total 481280K, used 351752K [0x00000000c0000000, 0x0000000100000000)
  region size 1024K, 254 young (260096K), 5 survivors (5120K)
 Metaspace       used 44435K, committed 44864K, reserved 1114112K
  class space    used 5636K, committed 5824K, reserved 1048576K
}
Event: 5.370 GC heap after
{Heap after GC invocations=23 (full 0):
 garbage-first heap   total 481280K, used 107825K [0x00000000c0000000, 0x0000000100000000)
  region size 1024K, 15 young (15360K), 15 survivors (15360K)
 Metaspace       used 44435K, committed 44864K, reserved 1114112K
  class space    used 5636K, committed 5824K, reserved 1048576K
}
Event: 5.372 GC heap before
{Heap before GC invocations=23 (full 0):
 garbage-first heap   total 481280K, used 114993K [0x00000000c0000000, 0x0000000100000000)
  region size 1024K, 23 young (23552K), 15 survivors (15360K)
 Metaspace       used 44437K, committed 44864K, reserved 1114112K
  class space    used 5636K, committed 5824K, reserved 1048576K
}
Event: 5.380 GC heap after
{Heap after GC invocations=24 (full 0):
 garbage-first heap   total 481280K, used 108360K [0x00000000c0000000, 0x0000000100000000)
  region size 1024K, 2 young (2048K), 2 survivors (2048K)
 Metaspace       used 44437K, committed 44864K, reserved 1114112K
  class space    used 5636K, committed 5824K, reserved 1048576K
}
Event: 5.438 GC heap before
{Heap before GC invocations=24 (full 0):
 garbage-first heap   total 481280K, used 369480K [0x00000000c0000000, 0x0000000100000000)
  region size 1024K, 258 young (264192K), 2 survivors (2048K)
 Metaspace       used 44612K, committed 44992K, reserved 1114112K
  class space    used 5660K, committed 5824K, reserved 1048576K
}
Event: 5.444 GC heap after
{Heap after GC invocations=25 (full 0):
 garbage-first heap   total 481280K, used 118174K [0x00000000c0000000, 0x0000000100000000)
  region size 1024K, 12 young (12288K), 12 survivors (12288K)
 Metaspace       used 44612K, committed 44992K, reserved 1114112K
  class space    used 5660K, committed 5824K, reserved 1048576K
}
Event: 5.495 GC heap before
{Heap before GC invocations=25 (full 0):
 garbage-first heap   total 481280K, used 378270K [0x00000000c0000000, 0x0000000100000000)
  region size 1024K, 267 young (273408K), 12 survivors (12288K)
 Metaspace       used 44718K, committed 45184K, reserved 1114112K
  class space    used 5673K, committed 5888K, reserved 1048576K
}
Event: 5.503 GC heap after
{Heap after GC invocations=26 (full 0):
 garbage-first heap   total 481280K, used 128461K [0x00000000c0000000, 0x0000000100000000)
  region size 1024K, 22 young (22528K), 22 survivors (22528K)
 Metaspace       used 44718K, committed 45184K, reserved 1114112K
  class space    used 5673K, committed 5888K, reserved 1048576K
}
Event: 5.559 GC heap before
{Heap before GC invocations=26 (full 0):
 garbage-first heap   total 481280K, used 386509K [0x00000000c0000000, 0x0000000100000000)
  region size 1024K, 275 young (281600K), 22 survivors (22528K)
 Metaspace       used 44962K, committed 45504K, reserved 1114112K
  class space    used 5687K, committed 5952K, reserved 1048576K
}

