# JRE version: Java(TM) SE Runtime Environment 18.9 (11.0.18+9) (build 11.0.18+9-LTS-195)
# Java VM: Java HotSpot(TM) 64-Bit Server VM 18.9 (11.0.18+9-LTS-195, mixed mode, tiered, compressed oops, g1 gc, windows-amd64)
Heap:
 garbage-first heap   total 315392K, used 21970K [0x0000000700c00000, 0x0000000800000000)
  region size 1024K, 13 young (13312K), 13 survivors (13312K)
 Metaspace       used 52464K, capacity 53799K, committed 54016K, reserved 1095680K
  class space    used 6594K, capacity 7117K, committed 7168K, reserved 1048576K
GC Heap History (9 events):
Event: 0.600 GC heap before
{Heap before GC invocations=0 (full 0):
 garbage-first heap   total 262144K, used 24576K [0x0000000700c00000, 0x0000000800000000)
  region size 1024K, 24 young (24576K), 0 survivors (0K)
 Metaspace       used 11031K, capacity 11232K, committed 11392K, reserved 1058816K
  class space    used 1065K, capacity 1110K, committed 1152K, reserved 1048576K
}
Event: 0.604 GC heap after
{Heap after GC invocations=1 (full 0):
 garbage-first heap   total 262144K, used 7316K [0x0000000700c00000, 0x0000000800000000)
  region size 1024K, 3 young (3072K), 3 survivors (3072K)
 Metaspace       used 11031K, capacity 11232K, committed 11392K, reserved 1058816K
  class space    used 1065K, capacity 1110K, committed 1152K, reserved 1048576K
}
Event: 1.265 GC heap before
{Heap before GC invocations=1 (full 0):
 garbage-first heap   total 262144K, used 64660K [0x0000000700c00000, 0x0000000800000000)
  region size 1024K, 60 young (61440K), 3 survivors (3072K)
 Metaspace       used 20684K, capacity 21133K, committed 21248K, reserved 1069056K
  class space    used 2371K, capacity 2556K, committed 2560K, reserved 1048576K
}
Event: 1.273 GC heap after
{Heap after GC invocations=2 (full 0):
 garbage-first heap   total 262144K, used 9306K [0x0000000700c00000, 0x0000000800000000)
  region size 1024K, 5 young (5120K), 5 survivors (5120K)
 Metaspace       used 20684K, capacity 21133K, committed 21248K, reserved 1069056K
  class space    used 2371K, capacity 2556K, committed 2560K, reserved 1048576K
}
Event: 1.696 GC heap before
{Heap before GC invocations=3 (full 0):
 garbage-first heap   total 262144K, used 66650K [0x0000000700c00000, 0x0000000800000000)
  region size 1024K, 62 young (63488K), 5 survivors (5120K)
 Metaspace       used 27801K, capacity 28448K, committed 28672K, reserved 1075200K
  class space    used 3271K, capacity 3567K, committed 3584K, reserved 1048576K
}
Event: 1.702 GC heap after
{Heap after GC invocations=4 (full 0):
 garbage-first heap   total 262144K, used 11905K [0x0000000700c00000, 0x0000000800000000)
  region size 1024K, 5 young (5120K), 5 survivors (5120K)
 Metaspace       used 27801K, capacity 28448K, committed 28672K, reserved 1075200K
  class space    used 3271K, capacity 3567K, committed 3584K, reserved 1048576K
}
Event: 2.832 GC heap before
{Heap before GC invocations=4 (full 0):
 garbage-first heap   total 262144K, used 85633K [0x0000000700c00000, 0x0000000800000000)
  region size 1024K, 78 young (79872K), 5 survivors (5120K)
 Metaspace       used 34608K, capacity 35476K, committed 35584K, reserved 1081344K
  class space    used 4174K, capacity 4535K, committed 4608K, reserved 1048576K
}
Event: 2.841 GC heap after
{Heap after GC invocations=5 (full 0):
 garbage-first heap   total 262144K, used 14743K [0x0000000700c00000, 0x0000000800000000)
  region size 1024K, 8 young (8192K), 8 survivors (8192K)
 Metaspace       used 34608K, capacity 35476K, committed 35584K, reserved 1081344K
  class space    used 4174K, capacity 4535K, committed 4608K, reserved 1048576K
}
Event: 4.648 GC heap before
{Heap before GC invocations=6 (full 0):
 garbage-first heap   total 262144K, used 121239K [0x0000000700c00000, 0x0000000800000000)
  region size 1024K, 112 young (114688K), 8 survivors (8192K)
 Metaspace       used 52464K, capacity 53799K, committed 54016K, reserved 1095680K
  class space    used 6594K, capacity 7117K, committed 7168K, reserved 1048576K
}

