# JRE version: OpenJDK Runtime Environment Temurin-17.0.7+7 (17.0.7+7) (build 17.0.7+7)
# Java VM: OpenJDK 64-Bit Server VM Temurin-17.0.7+7 (17.0.7+7, mixed mode, emulated-client, tiered, compressed oops, compressed class ptrs, g1 gc, windows-amd64)
GC Precious Log:
 CPUs: 12 total, 12 available
 Memory: 16160M
 Large Page Support: Disabled
 NUMA Support: Disabled
 Compressed Oops: Enabled (32-bit)
 Heap Region Size: 1M
 Heap Min Capacity: 8M
 Heap Initial Capacity: 254M
 Heap Max Capacity: 1G
 Pre-touch: Disabled
 Parallel Workers: 10
 Concurrent Workers: 3
 Concurrent Refinement Workers: 10
 Periodic GC: Disabled
Heap:
 garbage-first heap   total 317440K, used 93544K [0x00000000c0000000, 0x0000000100000000)
  region size 1024K, 1 young (1024K), 0 survivors (0K)
 Metaspace       used 76023K, committed 76608K, reserved 1179648K
  class space    used 10429K, committed 10688K, reserved 1048576K
GC Heap History (20 events):
Event: 6128.193 GC heap before
{Heap before GC invocations=1545 (full 111):
 garbage-first heap   total 324608K, used 103475K [0x00000000c0000000, 0x0000000100000000)
  region size 1024K, 9 young (9216K), 0 survivors (0K)
 Metaspace       used 76023K, committed 76608K, reserved 1179648K
  class space    used 10429K, committed 10688K, reserved 1048576K
}
Event: 6128.274 GC heap after
{Heap after GC invocations=1546 (full 112):
 garbage-first heap   total 321536K, used 93547K [0x00000000c0000000, 0x0000000100000000)
  region size 1024K, 0 young (0K), 0 survivors (0K)
 Metaspace       used 76023K, committed 76608K, reserved 1179648K
  class space    used 10429K, committed 10688K, reserved 1048576K
}
Event: 6168.417 GC heap before
{Heap before GC invocations=1546 (full 112):
 garbage-first heap   total 321536K, used 93547K [0x00000000c0000000, 0x0000000100000000)
  region size 1024K, 1 young (1024K), 0 survivors (0K)
 Metaspace       used 76023K, committed 76608K, reserved 1179648K
  class space    used 10429K, committed 10688K, reserved 1048576K
}
Event: 6168.471 GC heap after
{Heap after GC invocations=1547 (full 113):
 garbage-first heap   total 321536K, used 93544K [0x00000000c0000000, 0x0000000100000000)
  region size 1024K, 0 young (0K), 0 survivors (0K)
 Metaspace       used 76023K, committed 76608K, reserved 1179648K
  class space    used 10429K, committed 10688K, reserved 1048576K
}
Event: 6178.574 GC heap before
{Heap before GC invocations=1547 (full 113):
 garbage-first heap   total 321536K, used 93544K [0x00000000c0000000, 0x0000000100000000)
  region size 1024K, 1 young (1024K), 0 survivors (0K)
 Metaspace       used 76023K, committed 76608K, reserved 1179648K
  class space    used 10429K, committed 10688K, reserved 1048576K
}
Event: 6178.622 GC heap after
{Heap after GC invocations=1548 (full 114):
 garbage-first heap   total 317440K, used 93544K [0x00000000c0000000, 0x0000000100000000)
  region size 1024K, 0 young (0K), 0 survivors (0K)
 Metaspace       used 76023K, committed 76608K, reserved 1179648K
  class space    used 10429K, committed 10688K, reserved 1048576K
}
Event: 6188.735 GC heap before
{Heap before GC invocations=1548 (full 114):
 garbage-first heap   total 317440K, used 93544K [0x00000000c0000000, 0x0000000100000000)
  region size 1024K, 1 young (1024K), 0 survivors (0K)
 Metaspace       used 76023K, committed 76608K, reserved 1179648K
  class space    used 10429K, committed 10688K, reserved 1048576K
}
Event: 6188.782 GC heap after
{Heap after GC invocations=1549 (full 115):
 garbage-first heap   total 317440K, used 93544K [0x00000000c0000000, 0x0000000100000000)
  region size 1024K, 0 young (0K), 0 survivors (0K)
 Metaspace       used 76023K, committed 76608K, reserved 1179648K
  class space    used 10429K, committed 10688K, reserved 1048576K
}
Event: 6198.880 GC heap before
{Heap before GC invocations=1549 (full 115):
 garbage-first heap   total 317440K, used 93544K [0x00000000c0000000, 0x0000000100000000)
  region size 1024K, 1 young (1024K), 0 survivors (0K)
 Metaspace       used 76023K, committed 76608K, reserved 1179648K
  class space    used 10429K, committed 10688K, reserved 1048576K
}
Event: 6198.924 GC heap after
{Heap after GC invocations=1550 (full 116):
 garbage-first heap   total 317440K, used 93544K [0x00000000c0000000, 0x0000000100000000)
  region size 1024K, 0 young (0K), 0 survivors (0K)
 Metaspace       used 76023K, committed 76608K, reserved 1179648K
  class space    used 10429K, committed 10688K, reserved 1048576K
}
Event: 6209.057 GC heap before
{Heap before GC invocations=1550 (full 116):
 garbage-first heap   total 317440K, used 93544K [0x00000000c0000000, 0x0000000100000000)
  region size 1024K, 1 young (1024K), 0 survivors (0K)
 Metaspace       used 76023K, committed 76608K, reserved 1179648K
  class space    used 10429K, committed 10688K, reserved 1048576K
}
Event: 6209.110 GC heap after
{Heap after GC invocations=1551 (full 117):
 garbage-first heap   total 317440K, used 93544K [0x00000000c0000000, 0x0000000100000000)
  region size 1024K, 0 young (0K), 0 survivors (0K)
 Metaspace       used 76023K, committed 76608K, reserved 1179648K
  class space    used 10429K, committed 10688K, reserved 1048576K
}
Event: 6219.233 GC heap before
{Heap before GC invocations=1551 (full 117):
 garbage-first heap   total 317440K, used 93544K [0x00000000c0000000, 0x0000000100000000)
  region size 1024K, 1 young (1024K), 0 survivors (0K)
 Metaspace       used 76023K, committed 76608K, reserved 1179648K
  class space    used 10429K, committed 10688K, reserved 1048576K
}
Event: 6219.282 GC heap after
{Heap after GC invocations=1552 (full 118):
 garbage-first heap   total 317440K, used 93544K [0x00000000c0000000, 0x0000000100000000)
  region size 1024K, 0 young (0K), 0 survivors (0K)
 Metaspace       used 76023K, committed 76608K, reserved 1179648K
  class space    used 10429K, committed 10688K, reserved 1048576K
}
Event: 6229.402 GC heap before
{Heap before GC invocations=1552 (full 118):
 garbage-first heap   total 317440K, used 93544K [0x00000000c0000000, 0x0000000100000000)
  region size 1024K, 1 young (1024K), 0 survivors (0K)
 Metaspace       used 76023K, committed 76608K, reserved 1179648K
  class space    used 10429K, committed 10688K, reserved 1048576K
}
Event: 6229.449 GC heap after
{Heap after GC invocations=1553 (full 119):
 garbage-first heap   total 317440K, used 93544K [0x00000000c0000000, 0x0000000100000000)
  region size 1024K, 0 young (0K), 0 survivors (0K)
 Metaspace       used 76023K, committed 76608K, reserved 1179648K
  class space    used 10429K, committed 10688K, reserved 1048576K
}
Event: 6239.585 GC heap before
{Heap before GC invocations=1553 (full 119):
 garbage-first heap   total 317440K, used 93544K [0x00000000c0000000, 0x0000000100000000)
  region size 1024K, 1 young (1024K), 0 survivors (0K)
 Metaspace       used 76023K, committed 76608K, reserved 1179648K
  class space    used 10429K, committed 10688K, reserved 1048576K
}
Event: 6239.635 GC heap after
{Heap after GC invocations=1554 (full 120):
 garbage-first heap   total 317440K, used 93544K [0x00000000c0000000, 0x0000000100000000)
  region size 1024K, 0 young (0K), 0 survivors (0K)
 Metaspace       used 76023K, committed 76608K, reserved 1179648K
  class space    used 10429K, committed 10688K, reserved 1048576K
}
Event: 6249.751 GC heap before
{Heap before GC invocations=1554 (full 120):
 garbage-first heap   total 317440K, used 93544K [0x00000000c0000000, 0x0000000100000000)
  region size 1024K, 1 young (1024K), 0 survivors (0K)
 Metaspace       used 76023K, committed 76608K, reserved 1179648K
  class space    used 10429K, committed 10688K, reserved 1048576K
}
Event: 6249.797 GC heap after
{Heap after GC invocations=1555 (full 121):
 garbage-first heap   total 317440K, used 93544K [0x00000000c0000000, 0x0000000100000000)
  region size 1024K, 0 young (0K), 0 survivors (0K)
 Metaspace       used 76023K, committed 76608K, reserved 1179648K
  class space    used 10429K, committed 10688K, reserved 1048576K
}

